Log file open, 12/24/16 21:18:06
LogInit:Display: Running engine for game: Unreal2DRunner3
LogPlatformFile: Not using cached read wrapper
LogInit:Display: RandInit(1779296721) SRandInit(1779296721).
LogTaskGraph: Started task graph with 5 named threads and 8 total threads with 1 sets of task threads.
LogStats: Stats thread started at 0.066251
LogPluginManager: Loaded Plugin Paper2D, From D:/Program Files (x86)/Epic Games/4.14/Engine/Plugins/2D/Paper2D/Paper2D.uplugin
LogPluginManager: Loaded Plugin LightPropagationVolume, From D:/Program Files (x86)/Epic Games/4.14/Engine/Plugins/Blendables/LightPropagationVolume/LightPropagationVolume.uplugin
LogPluginManager: Loaded Plugin BlankPlugin, From D:/Program Files (x86)/Epic Games/4.14/Engine/Plugins/Developer/BlankPlugin/BlankPlugin.uplugin
LogPluginManager: Loaded Plugin CodeLiteSourceCodeAccess, From D:/Program Files (x86)/Epic Games/4.14/Engine/Plugins/Developer/CodeLiteSourceCodeAccess/CodeLiteSourceCodeAccess.uplugin
LogPluginManager: Loaded Plugin GitSourceControl, From D:/Program Files (x86)/Epic Games/4.14/Engine/Plugins/Developer/GitSourceControl/GitSourceControl.uplugin
LogPluginManager: Loaded Plugin KDevelopSourceCodeAccess, From D:/Program Files (x86)/Epic Games/4.14/Engine/Plugins/Developer/KDevelopSourceCodeAccess/KDevelopSourceCodeAccess.uplugin
LogPluginManager: Loaded Plugin NullSourceCodeAccess, From D:/Program Files (x86)/Epic Games/4.14/Engine/Plugins/Developer/NullSourceCodeAccess/NullSourceCodeAccess.uplugin
LogPluginManager: Loaded Plugin OneSkyLocalizationService, From D:/Program Files (x86)/Epic Games/4.14/Engine/Plugins/Developer/OneSkyLocalizationService/OneSkyLocalizationService.uplugin
LogPluginManager: Loaded Plugin PerforceSourceControl, From D:/Program Files (x86)/Epic Games/4.14/Engine/Plugins/Developer/PerforceSourceControl/PerforceSourceControl.uplugin
LogPluginManager: Loaded Plugin SubversionSourceControl, From D:/Program Files (x86)/Epic Games/4.14/Engine/Plugins/Developer/SubversionSourceControl/SubversionSourceControl.uplugin
LogPluginManager: Loaded Plugin UObjectPlugin, From D:/Program Files (x86)/Epic Games/4.14/Engine/Plugins/Developer/UObjectPlugin/UObjectPlugin.uplugin
LogPluginManager: Loaded Plugin VisualStudioSourceCodeAccess, From D:/Program Files (x86)/Epic Games/4.14/Engine/Plugins/Developer/VisualStudioSourceCodeAccess/VisualStudioSourceCodeAccess.uplugin
LogPluginManager: Loaded Plugin XCodeSourceCodeAccess, From D:/Program Files (x86)/Epic Games/4.14/Engine/Plugins/Developer/XCodeSourceCodeAccess/XCodeSourceCodeAccess.uplugin
LogPluginManager: Loaded Plugin AudioCapture, From D:/Program Files (x86)/Epic Games/4.14/Engine/Plugins/Editor/AudioCapture/AudioCapture.uplugin
LogPluginManager: Loaded Plugin EpicSurvey, From D:/Program Files (x86)/Epic Games/4.14/Engine/Plugins/Editor/EpicSurvey/EpicSurvey.uplugin
LogPluginManager: Loaded Plugin MacGraphicsSwitching, From D:/Program Files (x86)/Epic Games/4.14/Engine/Plugins/Editor/MacGraphicsSwitching/MacGraphicsSwitching.uplugin
LogPluginManager: Loaded Plugin MobileLauncherProfileWizard, From D:/Program Files (x86)/Epic Games/4.14/Engine/Plugins/Editor/MobileLauncherProfileWizard/MobileLauncherProfileWizard.uplugin
LogPluginManager: Loaded Plugin PluginBrowser, From D:/Program Files (x86)/Epic Games/4.14/Engine/Plugins/Editor/PluginBrowser/PluginBrowser.uplugin
LogPluginManager: Loaded Plugin SpeedTreeImporter, From D:/Program Files (x86)/Epic Games/4.14/Engine/Plugins/Editor/SpeedTreeImporter/SpeedTreeImporter.uplugin
LogPluginManager: Loaded Plugin SuperSearchEditor, From D:/Program Files (x86)/Epic Games/4.14/Engine/Plugins/Editor/SuperSearchEditor/SuperSearchEditor.uplugin
LogPluginManager: Loaded Plugin AlembicImporter, From D:/Program Files (x86)/Epic Games/4.14/Engine/Plugins/Experimental/AlembicImporter/AlembicImporter.uplugin
LogPluginManager: Loaded Plugin BlueprintStats, From D:/Program Files (x86)/Epic Games/4.14/Engine/Plugins/Experimental/BlueprintStats/BlueprintStats.uplugin
LogPluginManager: Loaded Plugin CharacterAI, From D:/Program Files (x86)/Epic Games/4.14/Engine/Plugins/Experimental/CharacterAI/CharacterAI.uplugin
LogPluginManager: Loaded Plugin CodeEditor, From D:/Program Files (x86)/Epic Games/4.14/Engine/Plugins/Experimental/CodeEditor/CodeEditor.uplugin
LogPluginManager: Loaded Plugin CodeView, From D:/Program Files (x86)/Epic Games/4.14/Engine/Plugins/Experimental/CodeView/CodeView.uplugin
LogPluginManager: Loaded Plugin HTML5Networking, From D:/Program Files (x86)/Epic Games/4.14/Engine/Plugins/Experimental/HTML5Networking/HTML5Networking.uplugin
LogPluginManager: Loaded Plugin OSVR, From D:/Program Files (x86)/Epic Games/4.14/Engine/Plugins/Experimental/OSVR/OSVR.uplugin
LogPluginManager: Loaded Plugin Phya, From D:/Program Files (x86)/Epic Games/4.14/Engine/Plugins/Experimental/Phya/Phya.uplugin
LogPluginManager: Loaded Plugin SignificanceManager, From D:/Program Files (x86)/Epic Games/4.14/Engine/Plugins/Experimental/SignificanceManager/SignificanceManager.uplugin
LogPluginManager: Loaded Plugin SimpleHMD, From D:/Program Files (x86)/Epic Games/4.14/Engine/Plugins/Experimental/SimpleHMD/SimpleHMD.uplugin
LogPluginManager: Loaded Plugin StereoPanorama, From D:/Program Files (x86)/Epic Games/4.14/Engine/Plugins/Experimental/StereoPanorama/StereoPanorama.uplugin
LogPluginManager: Loaded Plugin StructBox, From D:/Program Files (x86)/Epic Games/4.14/Engine/Plugins/Experimental/StructBox/StructBox.uplugin
LogPluginManager: Loaded Plugin AndroidMedia, From D:/Program Files (x86)/Epic Games/4.14/Engine/Plugins/Media/AndroidMedia/AndroidMedia.uplugin
LogPluginManager: Loaded Plugin AvfMedia, From D:/Program Files (x86)/Epic Games/4.14/Engine/Plugins/Media/AvfMedia/AvfMedia.uplugin
LogPluginManager: Loaded Plugin MediaPlayerEditor, From D:/Program Files (x86)/Epic Games/4.14/Engine/Plugins/Media/MediaPlayerEditor/MediaPlayerEditor.uplugin
LogPluginManager: Loaded Plugin WmfMedia, From D:/Program Files (x86)/Epic Games/4.14/Engine/Plugins/Media/WmfMedia/WmfMedia.uplugin
LogPluginManager: Loaded Plugin MessagingDebugger, From D:/Program Files (x86)/Epic Games/4.14/Engine/Plugins/Messaging/MessagingDebugger/MessagingDebugger.uplugin
LogPluginManager: Loaded Plugin TcpMessaging, From D:/Program Files (x86)/Epic Games/4.14/Engine/Plugins/Messaging/TcpMessaging/TcpMessaging.uplugin
LogPluginManager: Loaded Plugin UdpMessaging, From D:/Program Files (x86)/Epic Games/4.14/Engine/Plugins/Messaging/UdpMessaging/UdpMessaging.uplugin
LogPluginManager: Loaded Plugin LevelSequenceEditor, From D:/Program Files (x86)/Epic Games/4.14/Engine/Plugins/MovieScene/LevelSequenceEditor/LevelSequenceEditor.uplugin
LogPluginManager: Loaded Plugin MatineeToLevelSequence, From D:/Program Files (x86)/Epic Games/4.14/Engine/Plugins/MovieScene/MatineeToLevelSequence/MatineeToLevelSequence.uplugin
LogPluginManager: Loaded Plugin NetcodeUnitTest, From D:/Program Files (x86)/Epic Games/4.14/Engine/Plugins/NetcodeUnitTest/NetcodeUnitTest/NetcodeUnitTest.uplugin
LogPluginManager: Loaded Plugin NUTUnrealEngine4, From D:/Program Files (x86)/Epic Games/4.14/Engine/Plugins/NetcodeUnitTest/NUTUnrealEngine4/NUTUnrealEngine4.uplugin
LogPluginManager: Loaded Plugin OnlineSubsystemGameCircle, From D:/Program Files (x86)/Epic Games/4.14/Engine/Plugins/Online/Android/OnlineSubsystemGameCircle/OnlineSubsystemGameCircle.uplugin
LogPluginManager: Loaded Plugin OnlineSubsystemGooglePlay, From D:/Program Files (x86)/Epic Games/4.14/Engine/Plugins/Online/Android/OnlineSubsystemGooglePlay/OnlineSubsystemGooglePlay.uplugin
LogPluginManager: Loaded Plugin OnlineSubsystemIOS, From D:/Program Files (x86)/Epic Games/4.14/Engine/Plugins/Online/IOS/OnlineSubsystemIOS/OnlineSubsystemIOS.uplugin
LogPluginManager: Loaded Plugin OnlineFramework, From D:/Program Files (x86)/Epic Games/4.14/Engine/Plugins/Online/OnlineFramework/OnlineFramework.uplugin
LogPluginManager: Loaded Plugin OnlineSubsystem, From D:/Program Files (x86)/Epic Games/4.14/Engine/Plugins/Online/OnlineSubsystem/OnlineSubsystem.uplugin
LogPluginManager: Loaded Plugin OnlineSubsystemAmazon, From D:/Program Files (x86)/Epic Games/4.14/Engine/Plugins/Online/OnlineSubsystemAmazon/OnlineSubsystemAmazon.uplugin
LogPluginManager: Loaded Plugin OnlineSubsystemFacebook, From D:/Program Files (x86)/Epic Games/4.14/Engine/Plugins/Online/OnlineSubsystemFacebook/OnlineSubsystemFacebook.uplugin
LogPluginManager: Loaded Plugin OnlineSubsystemNull, From D:/Program Files (x86)/Epic Games/4.14/Engine/Plugins/Online/OnlineSubsystemNull/OnlineSubsystemNull.uplugin
LogPluginManager: Loaded Plugin OnlineSubsystemOculus, From D:/Program Files (x86)/Epic Games/4.14/Engine/Plugins/Online/OnlineSubsystemOculus/OnlineSubsystemOculus.uplugin
LogPluginManager: Loaded Plugin OnlineSubsystemSteam, From D:/Program Files (x86)/Epic Games/4.14/Engine/Plugins/Online/OnlineSubsystemSteam/OnlineSubsystemSteam.uplugin
LogPluginManager: Loaded Plugin OnlineSubsystemUtils, From D:/Program Files (x86)/Epic Games/4.14/Engine/Plugins/Online/OnlineSubsystemUtils/OnlineSubsystemUtils.uplugin
LogPluginManager: Loaded Plugin IOSTapJoy, From D:/Program Files (x86)/Epic Games/4.14/Engine/Plugins/Runtime/Advertising/IOSTapJoy/IOSTapJoy.uplugin
LogPluginManager: Loaded Plugin AnalyticsBlueprintLibrary, From D:/Program Files (x86)/Epic Games/4.14/Engine/Plugins/Runtime/Analytics/AnalyticsBlueprintLibrary/AnalyticsBlueprintLibrary.uplugin
LogPluginManager: Loaded Plugin AnalyticsMulticast, From D:/Program Files (x86)/Epic Games/4.14/Engine/Plugins/Runtime/Analytics/AnalyticsMulticast/AnalyticsMulticast.uplugin
LogPluginManager: Loaded Plugin Apsalar, From D:/Program Files (x86)/Epic Games/4.14/Engine/Plugins/Runtime/Analytics/Apsalar/Apsalar.uplugin
LogPluginManager: Loaded Plugin FileLogging, From D:/Program Files (x86)/Epic Games/4.14/Engine/Plugins/Runtime/Analytics/FileLogging/FileLogging.uplugin
LogPluginManager: Loaded Plugin Flurry, From D:/Program Files (x86)/Epic Games/4.14/Engine/Plugins/Runtime/Analytics/Flurry/Flurry.uplugin
LogPluginManager: Loaded Plugin AndroidDeviceProfileSelector, From D:/Program Files (x86)/Epic Games/4.14/Engine/Plugins/Runtime/AndroidDeviceProfileSelector/AndroidDeviceProfileSelector.uplugin
LogPluginManager: Loaded Plugin AndroidMoviePlayer, From D:/Program Files (x86)/Epic Games/4.14/Engine/Plugins/Runtime/AndroidMoviePlayer/AndroidMoviePlayer.uplugin
LogPluginManager: Loaded Plugin AppleMoviePlayer, From D:/Program Files (x86)/Epic Games/4.14/Engine/Plugins/Runtime/AppleMoviePlayer/AppleMoviePlayer.uplugin
LogPluginManager: Loaded Plugin ArchVisCharacter, From D:/Program Files (x86)/Epic Games/4.14/Engine/Plugins/Runtime/ArchVisCharacter/ArchVisCharacter.uplugin
LogPluginManager: Loaded Plugin CableComponent, From D:/Program Files (x86)/Epic Games/4.14/Engine/Plugins/Runtime/CableComponent/CableComponent.uplugin
LogPluginManager: Loaded Plugin CustomMeshComponent, From D:/Program Files (x86)/Epic Games/4.14/Engine/Plugins/Runtime/CustomMeshComponent/CustomMeshComponent.uplugin
LogPluginManager: Loaded Plugin ExampleDeviceProfileSelector, From D:/Program Files (x86)/Epic Games/4.14/Engine/Plugins/Runtime/ExampleDeviceProfileSelector/ExampleDeviceProfileSelector.uplugin
LogPluginManager: Loaded Plugin GearVR, From D:/Program Files (x86)/Epic Games/4.14/Engine/Plugins/Runtime/GearVR/GearVR.uplugin
LogPluginManager: Loaded Plugin GoogleVRController, From D:/Program Files (x86)/Epic Games/4.14/Engine/Plugins/Runtime/GoogleVR/GoogleVRController/GoogleVRController.uplugin
LogPluginManager: Loaded Plugin GoogleVRHMD, From D:/Program Files (x86)/Epic Games/4.14/Engine/Plugins/Runtime/GoogleVR/GoogleVRHMD/GoogleVRHMD.uplugin
LogPluginManager: Loaded Plugin IOSDeviceProfileSelector, From D:/Program Files (x86)/Epic Games/4.14/Engine/Plugins/Runtime/IOSDeviceProfileSelector/IOSDeviceProfileSelector.uplugin
LogPluginManager: Loaded Plugin LeapMotion, From D:/Program Files (x86)/Epic Games/4.14/Engine/Plugins/Runtime/LeapMotion/LeapMotion.uplugin
LogPluginManager: Loaded Plugin LinuxDeviceProfileSelector, From D:/Program Files (x86)/Epic Games/4.14/Engine/Plugins/Runtime/LinuxDeviceProfileSelector/LinuxDeviceProfileSelector.uplugin
LogPluginManager: Loaded Plugin MIDIDevice, From D:/Program Files (x86)/Epic Games/4.14/Engine/Plugins/Runtime/MIDIDevice/MIDIDevice.uplugin
LogPluginManager: Loaded Plugin MobilePatchingUtils, From D:/Program Files (x86)/Epic Games/4.14/Engine/Plugins/Runtime/MobilePatchingUtils/MobilePatchingUtils.uplugin
LogPluginManager: Loaded Plugin Ansel, From D:/Program Files (x86)/Epic Games/4.14/Engine/Plugins/Runtime/Nvidia/Ansel/Ansel.uplugin
LogPluginManager: Loaded Plugin OculusAudio, From D:/Program Files (x86)/Epic Games/4.14/Engine/Plugins/Runtime/OculusAudio/OculusAudio.uplugin
LogPluginManager: Loaded Plugin OculusInput, From D:/Program Files (x86)/Epic Games/4.14/Engine/Plugins/Runtime/OculusInput/OculusInput.uplugin
LogPluginManager: Loaded Plugin OculusLibrary, From D:/Program Files (x86)/Epic Games/4.14/Engine/Plugins/Runtime/OculusLibrary/OculusLibrary.uplugin
LogPluginManager: Loaded Plugin OculusRift, From D:/Program Files (x86)/Epic Games/4.14/Engine/Plugins/Runtime/OculusRift/OculusRift.uplugin
LogPluginManager: Loaded Plugin Oodle, From D:/Program Files (x86)/Epic Games/4.14/Engine/Plugins/Runtime/PacketHandlers/CompressionComponents/Oodle/Oodle.uplugin
LogPluginManager: Loaded Plugin ProceduralMeshComponent, From D:/Program Files (x86)/Epic Games/4.14/Engine/Plugins/Runtime/ProceduralMeshComponent/ProceduralMeshComponent.uplugin
LogPluginManager: Loaded Plugin SoundMod, From D:/Program Files (x86)/Epic Games/4.14/Engine/Plugins/Runtime/SoundMod/SoundMod.uplugin
LogPluginManager: Loaded Plugin SoundVisualizations, From D:/Program Files (x86)/Epic Games/4.14/Engine/Plugins/Runtime/SoundVisualizations/SoundVisualizations.uplugin
LogPluginManager: Loaded Plugin SteamController, From D:/Program Files (x86)/Epic Games/4.14/Engine/Plugins/Runtime/Steam/SteamController/SteamController.uplugin
LogPluginManager: Loaded Plugin SteamVR, From D:/Program Files (x86)/Epic Games/4.14/Engine/Plugins/Runtime/Steam/SteamVR/SteamVR.uplugin
LogPluginManager: Loaded Plugin WebBrowserWidget, From D:/Program Files (x86)/Epic Games/4.14/Engine/Plugins/Runtime/WebBrowserWidget/WebBrowserWidget.uplugin
LogPluginManager: Loaded Plugin WindowsDeviceProfileSelector, From D:/Program Files (x86)/Epic Games/4.14/Engine/Plugins/Runtime/WindowsDeviceProfileSelector/WindowsDeviceProfileSelector.uplugin
LogPluginManager: Loaded Plugin WindowsMoviePlayer, From D:/Program Files (x86)/Epic Games/4.14/Engine/Plugins/Runtime/WindowsMoviePlayer/WindowsMoviePlayer.uplugin
LogPluginManager: Loaded Plugin ScriptPlugin, From D:/Program Files (x86)/Epic Games/4.14/Engine/Plugins/ScriptPlugin/ScriptPlugin.uplugin
LogPluginManager: Loaded Plugin SlateRemote, From D:/Program Files (x86)/Epic Games/4.14/Engine/Plugins/Slate/SlateRemote/SlateRemote.uplugin
LogPluginManager: Loaded Plugin EditorTests, From D:/Program Files (x86)/Epic Games/4.14/Engine/Plugins/Tests/EditorTests/EditorTests.uplugin
LogPluginManager: Loaded Plugin FbxAutomationTestBuilder, From D:/Program Files (x86)/Epic Games/4.14/Engine/Plugins/Tests/FbxAutomationTestBuilder/FbxAutomationTestBuilder.uplugin
LogPluginManager: Loaded Plugin FunctionalTestingEditor, From D:/Program Files (x86)/Epic Games/4.14/Engine/Plugins/Tests/FunctionalTestingEditor/FunctionalTestingEditor.uplugin
LogPluginManager: Loaded Plugin RuntimeTests, From D:/Program Files (x86)/Epic Games/4.14/Engine/Plugins/Tests/RuntimeTests/RuntimeTests.uplugin
LogPluginManager: Loaded Plugin ScreenshotTools, From D:/Program Files (x86)/Epic Games/4.14/Engine/Plugins/Tests/ScreenshotTools/ScreenshotTools.uplugin
LogPluginManager: Loaded Plugin UnrealEnginePython, From D:/Users/matvey/Documents/UnrealProjects/Unreal2DRunner/Plugins/UnrealEnginePython/UnrealEnginePython.uplugin
LogInit: Using libcurl 7.47.1
LogInit:  - built for x86_64-pc-win32
LogInit:  - supports SSL with OpenSSL/1.0.2g
LogInit:  - supports HTTP deflate (compression) using libz 1.2.8
LogInit:  - other features:
LogInit:      CURL_VERSION_SSL
LogInit:      CURL_VERSION_LIBZ
LogInit:      CURL_VERSION_IPV6
LogInit:      CURL_VERSION_ASYNCHDNS
LogInit:      CURL_VERSION_LARGEFILE
LogInit:      CURL_VERSION_IDN
LogInit:  CurlRequestOptions (configurable via config and command line):
LogInit:  - bVerifyPeer = false  - Libcurl will NOT verify peer certificate
LogInit:  - bUseHttpProxy = false  - Libcurl will NOT use HTTP proxy
LogInit:  - bDontReuseConnections = false  - Libcurl will reuse connections
LogInit:  - CertBundlePath = nullptr  - Libcurl will use whatever was configured at build time.
LogInit: Build: ++UE4+Release-4.14-CL-3224400
LogInit: Engine Version: 4.14.1-3224400+++UE4+Release-4.14
LogInit: Compatible Engine Version: 4.14.0-3195953+++UE4+Release-4.14
LogInit: Net CL: 3195953
LogDevObjectVersion: Number of dev versions registered: 13
LogDevObjectVersion:   Dev-Blueprints (B0D832E4-1F89-4F0D-ACCF-7EB736FD4AA2): 7
LogDevObjectVersion:   Dev-Build (E1C64328-A22C-4D53-A36C-8E866417BD8C): 0
LogDevObjectVersion:   Dev-Core (375EC13C-06E4-48FB-B500-84F0262A717E): 1
LogDevObjectVersion:   Dev-Editor (E4B068ED-F494-42E9-A231-DA0B2E46BB41): 8
LogDevObjectVersion:   Dev-Framework (CFFC743F-43B0-4480-9391-14DF171D2073): 17
LogDevObjectVersion:   Dev-Mobile (B02B49B5-BB20-44E9-A304-32B752E40360): 0
LogDevObjectVersion:   Dev-Networking (A4E4105C-59A1-49B5-A7C5-40C4547EDFEE): 0
LogDevObjectVersion:   Dev-Online (39C831C9-5AE6-47DC-9A44-9C173E1C8E7C): 0
LogDevObjectVersion:   Dev-Physics (78F01B33-EBEA-4F98-B9B4-84EACCB95AA2): 0
LogDevObjectVersion:   Dev-Platform (6631380F-2D4D-43E0-8009-CF276956A95A): 0
LogDevObjectVersion:   Dev-Rendering (12F88B9F-8875-4AFC-A67C-D90C383ABD29): 12
LogDevObjectVersion:   Dev-Sequencer (7B5AE74C-D270-4C10-A958-57980B212A5A): 1
LogDevObjectVersion:   Dev-VR (D7296918-1DD6-4BDD-9DE2-64A83CC13884): 0
LogInit: Compiled (64-bit): Dec  7 2016 02:14:32
LogInit: Compiled with Visual C++: 19.00.23026.00
LogInit: Build Configuration: Development
LogInit: Branch Name: ++UE4+Release-4.14
LogInit: Command line:  
LogInit: Base directory: D:/Program Files (x86)/Epic Games/4.14/Engine/Binaries/Win64/
LogInit: Installed Engine Build: 1
LogInit: Presizing for max 8388607 objects, including 0 objects not considered by GC, pre-allocating 0 bytes for permanent pool.
LogInit: Object subsystem initialized
[2016.12.24-18.18.06:609][  0]LogInit: Selected Device Profile: [Windows]
[2016.12.24-18.18.06:609][  0]LogInit: Applying CVar settings loaded from the selected device profile: [Windows]
[2016.12.24-18.18.06:619][  0]LogInit: Computer: DESKTOP-KKUTPK0
[2016.12.24-18.18.06:619][  0]LogInit: User: matvey
[2016.12.24-18.18.06:619][  0]LogInit: CPU Page size=65536, Cores=4
[2016.12.24-18.18.06:619][  0]LogInit: High frequency timer resolution =3.914059 MHz
[2016.12.24-18.18.06:619][  0]LogMemory: Memory total: Physical=16.0GB (16GB approx)
[2016.12.24-18.18.06:619][  0]LogMemory: Platform Memory Stats for Windows
[2016.12.24-18.18.06:619][  0]LogMemory: Process Physical Memory: 265.07 MB used, 265.07 MB peak
[2016.12.24-18.18.06:619][  0]LogMemory: Process Virtual Memory: 262.77 MB used, 262.77 MB peak
[2016.12.24-18.18.06:619][  0]LogMemory: Physical Memory: 5216.57 MB used,  11116.57 MB free, 16333.13 MB total
[2016.12.24-18.18.06:619][  0]LogMemory: Virtual Memory: 675.73 MB used,  11116.57 MB free, 134217728.00 MB total
[2016.12.24-18.18.06:640][  0]LogTextLocalizationManager: No specific translations for ('en-US') exist, so ('en') translations will be used.
[2016.12.24-18.18.07:054][  0]LogD3D11RHI: D3D11 adapters:
[2016.12.24-18.18.07:089][  0]LogD3D11RHI:    0. 'NVIDIA GeForce GTX 1070' (Feature Level 11_0)
[2016.12.24-18.18.07:089][  0]LogD3D11RHI:       8142/0/8166 MB DedicatedVideo/DedicatedSystem/SharedSystem, Outputs:1, VendorId:0x10de
[2016.12.24-18.18.07:089][  0]LogD3D11RHI:    1. 'Microsoft Basic Render Driver' (Feature Level 11_0)
[2016.12.24-18.18.07:089][  0]LogD3D11RHI:       0/0/8166 MB DedicatedVideo/DedicatedSystem/SharedSystem, Outputs:0, VendorId:0x1414
[2016.12.24-18.18.07:089][  0]LogD3D11RHI: Chosen D3D11 Adapter: 0
[2016.12.24-18.18.07:092][  0]LogD3D11RHI: Creating new Direct3DDevice
[2016.12.24-18.18.07:092][  0]LogD3D11RHI:     GPU DeviceId: 0x1b81 (for the marketing name, search the web for "GPU Device Id")
[2016.12.24-18.18.07:092][  0]LogWindows: EnumDisplayDevices:
[2016.12.24-18.18.07:092][  0]LogWindows:    0. 'NVIDIA GeForce GTX 1070' (P:1 D:1)
[2016.12.24-18.18.07:092][  0]LogWindows:    1. 'NVIDIA GeForce GTX 1070' (P:0 D:0)
[2016.12.24-18.18.07:093][  0]LogWindows:    2. 'NVIDIA GeForce GTX 1070' (P:0 D:0)
[2016.12.24-18.18.07:093][  0]LogWindows:    3. 'NVIDIA GeForce GTX 1070' (P:0 D:0)
[2016.12.24-18.18.07:093][  0]LogWindows: DebugString: FoundDriverCount:4 
[2016.12.24-18.18.07:093][  0]LogD3D11RHI:     Adapter Name: NVIDIA GeForce GTX 1070
[2016.12.24-18.18.07:093][  0]LogD3D11RHI:   Driver Version: 369.30 (internal:21.21.13.6930, unified:369.30)
[2016.12.24-18.18.07:093][  0]LogD3D11RHI:      Driver Date: 9-4-2016
[2016.12.24-18.18.07:093][  0]LogRHI: Texture pool is 1361 MB (70% of 1945 MB)
[2016.12.24-18.18.07:108][  0]LogD3D11RHI: Async texture creation enabled
[2016.12.24-18.18.07:117][  0]LogD3D11RHI: GPU Timing Frequency: 1000.000000 (Debug: 2 1)
[2016.12.24-18.18.07:117][  0]LogShaderCompilers: Guid format shader working directory is -23 characters bigger than the processId version (../../../../../../Users/matvey/Documents/UnrealProjects/Unreal2DRunner/Intermediate/Shaders/WorkingDirectory/4464/).
[2016.12.24-18.18.07:117][  0]LogShaderCompilers: Cleaned the shader compiler working directory 'C:/Users/matvey/AppData/Local/Temp/UnrealShaderWorkingDir/7D1495444B5644CF1D6113ABEE6E4755/'.
[2016.12.24-18.18.07:117][  0]LogShaderCompilers:Display: Using Local Shader Compiler.
[2016.12.24-18.18.09:775][  0]LogTemp:Display: Loaded TP AllDesktopTargetPlatform
[2016.12.24-18.18.09:812][  0]LogTemp:Display: Loaded TP MacClientTargetPlatform
[2016.12.24-18.18.09:849][  0]LogTemp:Display: Loaded TP MacNoEditorTargetPlatform
[2016.12.24-18.18.09:886][  0]LogTemp:Display: Loaded TP MacServerTargetPlatform
[2016.12.24-18.18.09:923][  0]LogTemp:Display: Loaded TP MacTargetPlatform
[2016.12.24-18.18.09:960][  0]LogTemp:Display: Loaded TP WindowsClientTargetPlatform
[2016.12.24-18.18.09:996][  0]LogTemp:Display: Loaded TP WindowsNoEditorTargetPlatform
[2016.12.24-18.18.10:032][  0]LogTemp:Display: Loaded TP WindowsServerTargetPlatform
[2016.12.24-18.18.10:062][  0]LogTemp:Display: Loaded TP WindowsTargetPlatform
[2016.12.24-18.18.10:098][  0]LogTemp:Display: Loaded TP AndroidTargetPlatform
[2016.12.24-18.18.10:134][  0]LogTemp:Display: Loaded TP Android_ASTCTargetPlatform
[2016.12.24-18.18.10:169][  0]LogTemp:Display: Loaded TP Android_ATCTargetPlatform
[2016.12.24-18.18.10:205][  0]LogTemp:Display: Loaded TP Android_DXTTargetPlatform
[2016.12.24-18.18.10:241][  0]LogTemp:Display: Loaded TP Android_ETC1TargetPlatform
[2016.12.24-18.18.10:277][  0]LogTemp:Display: Loaded TP Android_ETC2TargetPlatform
[2016.12.24-18.18.10:349][  0]LogTemp:Display: Loaded TP Android_MultiTargetPlatform
[2016.12.24-18.18.10:349][  0]LogTemp:Display: Loaded TP Android_PVRTCTargetPlatform
[2016.12.24-18.18.10:374][  0]LogTemp:Display: Loaded TP HTML5TargetPlatform
[2016.12.24-18.18.10:435][  0]LogTemp:Display: Loaded TP IOSTargetPlatform
[2016.12.24-18.18.10:459][  0]LogTemp:Display: Loaded TP TVOSTargetPlatform
[2016.12.24-18.18.10:496][  0]LogTemp:Display: Loaded TP LinuxClientTargetPlatform
[2016.12.24-18.18.10:533][  0]LogTemp:Display: Loaded TP LinuxNoEditorTargetPlatform
[2016.12.24-18.18.10:570][  0]LogTemp:Display: Loaded TP LinuxServerTargetPlatform
[2016.12.24-18.18.10:607][  0]LogTemp:Display: Loaded TP LinuxTargetPlatform
[2016.12.24-18.18.10:607][  0]LogTargetPlatformManager:Display: Building Assets For Windows
[2016.12.24-18.18.10:874][  0]LogDerivedDataCache:Display: Max Cache Size: 512 MB
[2016.12.24-18.18.10:914][  0]LogDerivedDataCache: Loaded boot cache 0.04s 50MB C:/Users/matvey/AppData/Local/UnrealEngine/4.14/DerivedDataCache/Boot.ddc.
[2016.12.24-18.18.10:914][  0]LogDerivedDataCache:Display: Loaded Boot cache: C:/Users/matvey/AppData/Local/UnrealEngine/4.14/DerivedDataCache/Boot.ddc
[2016.12.24-18.18.10:914][  0]LogDerivedDataCache: FDerivedDataBackendGraph:  Pak pak cache file ../../../../../../Users/matvey/Documents/UnrealProjects/Unreal2DRunner/DerivedDataCache/DDC.ddp not found, will not use a pak cache.
[2016.12.24-18.18.10:914][  0]LogDerivedDataCache: Unable to find inner node Pak for hierarchical cache Hierarchy.
[2016.12.24-18.18.10:914][  0]LogDerivedDataCache: FDerivedDataBackendGraph:  CompressedPak pak cache file ../../../../../../Users/matvey/Documents/UnrealProjects/Unreal2DRunner/DerivedDataCache/Compressed.ddp not found, will not use a pak cache.
[2016.12.24-18.18.10:914][  0]LogDerivedDataCache: Unable to find inner node CompressedPak for hierarchical cache Hierarchy.
[2016.12.24-18.18.10:927][  0]LogDerivedDataCache:Display: Pak cache opened for reading ../../../Engine/DerivedDataCache/Compressed.ddp.
[2016.12.24-18.18.10:939][  0]LogDerivedDataCache: Using Local data cache path C:/Users/matvey/AppData/Local/UnrealEngine/Common/DerivedDataCache: Writable
[2016.12.24-18.18.11:077][  0]LogInit: Selected Device Profile: [Windows]
[2016.12.24-18.18.11:079][  0]LogContentStreaming: Texture pool size is 0.00 MB
[2016.12.24-18.18.11:216][  0]LogMeshUtilities: Using QuadricMeshReduction for automatic static mesh reduction
[2016.12.24-18.18.11:244][  0]LogSimplygon: Simplygon DLL not present - disabling.
[2016.12.24-18.18.11:275][  0]LogMeshUtilities: Using SimplygonSwarm for distributed automatic mesh merging
[2016.12.24-18.18.11:275][  0]LogMeshUtilities: No automatic skeletal mesh reduction module available
[2016.12.24-18.18.11:275][  0]LogMeshUtilities: No automatic mesh merging module available
[2016.12.24-18.18.11:628][  0]LogNetVersion: GetLocalNetworkVersion: CL: 3195953, ProjectName: unreal2drunner3, ProjectVersion: , EngineNetworkVersion: 2, GameNetworkVersion: 0, NetworkChecksum: 3246814908
[2016.12.24-18.18.11:674][  0]LogAssetRegistry: FAssetRegistry took 0.0222 seconds to start up
[2016.12.24-18.18.11:689][  0]LogDirectoryWatcher:Warning: Failed to begin reading directory changes for ../../../../../../Users/matvey/Documents/UnrealProjects/Unreal2DRunner/Plugins/UnrealEnginePython/Content/. Error: The system cannot find the file specified. (0x00000002)
[2016.12.24-18.18.11:715][  0]LogPackageLocalizationCache: Processed 4 localized package path(s) for 2 prioritized culture(s) in 0.025059 seconds
[2016.12.24-18.18.11:719][  0]LogUObjectArray: 31946 objects as part of root set at end of initial load.
[2016.12.24-18.18.11:719][  0]LogUObjectAllocator: 6935848 out of 0 bytes used by permanent object pool.
[2016.12.24-18.18.11:719][  0]LogUObjectArray: CloseDisregardForGC: 0/0 objects in disregard for GC pool
[2016.12.24-18.18.11:759][  0]LogInit: WinSock: version 1.1 (2.2), MaxSocks=32767, MaxUdp=65467
[2016.12.24-18.18.12:232][  0]LogSlate: Using Freetype 2.6.0
[2016.12.24-18.18.12:233][  0]LogSlate: SlateFontCache - WITH_FREETYPE: 1, WITH_HARFBUZZ: 1
[2016.12.24-18.18.12:233][  0]LogSlate: SlateFontCache - WITH_FREETYPE: 1, WITH_HARFBUZZ: 1
[2016.12.24-18.18.12:766][  0]LogTcpMessaging: Initializing TcpMessaging bridge
[2016.12.24-18.18.12:794][  0]LogUdpMessaging: Initializing bridge on interface 0.0.0.0:0 to multicast group 230.0.0.1:6666.
[2016.12.24-18.18.12:905][  0]LogPython: Python VM initialized: 3.5.2 |Anaconda custom (64-bit)| (default, Jul  5 2016, 11:41:13) [MSC v.1900 64 bit (AMD64)]
[2016.12.24-18.18.12:905][  0]LogPython: Python Scripts search path: ../../../../../../Users/matvey/Documents/UnrealProjects/Unreal2DRunner/Content/Scripts
[2016.12.24-18.18.12:905][  0]LogPython:Error: No module named 'ue_site'
[2016.12.24-18.18.13:096][  0]LogMaterial: Uniform references updated for custom material expression Custom.
[2016.12.24-18.18.13:351][  0]SourceControl: Info Source control is disabled
[2016.12.24-18.18.13:352][  0]SourceControl: Info Source control is disabled
[2016.12.24-18.18.13:382][  0]SourceControl: Info Source control is disabled
[2016.12.24-18.18.13:411][  0]SourceControl: Info Source control is disabled
[2016.12.24-18.18.14:255][  0]LogEngine: Initializing Engine...
[2016.12.24-18.18.14:255][  0]LogHMD: Failed to initialize OpenVR with code 110
[2016.12.24-18.18.14:417][  0]LogAIModule: Creating AISystem for world Untitled
[2016.12.24-18.18.14:424][  0]LogInit: XAudio2 using 'Headphones (High Definition Audio Device)' : 2 channels at 44.1 kHz using 16 bits per sample (channel mask 0x3)
[2016.12.24-18.18.14:431][  0]LogInit: FAudioDevice initialized.
[2016.12.24-18.18.14:450][  0]LogDerivedDataCache: Saved boot cache 0.02s 50MB C:/Users/matvey/AppData/Local/UnrealEngine/4.14/DerivedDataCache/Boot.ddc.
[2016.12.24-18.18.14:456][  0]LogInit: Texture streaming: Enabled
[2016.12.24-18.18.14:586][  0]LogWindowsTextInputMethodSystem:Display: IME system now deactivated.
[2016.12.24-18.18.14:608][  0]LogInit: Transaction tracking system initialized
[2016.12.24-18.18.14:830][  0]BlueprintLog: New page: Editor Load
[2016.12.24-18.18.15:410][  0]LocalizationService: Info Localization service is disabled
[2016.12.24-18.18.15:864][  0]LogConsoleResponse:Display: 
[2016.12.24-18.18.15:967][  0]LogCook:Display: Max memory allowance for cook 16384mb min free memory 0mb
[2016.12.24-18.18.15:967][  0]LogCook:Display: Mobile HDR setting 1
[2016.12.24-18.18.16:296][  0]LogFileCache: Scanning file cache for directory 'D:/Users/matvey/Documents/UnrealProjects/Unreal2DRunner/Content/' took 0.01s
[2016.12.24-18.18.16:608][  0]SourceControl: Info Source control is disabled
[2016.12.24-18.18.16:608][  0]Cmd: MAP LOAD FILE="../../../../../../Users/matvey/Documents/UnrealProjects/Unreal2DRunner/Content/Levels/MainGame_Level.umap" TEMPLATE=0 SHOWPROGRESS=1 FEATURELEVEL=3
[2016.12.24-18.18.16:608][  0]LightingResults: New page: Lighting Build
[2016.12.24-18.18.16:634][  0]MapCheck: New page: Map Check
[2016.12.24-18.18.16:634][  0]LightingResults: New page: Lighting Build
[2016.12.24-18.18.16:853][  0]LogAIModule: Creating AISystem for world MainGame_Level
[2016.12.24-18.18.16:854][  0]LogActorComponent: RegisterComponentWithWorld: (/Game/Levels/MainGame_Level.MainGame_Level:PersistentLevel.WorldSettings.StaticMeshComponent0) Trying to register component with IsPendingKill() == true. Aborting.
[2016.12.24-18.18.16:856][  0]LogEditorServer: Finished looking for orphan Actors (0.000 secs)
[2016.12.24-18.18.16:856][  0]Cmd: MAP CHECKDEP NOCLEARLOG
[2016.12.24-18.18.16:883][  0]MapCheck: Info Map check complete: 0 Error(s), 0 Warning(s), took 26.93ms to complete.
[2016.12.24-18.18.16:883][  0]LogFileHelpers: Loading map 'MainGame_Level' took 0.276
[2016.12.24-18.18.16:989][  0]LogCollectionManager: Loaded 0 collections in 0.000804 seconds
[2016.12.24-18.18.17:051][  0]LogFileCache: Scanning file cache for directory 'D:/Users/matvey/Documents/UnrealProjects/Unreal2DRunner/Saved/Collections/' took 0.01s
[2016.12.24-18.18.17:051][  0]LogFileCache: Scanning file cache for directory 'D:/Users/matvey/Documents/UnrealProjects/Unreal2DRunner/Content/Developers/matvey/Collections/' took 0.01s
[2016.12.24-18.18.17:051][  0]LogFileCache: Scanning file cache for directory 'D:/Users/matvey/Documents/UnrealProjects/Unreal2DRunner/Content/Collections/' took 0.01s
[2016.12.24-18.18.17:051][  0]LogCollectionManager: Rebuilt the GUID cache for 0 collections in 0.000002 seconds
[2016.12.24-18.18.17:058][  0]LogContentBrowser: Native class hierarchy populated in 0.0071 seconds. Added 2202 classes and 435 folders.
[2016.12.24-18.18.17:085][  0]LogStats: UGameplayTagsManager::ConstructGameplayTagTree: Construct from data asset -  0.000 s
[2016.12.24-18.18.17:085][  0]LogStats: UGameplayTagsManager::ConstructGameplayTagTree: GameplayTagTreeChangedEvent.Broadcast -  0.000 s
[2016.12.24-18.18.17:086][  0]LogContentBrowser: Native class hierarchy updated for 'GameplayTags' in 0.0010 seconds. Added 13 classes and 0 folders.
[2016.12.24-18.18.17:126][  0]LogContentBrowser: Native class hierarchy updated for 'WidgetCarousel' in 0.0009 seconds. Added 0 classes and 0 folders.
[2016.12.24-18.18.17:154][  0]LogContentBrowser: Native class hierarchy updated for 'AddContentDialog' in 0.0011 seconds. Added 0 classes and 0 folders.
[2016.12.24-18.18.17:182][  0]LogContentBrowser: Native class hierarchy updated for 'SceneOutliner' in 0.0010 seconds. Added 1 classes and 2 folders.
[2016.12.24-18.18.17:209][  0]LogCrashTracker: Crashtracker disabled due to settings.
[2016.12.24-18.18.17:213][  0]LogUObjectGlobals:Warning: Failed to find object 'Class None.'
[2016.12.24-18.18.17:265][  0]LogContentBrowser: Native class hierarchy updated for 'HierarchicalLODOutliner' in 0.0010 seconds. Added 1 classes and 2 folders.
[2016.12.24-18.18.17:265][  0]LogLoad: (Engine Initialization) Total time: 11.72 seconds
[2016.12.24-18.18.17:265][  0]LogLoad: (Engine Initialization) Total Blueprint compile time: 0.10 seconds
[2016.12.24-18.18.17:265][  0]LogExternalProfiler: Found external profiler: VSPerf
[2016.12.24-18.18.17:265][  0]LogExternalProfiler: Using external profiler: VSPerf
[2016.12.24-18.18.17:297][  0]LogOcInput: OculusInput pre-init called
[2016.12.24-18.18.17:309][  0]LogAssetRegistry: Asset discovery search completed in 5.6571 seconds
[2016.12.24-18.18.17:309][  0]LogCollectionManager: Rebuilt the object cache for 0 collections in 0.000001 seconds (found 0 objects)
[2016.12.24-18.18.17:309][  0]LogCollectionManager: Fixed up redirectors for 0 collections in 0.000016 seconds (updated 0 objects)
[2016.12.24-18.18.17:310][  0]LogContentStreaming: Texture pool size now 1000 MB
[2016.12.24-18.18.17:425][  0]LogRenderer: Reallocating scene render targets to support 1680x100 NumSamples 1 (Frame:2).
[2016.12.24-18.18.21:765][143]LogTemp: Repeting last play command: New Editor Window (PIE)
[2016.12.24-18.18.21:775][143]LogBlueprintUserMessages: Early PlayInEditor Detection: Level '/Game/Levels/MainGame_Level.MainGame_Level:PersistentLevel' has LevelScriptBlueprint '/Game/Levels/MainGame_Level.MainGame_Level:PersistentLevel.MainGame_Level' with GeneratedClass '/Game/Levels/MainGame_Level.MainGame_Level_C' with ClassGeneratedBy '/Game/Levels/MainGame_Level.MainGame_Level:PersistentLevel.MainGame_Level'
[2016.12.24-18.18.21:775][143]LogPlayLevel: PlayLevel: No blueprints needed recompiling
[2016.12.24-18.18.21:775][143]PIE: New page: PIE session: MainGame_Level (Dec 25, 2016, 1:18:21 AM)
[2016.12.24-18.18.21:775][143]LogPlayLevel: Creating play world package: /Game/Levels/UEDPIE_0_MainGame_Level
[2016.12.24-18.18.21:778][143]LogPlayLevel: PIE: StaticDuplicateObject took: (0.002334s)
[2016.12.24-18.18.21:778][143]LogAIModule: Creating AISystem for world MainGame_Level
[2016.12.24-18.18.21:778][143]LogPlayLevel: PIE: World Init took: (0.000539s)
[2016.12.24-18.18.21:779][143]LogPlayLevel: PIE: Created PIE world by copying editor world from /Game/Levels/MainGame_Level.MainGame_Level to /Game/Levels/UEDPIE_0_MainGame_Level.MainGame_Level (0.003192s)
[2016.12.24-18.18.21:796][143]LogInit: XAudio2 using 'Headphones (High Definition Audio Device)' : 2 channels at 44.1 kHz using 16 bits per sample (channel mask 0x3)
[2016.12.24-18.18.21:801][143]LogInit: FAudioDevice initialized.
[2016.12.24-18.18.21:849][143]LogLoad: Game class is 'MyGameMode_C'
[2016.12.24-18.18.21:852][143]LogWorld: Bringing World /Game/Levels/UEDPIE_0_MainGame_Level.MainGame_Level up for play (max tick rate 0) at 2016.12.24-21.18.21
[2016.12.24-18.18.21:852][143]LogWorld: Bringing up level for play took: 0.001762
[2016.12.24-18.18.21:880][143]LogContentBrowser: Native class hierarchy updated for 'MovieSceneCapture' in 0.0010 seconds. Added 11 classes and 0 folders.
[2016.12.24-18.18.21:880][143]LogGameMode:Display: Match State Changed from EnteringMap to WaitingToStart
[2016.12.24-18.18.21:880][143]LogGameState: Match State Changed from EnteringMap to WaitingToStart
[2016.12.24-18.18.21:880][143]LogGameMode:Display: Match State Changed from WaitingToStart to InProgress
[2016.12.24-18.18.22:989][143]LogPython: Python version: 
[2016.12.24-18.18.22:989][143]LogPython: Python version: 
[2016.12.24-18.18.22:989][143]LogPython: Begin Play on PythonAIController class
[2016.12.24-18.18.24:286][143]LogPython: Successfully loaded: D:/Users/matvey/Documents/UnrealProjects/Unreal2DRunner/saved_networks/2DRunner-dqn-140000
[2016.12.24-18.18.24:287][143]LogGameState: Match State Changed from WaitingToStart to InProgress
[2016.12.24-18.18.24:290][143]PIE: Info Play in editor start time for /Game/Levels/UEDPIE_0_MainGame_Level 2.472
[2016.12.24-18.18.24:291][143]LogBlueprintUserMessages: Late PlayInEditor Detection: Level '/Game/Levels/MainGame_Level.MainGame_Level:PersistentLevel' has LevelScriptBlueprint '/Game/Levels/MainGame_Level.MainGame_Level:PersistentLevel.MainGame_Level' with GeneratedClass '/Game/Levels/MainGame_Level.MainGame_Level_C' with ClassGeneratedBy '/Game/Levels/MainGame_Level.MainGame_Level:PersistentLevel.MainGame_Level'
[2016.12.24-18.18.24:325][143]LogRenderer: Reallocating scene render targets to support 1680x240 NumSamples 1 (Frame:5).
[2016.12.24-18.18.29:121][327]LogPython: TIMESTEP 100, STATE observe, EPSILON 1, ACTION 1, REWARD 0
[2016.12.24-18.18.34:715][543]LogPython: TIMESTEP 200, STATE observe, EPSILON 1, ACTION 1, REWARD 0
[2016.12.24-18.18.40:970][757]LogPython: TIMESTEP 300, STATE observe, EPSILON 1, ACTION 1, REWARD 0
[2016.12.24-18.18.47:907][979]LogPython: TIMESTEP 400, STATE observe, EPSILON 1, ACTION 1, REWARD 0
[2016.12.24-18.18.53:501][158]LogPython: TIMESTEP 500, STATE observe, EPSILON 1, ACTION 1, REWARD 0
[2016.12.24-18.18.59:282][343]LogPython: TIMESTEP 600, STATE observe, EPSILON 1, ACTION 1, REWARD 0
[2016.12.24-18.19.04:657][515]LogPython: TIMESTEP 700, STATE observe, EPSILON 1, ACTION 1, REWARD 0
[2016.12.24-18.19.11:439][732]LogPython: TIMESTEP 800, STATE observe, EPSILON 1, ACTION 1, REWARD 0
[2016.12.24-18.19.19:318][963]LogPython: TIMESTEP 900, STATE observe, EPSILON 1, ACTION 1, REWARD 0
[2016.12.24-18.19.25:377][178]LogPython: TIMESTEP 1000, STATE observe, EPSILON 1, ACTION 1, REWARD 0
[2016.12.24-18.19.32:439][404]LogPython: TIMESTEP 1100, STATE observe, EPSILON 1, ACTION 1, REWARD 0
[2016.12.24-18.19.38:377][594]LogPython: TIMESTEP 1200, STATE observe, EPSILON 1, ACTION 1, REWARD 0
[2016.12.24-18.19.44:470][789]LogPython: TIMESTEP 1300, STATE observe, EPSILON 1, ACTION 1, REWARD 0
[2016.12.24-18.19.50:439][980]LogPython: TIMESTEP 1400, STATE observe, EPSILON 1, ACTION 1, REWARD 0
[2016.12.24-18.19.56:408][171]LogPython: TIMESTEP 1500, STATE observe, EPSILON 1, ACTION 1, REWARD 0
[2016.12.24-18.20.03:189][388]LogPython: TIMESTEP 1600, STATE observe, EPSILON 1, ACTION 1, REWARD 0
[2016.12.24-18.20.08:346][553]LogPython: TIMESTEP 1700, STATE observe, EPSILON 1, ACTION 1, REWARD 0
[2016.12.24-18.20.14:533][751]LogPython: TIMESTEP 1800, STATE observe, EPSILON 1, ACTION 1, REWARD 0
[2016.12.24-18.20.21:158][963]LogPython: TIMESTEP 1900, STATE observe, EPSILON 1, ACTION 1, REWARD 0
[2016.12.24-18.20.27:409][163]LogPython: TIMESTEP 2000, STATE observe, EPSILON 1, ACTION 1, REWARD 0
[2016.12.24-18.20.33:002][342]LogPython: TIMESTEP 2100, STATE observe, EPSILON 1, ACTION 1, REWARD 0
[2016.12.24-18.20.38:689][524]LogPython: TIMESTEP 2200, STATE observe, EPSILON 1, ACTION 1, REWARD 0
[2016.12.24-18.20.44:815][720]LogPython: TIMESTEP 2300, STATE observe, EPSILON 1, ACTION 1, REWARD 0
[2016.12.24-18.20.51:377][930]LogPython: TIMESTEP 2400, STATE observe, EPSILON 1, ACTION 1, REWARD 0
[2016.12.24-18.20.58:033][143]LogPython: TIMESTEP 2500, STATE observe, EPSILON 1, ACTION 1, REWARD 0
[2016.12.24-18.21.04:253][342]LogPython: TIMESTEP 2600, STATE observe, EPSILON 1, ACTION 1, REWARD 0
[2016.12.24-18.21.10:190][532]LogPython: TIMESTEP 2700, STATE observe, EPSILON 1, ACTION 1, REWARD 1
[2016.12.24-18.21.16:096][721]LogPython: TIMESTEP 2800, STATE observe, EPSILON 1, ACTION 1, REWARD 0
[2016.12.24-18.21.23:159][947]LogPython: TIMESTEP 2900, STATE observe, EPSILON 1, ACTION 1, REWARD 0
[2016.12.24-18.21.28:783][127]LogPython: TIMESTEP 3000, STATE observe, EPSILON 1, ACTION 1, REWARD 0
[2016.12.24-18.21.34:596][313]LogPython: TIMESTEP 3100, STATE observe, EPSILON 1, ACTION 1, REWARD 0
[2016.12.24-18.21.40:503][502]LogPython: TIMESTEP 3200, STATE observe, EPSILON 1, ACTION 1, REWARD 0
[2016.12.24-18.21.46:539][695]LogPython: TIMESTEP 3300, STATE observe, EPSILON 1, ACTION 1, REWARD 0
[2016.12.24-18.21.52:346][881]LogPython: TIMESTEP 3400, STATE observe, EPSILON 1, ACTION 1, REWARD 0
[2016.12.24-18.21.58:064][ 64]LogPython: TIMESTEP 3500, STATE observe, EPSILON 1, ACTION 1, REWARD 0
[2016.12.24-18.22.03:971][253]LogPython: TIMESTEP 3600, STATE observe, EPSILON 1, ACTION 1, REWARD 0
[2016.12.24-18.22.10:252][454]LogPython: TIMESTEP 3700, STATE observe, EPSILON 1, ACTION 1, REWARD 0
[2016.12.24-18.22.16:190][644]LogPython: TIMESTEP 3800, STATE observe, EPSILON 1, ACTION 1, REWARD 0
[2016.12.24-18.22.22:222][837]LogPython: TIMESTEP 3900, STATE observe, EPSILON 1, ACTION 1, REWARD 0
[2016.12.24-18.22.28:940][ 52]LogPython: TIMESTEP 4000, STATE observe, EPSILON 1, ACTION 1, REWARD 0
[2016.12.24-18.22.35:346][257]LogPython: TIMESTEP 4100, STATE observe, EPSILON 1, ACTION 1, REWARD 0
[2016.12.24-18.22.41:627][458]LogPython: TIMESTEP 4200, STATE observe, EPSILON 1, ACTION 1, REWARD 0
[2016.12.24-18.22.48:002][662]LogPython: TIMESTEP 4300, STATE observe, EPSILON 1, ACTION 1, REWARD 0
[2016.12.24-18.22.54:378][866]LogPython: TIMESTEP 4400, STATE observe, EPSILON 1, ACTION 1, REWARD 0
[2016.12.24-18.23.00:065][ 48]LogPython: TIMESTEP 4500, STATE observe, EPSILON 1, ACTION 1, REWARD 0
[2016.12.24-18.23.06:315][248]LogPython: TIMESTEP 4600, STATE observe, EPSILON 1, ACTION 1, REWARD 0
[2016.12.24-18.23.13:128][466]LogPython: TIMESTEP 4700, STATE observe, EPSILON 1, ACTION 1, REWARD 0
[2016.12.24-18.23.19:909][683]LogPython: TIMESTEP 4800, STATE observe, EPSILON 1, ACTION 1, REWARD 0
[2016.12.24-18.23.26:096][881]LogPython: TIMESTEP 4900, STATE observe, EPSILON 1, ACTION 1, REWARD 0
[2016.12.24-18.23.32:503][ 86]LogPython: TIMESTEP 5000, STATE observe, EPSILON 1, ACTION 1, REWARD 0
[2016.12.24-18.23.38:721][285]LogPython: TIMESTEP 5100, STATE observe, EPSILON 1, ACTION 1, REWARD 0
[2016.12.24-18.23.45:753][510]LogPython: TIMESTEP 5200, STATE observe, EPSILON 1, ACTION 1, REWARD 0
[2016.12.24-18.23.52:034][711]LogPython: TIMESTEP 5300, STATE observe, EPSILON 1, ACTION 1, REWARD 0
[2016.12.24-18.23.57:785][895]LogPython: TIMESTEP 5400, STATE observe, EPSILON 1, ACTION 1, REWARD 0
[2016.12.24-18.24.03:972][ 93]LogPython: TIMESTEP 5500, STATE observe, EPSILON 1, ACTION 1, REWARD 0
[2016.12.24-18.24.10:347][297]LogPython: TIMESTEP 5600, STATE observe, EPSILON 1, ACTION 1, REWARD 0
[2016.12.24-18.24.16:409][491]LogPython: TIMESTEP 5700, STATE observe, EPSILON 1, ACTION 1, REWARD 0
[2016.12.24-18.24.22:316][680]LogPython: TIMESTEP 5800, STATE observe, EPSILON 1, ACTION 1, REWARD 0
[2016.12.24-18.24.27:691][852]LogPython: TIMESTEP 5900, STATE observe, EPSILON 1, ACTION 1, REWARD 0
[2016.12.24-18.24.33:722][ 45]LogPython: TIMESTEP 6000, STATE observe, EPSILON 1, ACTION 1, REWARD 0
[2016.12.24-18.24.39:785][239]LogPython: TIMESTEP 6100, STATE observe, EPSILON 1, ACTION 1, REWARD 0
[2016.12.24-18.24.46:441][452]LogPython: TIMESTEP 6200, STATE observe, EPSILON 1, ACTION 1, REWARD 0
[2016.12.24-18.24.52:722][653]LogPython: TIMESTEP 6300, STATE observe, EPSILON 1, ACTION 1, REWARD 0
[2016.12.24-18.24.59:003][854]LogPython: TIMESTEP 6400, STATE observe, EPSILON 1, ACTION 1, REWARD 0
[2016.12.24-18.25.05:597][ 65]LogPython: TIMESTEP 6500, STATE observe, EPSILON 1, ACTION 1, REWARD 0
[2016.12.24-18.25.11:628][258]LogPython: TIMESTEP 6600, STATE observe, EPSILON 1, ACTION 1, REWARD 0
[2016.12.24-18.25.18:097][465]LogPython: TIMESTEP 6700, STATE observe, EPSILON 1, ACTION 1, REWARD 0
[2016.12.24-18.25.24:598][673]LogPython: TIMESTEP 6800, STATE observe, EPSILON 1, ACTION 1, REWARD 0
[2016.12.24-18.25.30:347][857]LogPython: TIMESTEP 6900, STATE observe, EPSILON 1, ACTION 1, REWARD 0
[2016.12.24-18.25.37:566][ 88]LogPython: TIMESTEP 7000, STATE observe, EPSILON 1, ACTION 1, REWARD 0
[2016.12.24-18.25.44:285][303]LogPython: TIMESTEP 7100, STATE observe, EPSILON 1, ACTION 1, REWARD 0
[2016.12.24-18.25.50:910][515]LogPython: TIMESTEP 7200, STATE observe, EPSILON 1, ACTION 1, REWARD 0
[2016.12.24-18.25.56:660][699]LogPython: TIMESTEP 7300, STATE observe, EPSILON 1, ACTION 1, REWARD 0
[2016.12.24-18.26.03:004][902]LogPython: TIMESTEP 7400, STATE observe, EPSILON 1, ACTION 1, REWARD 0
[2016.12.24-18.26.10:410][139]LogPython: TIMESTEP 7500, STATE observe, EPSILON 1, ACTION 1, REWARD 0
[2016.12.24-18.26.17:254][358]LogPython: TIMESTEP 7600, STATE observe, EPSILON 1, ACTION 1, REWARD 0
[2016.12.24-18.26.23:316][552]LogPython: TIMESTEP 7700, STATE observe, EPSILON 1, ACTION 1, REWARD 0
[2016.12.24-18.26.29:286][743]LogPython: TIMESTEP 7800, STATE observe, EPSILON 1, ACTION 1, REWARD 0
[2016.12.24-18.26.35:504][942]LogPython: TIMESTEP 7900, STATE observe, EPSILON 1, ACTION 1, REWARD 0
[2016.12.24-18.26.42:379][162]LogPython: TIMESTEP 8000, STATE observe, EPSILON 1, ACTION 1, REWARD 0
[2016.12.24-18.26.48:785][367]LogPython: TIMESTEP 8100, STATE observe, EPSILON 1, ACTION 1, REWARD 0
[2016.12.24-18.26.55:130][570]LogPython: TIMESTEP 8200, STATE observe, EPSILON 1, ACTION 1, REWARD 0
[2016.12.24-18.27.01:098][761]LogPython: TIMESTEP 8300, STATE observe, EPSILON 1, ACTION 1, REWARD 0
[2016.12.24-18.27.07:598][969]LogPython: TIMESTEP 8400, STATE observe, EPSILON 1, ACTION 1, REWARD 0
[2016.12.24-18.27.13:192][148]LogPython: TIMESTEP 8500, STATE observe, EPSILON 1, ACTION 1, REWARD 0
[2016.12.24-18.27.19:693][356]LogPython: TIMESTEP 8600, STATE observe, EPSILON 1, ACTION 1, REWARD 0
[2016.12.24-18.27.25:255][534]LogPython: TIMESTEP 8700, STATE observe, EPSILON 1, ACTION 1, REWARD 0
[2016.12.24-18.27.31:130][722]LogPython: TIMESTEP 8800, STATE observe, EPSILON 1, ACTION 1, REWARD 0
[2016.12.24-18.27.37:410][923]LogPython: TIMESTEP 8900, STATE observe, EPSILON 1, ACTION 1, REWARD 0
[2016.12.24-18.27.43:598][121]LogPython: TIMESTEP 9000, STATE observe, EPSILON 1, ACTION 1, REWARD 0
[2016.12.24-18.27.50:067][328]LogPython: TIMESTEP 9100, STATE observe, EPSILON 1, ACTION 1, REWARD 0
[2016.12.24-18.27.54:725][477]LogTemp:Warning: Screenshot bitmap had the wrong number of elements: 0
[2016.12.24-18.27.54:781][478]LogWindows: Windows GetLastError: The operation completed successfully. (0)
