Log file open, 12/27/16 15:09:02
LogInit:Display: Running engine for game: Unreal2DRunner3
LogPlatformFile: Not using cached read wrapper
LogInit:Display: RandInit(1920244873) SRandInit(1920244873).
LogTaskGraph: Started task graph with 5 named threads and 8 total threads with 1 sets of task threads.
LogStats: Stats thread started at 0.068742
LogPluginManager: Loaded Plugin Paper2D, From D:/Program Files (x86)/Epic Games/4.14/Engine/Plugins/2D/Paper2D/Paper2D.uplugin
LogPluginManager: Loaded Plugin LightPropagationVolume, From D:/Program Files (x86)/Epic Games/4.14/Engine/Plugins/Blendables/LightPropagationVolume/LightPropagationVolume.uplugin
LogPluginManager: Loaded Plugin BlankPlugin, From D:/Program Files (x86)/Epic Games/4.14/Engine/Plugins/Developer/BlankPlugin/BlankPlugin.uplugin
LogPluginManager: Loaded Plugin CodeLiteSourceCodeAccess, From D:/Program Files (x86)/Epic Games/4.14/Engine/Plugins/Developer/CodeLiteSourceCodeAccess/CodeLiteSourceCodeAccess.uplugin
LogPluginManager: Loaded Plugin GitSourceControl, From D:/Program Files (x86)/Epic Games/4.14/Engine/Plugins/Developer/GitSourceControl/GitSourceControl.uplugin
LogPluginManager: Loaded Plugin KDevelopSourceCodeAccess, From D:/Program Files (x86)/Epic Games/4.14/Engine/Plugins/Developer/KDevelopSourceCodeAccess/KDevelopSourceCodeAccess.uplugin
LogPluginManager: Loaded Plugin NullSourceCodeAccess, From D:/Program Files (x86)/Epic Games/4.14/Engine/Plugins/Developer/NullSourceCodeAccess/NullSourceCodeAccess.uplugin
LogPluginManager: Loaded Plugin OneSkyLocalizationService, From D:/Program Files (x86)/Epic Games/4.14/Engine/Plugins/Developer/OneSkyLocalizationService/OneSkyLocalizationService.uplugin
LogPluginManager: Loaded Plugin PerforceSourceControl, From D:/Program Files (x86)/Epic Games/4.14/Engine/Plugins/Developer/PerforceSourceControl/PerforceSourceControl.uplugin
LogPluginManager: Loaded Plugin SubversionSourceControl, From D:/Program Files (x86)/Epic Games/4.14/Engine/Plugins/Developer/SubversionSourceControl/SubversionSourceControl.uplugin
LogPluginManager: Loaded Plugin UObjectPlugin, From D:/Program Files (x86)/Epic Games/4.14/Engine/Plugins/Developer/UObjectPlugin/UObjectPlugin.uplugin
LogPluginManager: Loaded Plugin VisualStudioSourceCodeAccess, From D:/Program Files (x86)/Epic Games/4.14/Engine/Plugins/Developer/VisualStudioSourceCodeAccess/VisualStudioSourceCodeAccess.uplugin
LogPluginManager: Loaded Plugin XCodeSourceCodeAccess, From D:/Program Files (x86)/Epic Games/4.14/Engine/Plugins/Developer/XCodeSourceCodeAccess/XCodeSourceCodeAccess.uplugin
LogPluginManager: Loaded Plugin AudioCapture, From D:/Program Files (x86)/Epic Games/4.14/Engine/Plugins/Editor/AudioCapture/AudioCapture.uplugin
LogPluginManager: Loaded Plugin EpicSurvey, From D:/Program Files (x86)/Epic Games/4.14/Engine/Plugins/Editor/EpicSurvey/EpicSurvey.uplugin
LogPluginManager: Loaded Plugin MacGraphicsSwitching, From D:/Program Files (x86)/Epic Games/4.14/Engine/Plugins/Editor/MacGraphicsSwitching/MacGraphicsSwitching.uplugin
LogPluginManager: Loaded Plugin MobileLauncherProfileWizard, From D:/Program Files (x86)/Epic Games/4.14/Engine/Plugins/Editor/MobileLauncherProfileWizard/MobileLauncherProfileWizard.uplugin
LogPluginManager: Loaded Plugin PluginBrowser, From D:/Program Files (x86)/Epic Games/4.14/Engine/Plugins/Editor/PluginBrowser/PluginBrowser.uplugin
LogPluginManager: Loaded Plugin SpeedTreeImporter, From D:/Program Files (x86)/Epic Games/4.14/Engine/Plugins/Editor/SpeedTreeImporter/SpeedTreeImporter.uplugin
LogPluginManager: Loaded Plugin SuperSearchEditor, From D:/Program Files (x86)/Epic Games/4.14/Engine/Plugins/Editor/SuperSearchEditor/SuperSearchEditor.uplugin
LogPluginManager: Loaded Plugin AlembicImporter, From D:/Program Files (x86)/Epic Games/4.14/Engine/Plugins/Experimental/AlembicImporter/AlembicImporter.uplugin
LogPluginManager: Loaded Plugin BlueprintStats, From D:/Program Files (x86)/Epic Games/4.14/Engine/Plugins/Experimental/BlueprintStats/BlueprintStats.uplugin
LogPluginManager: Loaded Plugin CharacterAI, From D:/Program Files (x86)/Epic Games/4.14/Engine/Plugins/Experimental/CharacterAI/CharacterAI.uplugin
LogPluginManager: Loaded Plugin CodeEditor, From D:/Program Files (x86)/Epic Games/4.14/Engine/Plugins/Experimental/CodeEditor/CodeEditor.uplugin
LogPluginManager: Loaded Plugin CodeView, From D:/Program Files (x86)/Epic Games/4.14/Engine/Plugins/Experimental/CodeView/CodeView.uplugin
LogPluginManager: Loaded Plugin HTML5Networking, From D:/Program Files (x86)/Epic Games/4.14/Engine/Plugins/Experimental/HTML5Networking/HTML5Networking.uplugin
LogPluginManager: Loaded Plugin OSVR, From D:/Program Files (x86)/Epic Games/4.14/Engine/Plugins/Experimental/OSVR/OSVR.uplugin
LogPluginManager: Loaded Plugin Phya, From D:/Program Files (x86)/Epic Games/4.14/Engine/Plugins/Experimental/Phya/Phya.uplugin
LogPluginManager: Loaded Plugin SignificanceManager, From D:/Program Files (x86)/Epic Games/4.14/Engine/Plugins/Experimental/SignificanceManager/SignificanceManager.uplugin
LogPluginManager: Loaded Plugin SimpleHMD, From D:/Program Files (x86)/Epic Games/4.14/Engine/Plugins/Experimental/SimpleHMD/SimpleHMD.uplugin
LogPluginManager: Loaded Plugin StereoPanorama, From D:/Program Files (x86)/Epic Games/4.14/Engine/Plugins/Experimental/StereoPanorama/StereoPanorama.uplugin
LogPluginManager: Loaded Plugin StructBox, From D:/Program Files (x86)/Epic Games/4.14/Engine/Plugins/Experimental/StructBox/StructBox.uplugin
LogPluginManager: Loaded Plugin AndroidMedia, From D:/Program Files (x86)/Epic Games/4.14/Engine/Plugins/Media/AndroidMedia/AndroidMedia.uplugin
LogPluginManager: Loaded Plugin AvfMedia, From D:/Program Files (x86)/Epic Games/4.14/Engine/Plugins/Media/AvfMedia/AvfMedia.uplugin
LogPluginManager: Loaded Plugin MediaPlayerEditor, From D:/Program Files (x86)/Epic Games/4.14/Engine/Plugins/Media/MediaPlayerEditor/MediaPlayerEditor.uplugin
LogPluginManager: Loaded Plugin WmfMedia, From D:/Program Files (x86)/Epic Games/4.14/Engine/Plugins/Media/WmfMedia/WmfMedia.uplugin
LogPluginManager: Loaded Plugin MessagingDebugger, From D:/Program Files (x86)/Epic Games/4.14/Engine/Plugins/Messaging/MessagingDebugger/MessagingDebugger.uplugin
LogPluginManager: Loaded Plugin TcpMessaging, From D:/Program Files (x86)/Epic Games/4.14/Engine/Plugins/Messaging/TcpMessaging/TcpMessaging.uplugin
LogPluginManager: Loaded Plugin UdpMessaging, From D:/Program Files (x86)/Epic Games/4.14/Engine/Plugins/Messaging/UdpMessaging/UdpMessaging.uplugin
LogPluginManager: Loaded Plugin LevelSequenceEditor, From D:/Program Files (x86)/Epic Games/4.14/Engine/Plugins/MovieScene/LevelSequenceEditor/LevelSequenceEditor.uplugin
LogPluginManager: Loaded Plugin MatineeToLevelSequence, From D:/Program Files (x86)/Epic Games/4.14/Engine/Plugins/MovieScene/MatineeToLevelSequence/MatineeToLevelSequence.uplugin
LogPluginManager: Loaded Plugin NetcodeUnitTest, From D:/Program Files (x86)/Epic Games/4.14/Engine/Plugins/NetcodeUnitTest/NetcodeUnitTest/NetcodeUnitTest.uplugin
LogPluginManager: Loaded Plugin NUTUnrealEngine4, From D:/Program Files (x86)/Epic Games/4.14/Engine/Plugins/NetcodeUnitTest/NUTUnrealEngine4/NUTUnrealEngine4.uplugin
LogPluginManager: Loaded Plugin OnlineSubsystemGameCircle, From D:/Program Files (x86)/Epic Games/4.14/Engine/Plugins/Online/Android/OnlineSubsystemGameCircle/OnlineSubsystemGameCircle.uplugin
LogPluginManager: Loaded Plugin OnlineSubsystemGooglePlay, From D:/Program Files (x86)/Epic Games/4.14/Engine/Plugins/Online/Android/OnlineSubsystemGooglePlay/OnlineSubsystemGooglePlay.uplugin
LogPluginManager: Loaded Plugin OnlineSubsystemIOS, From D:/Program Files (x86)/Epic Games/4.14/Engine/Plugins/Online/IOS/OnlineSubsystemIOS/OnlineSubsystemIOS.uplugin
LogPluginManager: Loaded Plugin OnlineFramework, From D:/Program Files (x86)/Epic Games/4.14/Engine/Plugins/Online/OnlineFramework/OnlineFramework.uplugin
LogPluginManager: Loaded Plugin OnlineSubsystem, From D:/Program Files (x86)/Epic Games/4.14/Engine/Plugins/Online/OnlineSubsystem/OnlineSubsystem.uplugin
LogPluginManager: Loaded Plugin OnlineSubsystemAmazon, From D:/Program Files (x86)/Epic Games/4.14/Engine/Plugins/Online/OnlineSubsystemAmazon/OnlineSubsystemAmazon.uplugin
LogPluginManager: Loaded Plugin OnlineSubsystemFacebook, From D:/Program Files (x86)/Epic Games/4.14/Engine/Plugins/Online/OnlineSubsystemFacebook/OnlineSubsystemFacebook.uplugin
LogPluginManager: Loaded Plugin OnlineSubsystemNull, From D:/Program Files (x86)/Epic Games/4.14/Engine/Plugins/Online/OnlineSubsystemNull/OnlineSubsystemNull.uplugin
LogPluginManager: Loaded Plugin OnlineSubsystemOculus, From D:/Program Files (x86)/Epic Games/4.14/Engine/Plugins/Online/OnlineSubsystemOculus/OnlineSubsystemOculus.uplugin
LogPluginManager: Loaded Plugin OnlineSubsystemSteam, From D:/Program Files (x86)/Epic Games/4.14/Engine/Plugins/Online/OnlineSubsystemSteam/OnlineSubsystemSteam.uplugin
LogPluginManager: Loaded Plugin OnlineSubsystemUtils, From D:/Program Files (x86)/Epic Games/4.14/Engine/Plugins/Online/OnlineSubsystemUtils/OnlineSubsystemUtils.uplugin
LogPluginManager: Loaded Plugin IOSTapJoy, From D:/Program Files (x86)/Epic Games/4.14/Engine/Plugins/Runtime/Advertising/IOSTapJoy/IOSTapJoy.uplugin
LogPluginManager: Loaded Plugin AnalyticsBlueprintLibrary, From D:/Program Files (x86)/Epic Games/4.14/Engine/Plugins/Runtime/Analytics/AnalyticsBlueprintLibrary/AnalyticsBlueprintLibrary.uplugin
LogPluginManager: Loaded Plugin AnalyticsMulticast, From D:/Program Files (x86)/Epic Games/4.14/Engine/Plugins/Runtime/Analytics/AnalyticsMulticast/AnalyticsMulticast.uplugin
LogPluginManager: Loaded Plugin Apsalar, From D:/Program Files (x86)/Epic Games/4.14/Engine/Plugins/Runtime/Analytics/Apsalar/Apsalar.uplugin
LogPluginManager: Loaded Plugin FileLogging, From D:/Program Files (x86)/Epic Games/4.14/Engine/Plugins/Runtime/Analytics/FileLogging/FileLogging.uplugin
LogPluginManager: Loaded Plugin Flurry, From D:/Program Files (x86)/Epic Games/4.14/Engine/Plugins/Runtime/Analytics/Flurry/Flurry.uplugin
LogPluginManager: Loaded Plugin AndroidDeviceProfileSelector, From D:/Program Files (x86)/Epic Games/4.14/Engine/Plugins/Runtime/AndroidDeviceProfileSelector/AndroidDeviceProfileSelector.uplugin
LogPluginManager: Loaded Plugin AndroidMoviePlayer, From D:/Program Files (x86)/Epic Games/4.14/Engine/Plugins/Runtime/AndroidMoviePlayer/AndroidMoviePlayer.uplugin
LogPluginManager: Loaded Plugin AppleMoviePlayer, From D:/Program Files (x86)/Epic Games/4.14/Engine/Plugins/Runtime/AppleMoviePlayer/AppleMoviePlayer.uplugin
LogPluginManager: Loaded Plugin ArchVisCharacter, From D:/Program Files (x86)/Epic Games/4.14/Engine/Plugins/Runtime/ArchVisCharacter/ArchVisCharacter.uplugin
LogPluginManager: Loaded Plugin CableComponent, From D:/Program Files (x86)/Epic Games/4.14/Engine/Plugins/Runtime/CableComponent/CableComponent.uplugin
LogPluginManager: Loaded Plugin CustomMeshComponent, From D:/Program Files (x86)/Epic Games/4.14/Engine/Plugins/Runtime/CustomMeshComponent/CustomMeshComponent.uplugin
LogPluginManager: Loaded Plugin ExampleDeviceProfileSelector, From D:/Program Files (x86)/Epic Games/4.14/Engine/Plugins/Runtime/ExampleDeviceProfileSelector/ExampleDeviceProfileSelector.uplugin
LogPluginManager: Loaded Plugin GearVR, From D:/Program Files (x86)/Epic Games/4.14/Engine/Plugins/Runtime/GearVR/GearVR.uplugin
LogPluginManager: Loaded Plugin GoogleVRController, From D:/Program Files (x86)/Epic Games/4.14/Engine/Plugins/Runtime/GoogleVR/GoogleVRController/GoogleVRController.uplugin
LogPluginManager: Loaded Plugin GoogleVRHMD, From D:/Program Files (x86)/Epic Games/4.14/Engine/Plugins/Runtime/GoogleVR/GoogleVRHMD/GoogleVRHMD.uplugin
LogPluginManager: Loaded Plugin IOSDeviceProfileSelector, From D:/Program Files (x86)/Epic Games/4.14/Engine/Plugins/Runtime/IOSDeviceProfileSelector/IOSDeviceProfileSelector.uplugin
LogPluginManager: Loaded Plugin LeapMotion, From D:/Program Files (x86)/Epic Games/4.14/Engine/Plugins/Runtime/LeapMotion/LeapMotion.uplugin
LogPluginManager: Loaded Plugin LinuxDeviceProfileSelector, From D:/Program Files (x86)/Epic Games/4.14/Engine/Plugins/Runtime/LinuxDeviceProfileSelector/LinuxDeviceProfileSelector.uplugin
LogPluginManager: Loaded Plugin MIDIDevice, From D:/Program Files (x86)/Epic Games/4.14/Engine/Plugins/Runtime/MIDIDevice/MIDIDevice.uplugin
LogPluginManager: Loaded Plugin MobilePatchingUtils, From D:/Program Files (x86)/Epic Games/4.14/Engine/Plugins/Runtime/MobilePatchingUtils/MobilePatchingUtils.uplugin
LogPluginManager: Loaded Plugin Ansel, From D:/Program Files (x86)/Epic Games/4.14/Engine/Plugins/Runtime/Nvidia/Ansel/Ansel.uplugin
LogPluginManager: Loaded Plugin OculusAudio, From D:/Program Files (x86)/Epic Games/4.14/Engine/Plugins/Runtime/OculusAudio/OculusAudio.uplugin
LogPluginManager: Loaded Plugin OculusInput, From D:/Program Files (x86)/Epic Games/4.14/Engine/Plugins/Runtime/OculusInput/OculusInput.uplugin
LogPluginManager: Loaded Plugin OculusLibrary, From D:/Program Files (x86)/Epic Games/4.14/Engine/Plugins/Runtime/OculusLibrary/OculusLibrary.uplugin
LogPluginManager: Loaded Plugin OculusRift, From D:/Program Files (x86)/Epic Games/4.14/Engine/Plugins/Runtime/OculusRift/OculusRift.uplugin
LogPluginManager: Loaded Plugin Oodle, From D:/Program Files (x86)/Epic Games/4.14/Engine/Plugins/Runtime/PacketHandlers/CompressionComponents/Oodle/Oodle.uplugin
LogPluginManager: Loaded Plugin ProceduralMeshComponent, From D:/Program Files (x86)/Epic Games/4.14/Engine/Plugins/Runtime/ProceduralMeshComponent/ProceduralMeshComponent.uplugin
LogPluginManager: Loaded Plugin SoundMod, From D:/Program Files (x86)/Epic Games/4.14/Engine/Plugins/Runtime/SoundMod/SoundMod.uplugin
LogPluginManager: Loaded Plugin SoundVisualizations, From D:/Program Files (x86)/Epic Games/4.14/Engine/Plugins/Runtime/SoundVisualizations/SoundVisualizations.uplugin
LogPluginManager: Loaded Plugin SteamController, From D:/Program Files (x86)/Epic Games/4.14/Engine/Plugins/Runtime/Steam/SteamController/SteamController.uplugin
LogPluginManager: Loaded Plugin SteamVR, From D:/Program Files (x86)/Epic Games/4.14/Engine/Plugins/Runtime/Steam/SteamVR/SteamVR.uplugin
LogPluginManager: Loaded Plugin WebBrowserWidget, From D:/Program Files (x86)/Epic Games/4.14/Engine/Plugins/Runtime/WebBrowserWidget/WebBrowserWidget.uplugin
LogPluginManager: Loaded Plugin WindowsDeviceProfileSelector, From D:/Program Files (x86)/Epic Games/4.14/Engine/Plugins/Runtime/WindowsDeviceProfileSelector/WindowsDeviceProfileSelector.uplugin
LogPluginManager: Loaded Plugin WindowsMoviePlayer, From D:/Program Files (x86)/Epic Games/4.14/Engine/Plugins/Runtime/WindowsMoviePlayer/WindowsMoviePlayer.uplugin
LogPluginManager: Loaded Plugin ScriptPlugin, From D:/Program Files (x86)/Epic Games/4.14/Engine/Plugins/ScriptPlugin/ScriptPlugin.uplugin
LogPluginManager: Loaded Plugin SlateRemote, From D:/Program Files (x86)/Epic Games/4.14/Engine/Plugins/Slate/SlateRemote/SlateRemote.uplugin
LogPluginManager: Loaded Plugin EditorTests, From D:/Program Files (x86)/Epic Games/4.14/Engine/Plugins/Tests/EditorTests/EditorTests.uplugin
LogPluginManager: Loaded Plugin FbxAutomationTestBuilder, From D:/Program Files (x86)/Epic Games/4.14/Engine/Plugins/Tests/FbxAutomationTestBuilder/FbxAutomationTestBuilder.uplugin
LogPluginManager: Loaded Plugin FunctionalTestingEditor, From D:/Program Files (x86)/Epic Games/4.14/Engine/Plugins/Tests/FunctionalTestingEditor/FunctionalTestingEditor.uplugin
LogPluginManager: Loaded Plugin RuntimeTests, From D:/Program Files (x86)/Epic Games/4.14/Engine/Plugins/Tests/RuntimeTests/RuntimeTests.uplugin
LogPluginManager: Loaded Plugin ScreenshotTools, From D:/Program Files (x86)/Epic Games/4.14/Engine/Plugins/Tests/ScreenshotTools/ScreenshotTools.uplugin
LogPluginManager: Loaded Plugin UnrealEnginePython, From D:/Users/matvey/Documents/UnrealProjects/Deep2DRunner/Plugins/UnrealEnginePython/UnrealEnginePython.uplugin
LogInit: Using libcurl 7.47.1
LogInit:  - built for x86_64-pc-win32
LogInit:  - supports SSL with OpenSSL/1.0.2g
LogInit:  - supports HTTP deflate (compression) using libz 1.2.8
LogInit:  - other features:
LogInit:      CURL_VERSION_SSL
LogInit:      CURL_VERSION_LIBZ
LogInit:      CURL_VERSION_IPV6
LogInit:      CURL_VERSION_ASYNCHDNS
LogInit:      CURL_VERSION_LARGEFILE
LogInit:      CURL_VERSION_IDN
LogInit:  CurlRequestOptions (configurable via config and command line):
LogInit:  - bVerifyPeer = false  - Libcurl will NOT verify peer certificate
LogInit:  - bUseHttpProxy = false  - Libcurl will NOT use HTTP proxy
LogInit:  - bDontReuseConnections = false  - Libcurl will reuse connections
LogInit:  - CertBundlePath = nullptr  - Libcurl will use whatever was configured at build time.
LogInit: Build: ++UE4+Release-4.14-CL-3224400
LogInit: Engine Version: 4.14.1-3224400+++UE4+Release-4.14
LogInit: Compatible Engine Version: 4.14.0-3195953+++UE4+Release-4.14
LogInit: Net CL: 3195953
LogDevObjectVersion: Number of dev versions registered: 13
LogDevObjectVersion:   Dev-Blueprints (B0D832E4-1F89-4F0D-ACCF-7EB736FD4AA2): 7
LogDevObjectVersion:   Dev-Build (E1C64328-A22C-4D53-A36C-8E866417BD8C): 0
LogDevObjectVersion:   Dev-Core (375EC13C-06E4-48FB-B500-84F0262A717E): 1
LogDevObjectVersion:   Dev-Editor (E4B068ED-F494-42E9-A231-DA0B2E46BB41): 8
LogDevObjectVersion:   Dev-Framework (CFFC743F-43B0-4480-9391-14DF171D2073): 17
LogDevObjectVersion:   Dev-Mobile (B02B49B5-BB20-44E9-A304-32B752E40360): 0
LogDevObjectVersion:   Dev-Networking (A4E4105C-59A1-49B5-A7C5-40C4547EDFEE): 0
LogDevObjectVersion:   Dev-Online (39C831C9-5AE6-47DC-9A44-9C173E1C8E7C): 0
LogDevObjectVersion:   Dev-Physics (78F01B33-EBEA-4F98-B9B4-84EACCB95AA2): 0
LogDevObjectVersion:   Dev-Platform (6631380F-2D4D-43E0-8009-CF276956A95A): 0
LogDevObjectVersion:   Dev-Rendering (12F88B9F-8875-4AFC-A67C-D90C383ABD29): 12
LogDevObjectVersion:   Dev-Sequencer (7B5AE74C-D270-4C10-A958-57980B212A5A): 1
LogDevObjectVersion:   Dev-VR (D7296918-1DD6-4BDD-9DE2-64A83CC13884): 0
LogInit: Compiled (64-bit): Dec  7 2016 02:14:32
LogInit: Compiled with Visual C++: 19.00.23026.00
LogInit: Build Configuration: Development
LogInit: Branch Name: ++UE4+Release-4.14
LogInit: Command line:  
LogInit: Base directory: D:/Program Files (x86)/Epic Games/4.14/Engine/Binaries/Win64/
LogInit: Installed Engine Build: 1
LogInit: Presizing for max 8388607 objects, including 0 objects not considered by GC, pre-allocating 0 bytes for permanent pool.
LogInit: Object subsystem initialized
[2016.12.27-12.09.03:296][  0]LogInit: Selected Device Profile: [Windows]
[2016.12.27-12.09.03:296][  0]LogInit: Applying CVar settings loaded from the selected device profile: [Windows]
[2016.12.27-12.09.03:382][  0]LogInit: Computer: DESKTOP-KKUTPK0
[2016.12.27-12.09.03:382][  0]LogInit: User: matvey
[2016.12.27-12.09.03:382][  0]LogInit: CPU Page size=65536, Cores=4
[2016.12.27-12.09.03:382][  0]LogInit: High frequency timer resolution =3.914059 MHz
[2016.12.27-12.09.03:383][  0]LogMemory: Memory total: Physical=16.0GB (16GB approx)
[2016.12.27-12.09.03:397][  0]LogMemory: Platform Memory Stats for Windows
[2016.12.27-12.09.03:397][  0]LogMemory: Process Physical Memory: 265.03 MB used, 265.03 MB peak
[2016.12.27-12.09.03:397][  0]LogMemory: Process Virtual Memory: 262.86 MB used, 262.86 MB peak
[2016.12.27-12.09.03:397][  0]LogMemory: Physical Memory: 10957.09 MB used,  5376.04 MB free, 16333.13 MB total
[2016.12.27-12.09.03:397][  0]LogMemory: Virtual Memory: 675.73 MB used,  5376.04 MB free, 134217728.00 MB total
[2016.12.27-12.09.03:893][  0]LogTextLocalizationManager: No specific translations for ('en-US') exist, so ('en') translations will be used.
[2016.12.27-12.09.06:258][  0]LogD3D11RHI: D3D11 adapters:
[2016.12.27-12.09.06:282][  0]LogD3D11RHI:    0. 'NVIDIA GeForce GTX 1070' (Feature Level 11_0)
[2016.12.27-12.09.06:282][  0]LogD3D11RHI:       8142/0/8166 MB DedicatedVideo/DedicatedSystem/SharedSystem, Outputs:1, VendorId:0x10de
[2016.12.27-12.09.06:285][  0]LogD3D11RHI:    1. 'Microsoft Basic Render Driver' (Feature Level 11_0)
[2016.12.27-12.09.06:285][  0]LogD3D11RHI:       0/0/8166 MB DedicatedVideo/DedicatedSystem/SharedSystem, Outputs:0, VendorId:0x1414
[2016.12.27-12.09.06:285][  0]LogD3D11RHI: Chosen D3D11 Adapter: 0
[2016.12.27-12.09.06:289][  0]LogD3D11RHI: Creating new Direct3DDevice
[2016.12.27-12.09.06:289][  0]LogD3D11RHI:     GPU DeviceId: 0x1b81 (for the marketing name, search the web for "GPU Device Id")
[2016.12.27-12.09.06:289][  0]LogWindows: EnumDisplayDevices:
[2016.12.27-12.09.06:289][  0]LogWindows:    0. 'NVIDIA GeForce GTX 1070' (P:1 D:1)
[2016.12.27-12.09.06:289][  0]LogWindows:    1. 'NVIDIA GeForce GTX 1070' (P:0 D:0)
[2016.12.27-12.09.06:289][  0]LogWindows:    2. 'NVIDIA GeForce GTX 1070' (P:0 D:0)
[2016.12.27-12.09.06:290][  0]LogWindows:    3. 'NVIDIA GeForce GTX 1070' (P:0 D:0)
[2016.12.27-12.09.06:290][  0]LogWindows: DebugString: FoundDriverCount:4 
[2016.12.27-12.09.06:290][  0]LogD3D11RHI:     Adapter Name: NVIDIA GeForce GTX 1070
[2016.12.27-12.09.06:290][  0]LogD3D11RHI:   Driver Version: 369.30 (internal:21.21.13.6930, unified:369.30)
[2016.12.27-12.09.06:290][  0]LogD3D11RHI:      Driver Date: 9-4-2016
[2016.12.27-12.09.06:290][  0]LogRHI: Texture pool is 1361 MB (70% of 1945 MB)
[2016.12.27-12.09.06:301][  0]LogD3D11RHI: Async texture creation enabled
[2016.12.27-12.09.06:465][  0]LogD3D11RHI: GPU Timing Frequency: 1000.000000 (Debug: 2 1)
[2016.12.27-12.09.06:512][  0]LogShaderCompilers: Guid format shader working directory is -21 characters bigger than the processId version (../../../../../../Users/matvey/Documents/UnrealProjects/Deep2DRunner/Intermediate/Shaders/WorkingDirectory/8308/).
[2016.12.27-12.09.06:523][  0]LogShaderCompilers: Cleaned the shader compiler working directory 'C:/Users/matvey/AppData/Local/Temp/UnrealShaderWorkingDir/D7A4A34149DD629F88DCFE9BDFA2188A/'.
[2016.12.27-12.09.06:523][  0]LogShaderCompilers:Display: Using Local Shader Compiler.
[2016.12.27-12.09.10:900][  0]LogTemp:Display: Loaded TP AllDesktopTargetPlatform
[2016.12.27-12.09.10:940][  0]LogTemp:Display: Loaded TP MacClientTargetPlatform
[2016.12.27-12.09.10:979][  0]LogTemp:Display: Loaded TP MacNoEditorTargetPlatform
[2016.12.27-12.09.11:018][  0]LogTemp:Display: Loaded TP MacServerTargetPlatform
[2016.12.27-12.09.11:086][  0]LogTemp:Display: Loaded TP MacTargetPlatform
[2016.12.27-12.09.11:127][  0]LogTemp:Display: Loaded TP WindowsClientTargetPlatform
[2016.12.27-12.09.11:171][  0]LogTemp:Display: Loaded TP WindowsNoEditorTargetPlatform
[2016.12.27-12.09.11:211][  0]LogTemp:Display: Loaded TP WindowsServerTargetPlatform
[2016.12.27-12.09.11:243][  0]LogTemp:Display: Loaded TP WindowsTargetPlatform
[2016.12.27-12.09.11:289][  0]LogTemp:Display: Loaded TP AndroidTargetPlatform
[2016.12.27-12.09.11:331][  0]LogTemp:Display: Loaded TP Android_ASTCTargetPlatform
[2016.12.27-12.09.11:371][  0]LogTemp:Display: Loaded TP Android_ATCTargetPlatform
[2016.12.27-12.09.11:410][  0]LogTemp:Display: Loaded TP Android_DXTTargetPlatform
[2016.12.27-12.09.11:452][  0]LogTemp:Display: Loaded TP Android_ETC1TargetPlatform
[2016.12.27-12.09.11:491][  0]LogTemp:Display: Loaded TP Android_ETC2TargetPlatform
[2016.12.27-12.09.11:569][  0]LogTemp:Display: Loaded TP Android_MultiTargetPlatform
[2016.12.27-12.09.11:569][  0]LogTemp:Display: Loaded TP Android_PVRTCTargetPlatform
[2016.12.27-12.09.11:595][  0]LogTemp:Display: Loaded TP HTML5TargetPlatform
[2016.12.27-12.09.11:677][  0]LogTemp:Display: Loaded TP IOSTargetPlatform
[2016.12.27-12.09.11:703][  0]LogTemp:Display: Loaded TP TVOSTargetPlatform
[2016.12.27-12.09.11:747][  0]LogTemp:Display: Loaded TP LinuxClientTargetPlatform
[2016.12.27-12.09.11:785][  0]LogTemp:Display: Loaded TP LinuxNoEditorTargetPlatform
[2016.12.27-12.09.11:824][  0]LogTemp:Display: Loaded TP LinuxServerTargetPlatform
[2016.12.27-12.09.11:867][  0]LogTemp:Display: Loaded TP LinuxTargetPlatform
[2016.12.27-12.09.11:867][  0]LogTargetPlatformManager:Display: Building Assets For Windows
[2016.12.27-12.09.12:466][  0]LogDerivedDataCache:Display: Max Cache Size: 512 MB
[2016.12.27-12.09.12:656][  0]LogDerivedDataCache: Loaded boot cache 0.19s 50MB C:/Users/matvey/AppData/Local/UnrealEngine/4.14/DerivedDataCache/Boot.ddc.
[2016.12.27-12.09.12:656][  0]LogDerivedDataCache:Display: Loaded Boot cache: C:/Users/matvey/AppData/Local/UnrealEngine/4.14/DerivedDataCache/Boot.ddc
[2016.12.27-12.09.12:656][  0]LogDerivedDataCache: FDerivedDataBackendGraph:  Pak pak cache file ../../../../../../Users/matvey/Documents/UnrealProjects/Deep2DRunner/DerivedDataCache/DDC.ddp not found, will not use a pak cache.
[2016.12.27-12.09.12:656][  0]LogDerivedDataCache: Unable to find inner node Pak for hierarchical cache Hierarchy.
[2016.12.27-12.09.12:656][  0]LogDerivedDataCache: FDerivedDataBackendGraph:  CompressedPak pak cache file ../../../../../../Users/matvey/Documents/UnrealProjects/Deep2DRunner/DerivedDataCache/Compressed.ddp not found, will not use a pak cache.
[2016.12.27-12.09.12:656][  0]LogDerivedDataCache: Unable to find inner node CompressedPak for hierarchical cache Hierarchy.
[2016.12.27-12.09.12:670][  0]LogDerivedDataCache:Display: Pak cache opened for reading ../../../Engine/DerivedDataCache/Compressed.ddp.
[2016.12.27-12.09.12:681][  0]LogDerivedDataCache: Using Local data cache path C:/Users/matvey/AppData/Local/UnrealEngine/Common/DerivedDataCache: Writable
[2016.12.27-12.09.17:478][  0]LogInit: Selected Device Profile: [Windows]
[2016.12.27-12.09.17:515][  0]LogContentStreaming: Texture pool size is 0.00 MB
[2016.12.27-12.09.17:913][  0]LogMeshUtilities: Using QuadricMeshReduction for automatic static mesh reduction
[2016.12.27-12.09.18:014][  0]LogSimplygon: Simplygon DLL not present - disabling.
[2016.12.27-12.09.18:047][  0]LogMeshUtilities: Using SimplygonSwarm for distributed automatic mesh merging
[2016.12.27-12.09.18:047][  0]LogMeshUtilities: No automatic skeletal mesh reduction module available
[2016.12.27-12.09.18:047][  0]LogMeshUtilities: No automatic mesh merging module available
[2016.12.27-12.09.19:637][  0]LogNetVersion: GetLocalNetworkVersion: CL: 3195953, ProjectName: unreal2drunner3, ProjectVersion: , EngineNetworkVersion: 2, GameNetworkVersion: 0, NetworkChecksum: 3246814908
[2016.12.27-12.09.19:703][  0]LogAssetRegistry: FAssetRegistry took 0.0210 seconds to start up
[2016.12.27-12.09.19:731][  0]LogDirectoryWatcher:Warning: Failed to begin reading directory changes for ../../../../../../Users/matvey/Documents/UnrealProjects/Deep2DRunner/Plugins/UnrealEnginePython/Content/. Error: The system cannot find the file specified. (0x00000002)
[2016.12.27-12.09.19:839][  0]LogPackageLocalizationCache: Processed 4 localized package path(s) for 2 prioritized culture(s) in 0.087835 seconds
[2016.12.27-12.09.19:863][  0]LogUObjectArray: 31946 objects as part of root set at end of initial load.
[2016.12.27-12.09.19:863][  0]LogUObjectAllocator: 6935848 out of 0 bytes used by permanent object pool.
[2016.12.27-12.09.19:863][  0]LogUObjectArray: CloseDisregardForGC: 0/0 objects in disregard for GC pool
[2016.12.27-12.09.19:914][  0]LogInit: WinSock: version 1.1 (2.2), MaxSocks=32767, MaxUdp=65467
[2016.12.27-12.09.21:893][  0]LogSlate: Using Freetype 2.6.0
[2016.12.27-12.09.21:912][  0]LogSlate: SlateFontCache - WITH_FREETYPE: 1, WITH_HARFBUZZ: 1
[2016.12.27-12.09.21:912][  0]LogSlate: SlateFontCache - WITH_FREETYPE: 1, WITH_HARFBUZZ: 1
[2016.12.27-12.09.25:245][  0]LogTcpMessaging: Initializing TcpMessaging bridge
[2016.12.27-12.09.25:307][  0]LogUdpMessaging: Initializing bridge on interface 0.0.0.0:0 to multicast group 230.0.0.1:6666.
[2016.12.27-12.09.25:665][  0]LogPython: Python VM initialized: 3.5.2 |Anaconda custom (64-bit)| (default, Jul  5 2016, 11:41:13) [MSC v.1900 64 bit (AMD64)]
[2016.12.27-12.09.25:665][  0]LogPython: Python Scripts search path: ../../../../../../Users/matvey/Documents/UnrealProjects/Deep2DRunner/Content/Scripts
[2016.12.27-12.09.25:683][  0]LogPython: ue_site Python module successfully imported
[2016.12.27-12.09.26:168][  0]LogMaterial: Uniform references updated for custom material expression Custom.
[2016.12.27-12.09.26:575][  0]SourceControl: Info Source control is disabled
[2016.12.27-12.09.26:576][  0]SourceControl: Info Source control is disabled
[2016.12.27-12.09.26:634][  0]SourceControl: Info Source control is disabled
[2016.12.27-12.09.26:688][  0]SourceControl: Info Source control is disabled
[2016.12.27-12.09.28:481][  0]LogEngine: Initializing Engine...
[2016.12.27-12.09.28:491][  0]LogHMD: Failed to initialize OpenVR with code 110
[2016.12.27-12.09.28:805][  0]LogAIModule: Creating AISystem for world Untitled
[2016.12.27-12.09.28:827][  0]LogInit: XAudio2 using 'Speakers (7.1 SOUND EFFECT GAMING HEADSET)' : 2 channels at 44.1 kHz using 16 bits per sample (channel mask 0x3)
[2016.12.27-12.09.28:834][  0]LogInit: FAudioDevice initialized.
[2016.12.27-12.09.28:854][  0]LogDerivedDataCache: Saved boot cache 0.02s 50MB C:/Users/matvey/AppData/Local/UnrealEngine/4.14/DerivedDataCache/Boot.ddc.
[2016.12.27-12.09.28:861][  0]LogInit: Texture streaming: Enabled
[2016.12.27-12.09.29:139][  0]LogInit: Transaction tracking system initialized
[2016.12.27-12.09.29:585][  0]BlueprintLog: New page: Editor Load
[2016.12.27-12.09.30:778][  0]LocalizationService: Info Localization service is disabled
[2016.12.27-12.09.31:597][  0]LogConsoleResponse:Display: 
[2016.12.27-12.09.32:312][  0]LogFileCache: Scanning file cache for directory 'D:/Users/matvey/Documents/UnrealProjects/Deep2DRunner/Content/' took 0.03s
[2016.12.27-12.09.32:312][  0]LogCook:Display: Max memory allowance for cook 16384mb min free memory 0mb
[2016.12.27-12.09.32:328][  0]LogCook:Display: Mobile HDR setting 1
[2016.12.27-12.09.33:746][  0]SourceControl: Info Source control is disabled
[2016.12.27-12.09.33:751][  0]Cmd: MAP LOAD FILE="../../../../../../Users/matvey/Documents/UnrealProjects/Deep2DRunner/Content/Levels/MainGame_Level.umap" TEMPLATE=0 SHOWPROGRESS=1 FEATURELEVEL=3
[2016.12.27-12.09.33:782][  0]LightingResults: New page: Lighting Build
[2016.12.27-12.09.33:856][  0]MapCheck: New page: Map Check
[2016.12.27-12.09.33:856][  0]LightingResults: New page: Lighting Build
[2016.12.27-12.09.34:451][  0]LogAIModule: Creating AISystem for world MainGame_Level
[2016.12.27-12.09.34:461][  0]LogActorComponent: RegisterComponentWithWorld: (/Game/Levels/MainGame_Level.MainGame_Level:PersistentLevel.WorldSettings.StaticMeshComponent0) Trying to register component with IsPendingKill() == true. Aborting.
[2016.12.27-12.09.34:522][  0]LogEditorServer: Finished looking for orphan Actors (0.000 secs)
[2016.12.27-12.09.34:545][  0]Cmd: MAP CHECKDEP NOCLEARLOG
[2016.12.27-12.09.34:603][  0]MapCheck: Info Map check complete: 0 Error(s), 0 Warning(s), took 57.916ms to complete.
[2016.12.27-12.09.34:603][  0]LogFileHelpers: Loading map 'MainGame_Level' took 0.857
[2016.12.27-12.09.34:692][  0]LogWindowsTextInputMethodSystem:Display: IME system now deactivated.
[2016.12.27-12.09.35:121][  0]LogCollectionManager: Loaded 0 collections in 0.000928 seconds
[2016.12.27-12.09.35:223][  0]LogFileCache: Scanning file cache for directory 'D:/Users/matvey/Documents/UnrealProjects/Deep2DRunner/Saved/Collections/' took 0.01s
[2016.12.27-12.09.35:223][  0]LogFileCache: Scanning file cache for directory 'D:/Users/matvey/Documents/UnrealProjects/Deep2DRunner/Content/Developers/matvey/Collections/' took 0.01s
[2016.12.27-12.09.35:223][  0]LogFileCache: Scanning file cache for directory 'D:/Users/matvey/Documents/UnrealProjects/Deep2DRunner/Content/Collections/' took 0.01s
[2016.12.27-12.09.35:223][  0]LogCollectionManager: Rebuilt the GUID cache for 0 collections in 0.000157 seconds
[2016.12.27-12.09.35:247][  0]LogContentBrowser: Native class hierarchy populated in 0.0224 seconds. Added 2202 classes and 435 folders.
[2016.12.27-12.09.35:320][  0]LogStats: UGameplayTagsManager::ConstructGameplayTagTree: Construct from data asset -  0.000 s
[2016.12.27-12.09.35:321][  0]LogStats: UGameplayTagsManager::ConstructGameplayTagTree: GameplayTagTreeChangedEvent.Broadcast -  0.001 s
[2016.12.27-12.09.35:322][  0]LogContentBrowser: Native class hierarchy updated for 'GameplayTags' in 0.0011 seconds. Added 13 classes and 0 folders.
[2016.12.27-12.09.35:371][  0]LogContentBrowser: Native class hierarchy updated for 'WidgetCarousel' in 0.0010 seconds. Added 0 classes and 0 folders.
[2016.12.27-12.09.35:974][  0]LogContentBrowser: Native class hierarchy updated for 'AddContentDialog' in 0.0011 seconds. Added 0 classes and 0 folders.
[2016.12.27-12.09.36:031][  0]LogContentBrowser: Native class hierarchy updated for 'SceneOutliner' in 0.0010 seconds. Added 1 classes and 2 folders.
[2016.12.27-12.09.36:314][  0]LogCrashTracker: Crashtracker disabled due to settings.
[2016.12.27-12.09.36:393][  0]LogUObjectGlobals:Warning: Failed to find object 'Class None.'
[2016.12.27-12.09.36:493][  0]LogContentBrowser: Native class hierarchy updated for 'HierarchicalLODOutliner' in 0.0011 seconds. Added 1 classes and 2 folders.
[2016.12.27-12.09.36:493][  0]LogLoad: (Engine Initialization) Total time: 36.35 seconds
[2016.12.27-12.09.36:493][  0]LogLoad: (Engine Initialization) Total Blueprint compile time: 0.50 seconds
[2016.12.27-12.09.36:506][  0]LogExternalProfiler: Found external profiler: VSPerf
[2016.12.27-12.09.36:506][  0]LogExternalProfiler: Using external profiler: VSPerf
[2016.12.27-12.09.36:544][  0]LogOcInput: OculusInput pre-init called
[2016.12.27-12.09.36:563][  0]LogContentStreaming: Texture pool size now 1000 MB
[2016.12.27-12.09.36:793][  0]LogRenderer: Reallocating scene render targets to support 1680x100 NumSamples 1 (Frame:2).
[2016.12.27-12.09.36:997][  2]LogAssetRegistry: Asset discovery search completed in 17.3146 seconds
[2016.12.27-12.09.36:997][  2]LogCollectionManager: Rebuilt the object cache for 0 collections in 0.000000 seconds (found 0 objects)
[2016.12.27-12.09.36:997][  2]LogCollectionManager: Fixed up redirectors for 0 collections in 0.000066 seconds (updated 0 objects)
[2016.12.27-12.09.39:944][109]LogTemp: Repeting last play command: New Editor Window (PIE)
[2016.12.27-12.09.39:954][109]LogBlueprintUserMessages: Early PlayInEditor Detection: Level '/Game/Levels/MainGame_Level.MainGame_Level:PersistentLevel' has LevelScriptBlueprint '/Game/Levels/MainGame_Level.MainGame_Level:PersistentLevel.MainGame_Level' with GeneratedClass '/Game/Levels/MainGame_Level.MainGame_Level_C' with ClassGeneratedBy '/Game/Levels/MainGame_Level.MainGame_Level:PersistentLevel.MainGame_Level'
[2016.12.27-12.09.39:954][109]LogPlayLevel: PlayLevel: No blueprints needed recompiling
[2016.12.27-12.09.39:966][109]PIE: New page: PIE session: MainGame_Level (Dec 27, 2016, 7:09:39 PM)
[2016.12.27-12.09.39:966][109]LogPlayLevel: Creating play world package: /Game/Levels/UEDPIE_0_MainGame_Level
[2016.12.27-12.09.39:968][109]LogPlayLevel: PIE: StaticDuplicateObject took: (0.002505s)
[2016.12.27-12.09.39:969][109]LogAIModule: Creating AISystem for world MainGame_Level
[2016.12.27-12.09.39:969][109]LogPlayLevel: PIE: World Init took: (0.000469s)
[2016.12.27-12.09.39:969][109]LogPlayLevel: PIE: Created PIE world by copying editor world from /Game/Levels/MainGame_Level.MainGame_Level to /Game/Levels/UEDPIE_0_MainGame_Level.MainGame_Level (0.003298s)
[2016.12.27-12.09.39:983][109]LogInit: XAudio2 using 'Speakers (7.1 SOUND EFFECT GAMING HEADSET)' : 2 channels at 44.1 kHz using 16 bits per sample (channel mask 0x3)
[2016.12.27-12.09.39:989][109]LogInit: FAudioDevice initialized.
[2016.12.27-12.09.40:040][109]LogLoad: Game class is 'MyGameMode_C'
[2016.12.27-12.09.40:042][109]LogWorld: Bringing World /Game/Levels/UEDPIE_0_MainGame_Level.MainGame_Level up for play (max tick rate 0) at 2016.12.27-15.09.40
[2016.12.27-12.09.40:043][109]LogWorld: Bringing up level for play took: 0.001896
[2016.12.27-12.09.40:083][109]LogContentBrowser: Native class hierarchy updated for 'MovieSceneCapture' in 0.0010 seconds. Added 11 classes and 0 folders.
[2016.12.27-12.09.40:084][109]LogGameMode:Display: Match State Changed from EnteringMap to WaitingToStart
[2016.12.27-12.09.40:084][109]LogGameState: Match State Changed from EnteringMap to WaitingToStart
[2016.12.27-12.09.40:084][109]LogGameMode:Display: Match State Changed from WaitingToStart to InProgress
[2016.12.27-12.09.49:578][109]LogPython: Python version: 
[2016.12.27-12.09.49:579][109]LogPython: Python version: 
[2016.12.27-12.09.49:579][109]LogPython: Begin Play on PythonAIController class
[2016.12.27-12.09.55:298][109]LogPython: Successfully loaded: D:\saves\saved_networks/dqn-159999
[2016.12.27-12.09.55:299][109]LogGameState: Match State Changed from WaitingToStart to InProgress
[2016.12.27-12.09.55:303][109]PIE: Info Play in editor start time for /Game/Levels/UEDPIE_0_MainGame_Level 15.573
[2016.12.27-12.09.55:304][109]LogBlueprintUserMessages: Late PlayInEditor Detection: Level '/Game/Levels/MainGame_Level.MainGame_Level:PersistentLevel' has LevelScriptBlueprint '/Game/Levels/MainGame_Level.MainGame_Level:PersistentLevel.MainGame_Level' with GeneratedClass '/Game/Levels/MainGame_Level.MainGame_Level_C' with ClassGeneratedBy '/Game/Levels/MainGame_Level.MainGame_Level:PersistentLevel.MainGame_Level'
[2016.12.27-12.09.55:305][109]LogPython: Score: 0
