Log file open, 12/25/16 15:51:12
LogInit:Display: Running engine for game: Unreal2DRunner3
LogPlatformFile: Not using cached read wrapper
LogInit:Display: RandInit(1184630623) SRandInit(1184630623).
LogTaskGraph: Started task graph with 5 named threads and 8 total threads with 1 sets of task threads.
LogStats: Stats thread started at 0.102821
LogPluginManager: Loaded Plugin Paper2D, From D:/Program Files (x86)/Epic Games/4.14/Engine/Plugins/2D/Paper2D/Paper2D.uplugin
LogPluginManager: Loaded Plugin LightPropagationVolume, From D:/Program Files (x86)/Epic Games/4.14/Engine/Plugins/Blendables/LightPropagationVolume/LightPropagationVolume.uplugin
LogPluginManager: Loaded Plugin BlankPlugin, From D:/Program Files (x86)/Epic Games/4.14/Engine/Plugins/Developer/BlankPlugin/BlankPlugin.uplugin
LogPluginManager: Loaded Plugin CodeLiteSourceCodeAccess, From D:/Program Files (x86)/Epic Games/4.14/Engine/Plugins/Developer/CodeLiteSourceCodeAccess/CodeLiteSourceCodeAccess.uplugin
LogPluginManager: Loaded Plugin GitSourceControl, From D:/Program Files (x86)/Epic Games/4.14/Engine/Plugins/Developer/GitSourceControl/GitSourceControl.uplugin
LogPluginManager: Loaded Plugin KDevelopSourceCodeAccess, From D:/Program Files (x86)/Epic Games/4.14/Engine/Plugins/Developer/KDevelopSourceCodeAccess/KDevelopSourceCodeAccess.uplugin
LogPluginManager: Loaded Plugin NullSourceCodeAccess, From D:/Program Files (x86)/Epic Games/4.14/Engine/Plugins/Developer/NullSourceCodeAccess/NullSourceCodeAccess.uplugin
LogPluginManager: Loaded Plugin OneSkyLocalizationService, From D:/Program Files (x86)/Epic Games/4.14/Engine/Plugins/Developer/OneSkyLocalizationService/OneSkyLocalizationService.uplugin
LogPluginManager: Loaded Plugin PerforceSourceControl, From D:/Program Files (x86)/Epic Games/4.14/Engine/Plugins/Developer/PerforceSourceControl/PerforceSourceControl.uplugin
LogPluginManager: Loaded Plugin SubversionSourceControl, From D:/Program Files (x86)/Epic Games/4.14/Engine/Plugins/Developer/SubversionSourceControl/SubversionSourceControl.uplugin
LogPluginManager: Loaded Plugin UObjectPlugin, From D:/Program Files (x86)/Epic Games/4.14/Engine/Plugins/Developer/UObjectPlugin/UObjectPlugin.uplugin
LogPluginManager: Loaded Plugin VisualStudioSourceCodeAccess, From D:/Program Files (x86)/Epic Games/4.14/Engine/Plugins/Developer/VisualStudioSourceCodeAccess/VisualStudioSourceCodeAccess.uplugin
LogPluginManager: Loaded Plugin XCodeSourceCodeAccess, From D:/Program Files (x86)/Epic Games/4.14/Engine/Plugins/Developer/XCodeSourceCodeAccess/XCodeSourceCodeAccess.uplugin
LogPluginManager: Loaded Plugin AudioCapture, From D:/Program Files (x86)/Epic Games/4.14/Engine/Plugins/Editor/AudioCapture/AudioCapture.uplugin
LogPluginManager: Loaded Plugin EpicSurvey, From D:/Program Files (x86)/Epic Games/4.14/Engine/Plugins/Editor/EpicSurvey/EpicSurvey.uplugin
LogPluginManager: Loaded Plugin MacGraphicsSwitching, From D:/Program Files (x86)/Epic Games/4.14/Engine/Plugins/Editor/MacGraphicsSwitching/MacGraphicsSwitching.uplugin
LogPluginManager: Loaded Plugin MobileLauncherProfileWizard, From D:/Program Files (x86)/Epic Games/4.14/Engine/Plugins/Editor/MobileLauncherProfileWizard/MobileLauncherProfileWizard.uplugin
LogPluginManager: Loaded Plugin PluginBrowser, From D:/Program Files (x86)/Epic Games/4.14/Engine/Plugins/Editor/PluginBrowser/PluginBrowser.uplugin
LogPluginManager: Loaded Plugin SpeedTreeImporter, From D:/Program Files (x86)/Epic Games/4.14/Engine/Plugins/Editor/SpeedTreeImporter/SpeedTreeImporter.uplugin
LogPluginManager: Loaded Plugin SuperSearchEditor, From D:/Program Files (x86)/Epic Games/4.14/Engine/Plugins/Editor/SuperSearchEditor/SuperSearchEditor.uplugin
LogPluginManager: Loaded Plugin AlembicImporter, From D:/Program Files (x86)/Epic Games/4.14/Engine/Plugins/Experimental/AlembicImporter/AlembicImporter.uplugin
LogPluginManager: Loaded Plugin BlueprintStats, From D:/Program Files (x86)/Epic Games/4.14/Engine/Plugins/Experimental/BlueprintStats/BlueprintStats.uplugin
LogPluginManager: Loaded Plugin CharacterAI, From D:/Program Files (x86)/Epic Games/4.14/Engine/Plugins/Experimental/CharacterAI/CharacterAI.uplugin
LogPluginManager: Loaded Plugin CodeEditor, From D:/Program Files (x86)/Epic Games/4.14/Engine/Plugins/Experimental/CodeEditor/CodeEditor.uplugin
LogPluginManager: Loaded Plugin CodeView, From D:/Program Files (x86)/Epic Games/4.14/Engine/Plugins/Experimental/CodeView/CodeView.uplugin
LogPluginManager: Loaded Plugin HTML5Networking, From D:/Program Files (x86)/Epic Games/4.14/Engine/Plugins/Experimental/HTML5Networking/HTML5Networking.uplugin
LogPluginManager: Loaded Plugin OSVR, From D:/Program Files (x86)/Epic Games/4.14/Engine/Plugins/Experimental/OSVR/OSVR.uplugin
LogPluginManager: Loaded Plugin Phya, From D:/Program Files (x86)/Epic Games/4.14/Engine/Plugins/Experimental/Phya/Phya.uplugin
LogPluginManager: Loaded Plugin SignificanceManager, From D:/Program Files (x86)/Epic Games/4.14/Engine/Plugins/Experimental/SignificanceManager/SignificanceManager.uplugin
LogPluginManager: Loaded Plugin SimpleHMD, From D:/Program Files (x86)/Epic Games/4.14/Engine/Plugins/Experimental/SimpleHMD/SimpleHMD.uplugin
LogPluginManager: Loaded Plugin StereoPanorama, From D:/Program Files (x86)/Epic Games/4.14/Engine/Plugins/Experimental/StereoPanorama/StereoPanorama.uplugin
LogPluginManager: Loaded Plugin StructBox, From D:/Program Files (x86)/Epic Games/4.14/Engine/Plugins/Experimental/StructBox/StructBox.uplugin
LogPluginManager: Loaded Plugin AndroidMedia, From D:/Program Files (x86)/Epic Games/4.14/Engine/Plugins/Media/AndroidMedia/AndroidMedia.uplugin
LogPluginManager: Loaded Plugin AvfMedia, From D:/Program Files (x86)/Epic Games/4.14/Engine/Plugins/Media/AvfMedia/AvfMedia.uplugin
LogPluginManager: Loaded Plugin MediaPlayerEditor, From D:/Program Files (x86)/Epic Games/4.14/Engine/Plugins/Media/MediaPlayerEditor/MediaPlayerEditor.uplugin
LogPluginManager: Loaded Plugin WmfMedia, From D:/Program Files (x86)/Epic Games/4.14/Engine/Plugins/Media/WmfMedia/WmfMedia.uplugin
LogPluginManager: Loaded Plugin MessagingDebugger, From D:/Program Files (x86)/Epic Games/4.14/Engine/Plugins/Messaging/MessagingDebugger/MessagingDebugger.uplugin
LogPluginManager: Loaded Plugin TcpMessaging, From D:/Program Files (x86)/Epic Games/4.14/Engine/Plugins/Messaging/TcpMessaging/TcpMessaging.uplugin
LogPluginManager: Loaded Plugin UdpMessaging, From D:/Program Files (x86)/Epic Games/4.14/Engine/Plugins/Messaging/UdpMessaging/UdpMessaging.uplugin
LogPluginManager: Loaded Plugin LevelSequenceEditor, From D:/Program Files (x86)/Epic Games/4.14/Engine/Plugins/MovieScene/LevelSequenceEditor/LevelSequenceEditor.uplugin
LogPluginManager: Loaded Plugin MatineeToLevelSequence, From D:/Program Files (x86)/Epic Games/4.14/Engine/Plugins/MovieScene/MatineeToLevelSequence/MatineeToLevelSequence.uplugin
LogPluginManager: Loaded Plugin NetcodeUnitTest, From D:/Program Files (x86)/Epic Games/4.14/Engine/Plugins/NetcodeUnitTest/NetcodeUnitTest/NetcodeUnitTest.uplugin
LogPluginManager: Loaded Plugin NUTUnrealEngine4, From D:/Program Files (x86)/Epic Games/4.14/Engine/Plugins/NetcodeUnitTest/NUTUnrealEngine4/NUTUnrealEngine4.uplugin
LogPluginManager: Loaded Plugin OnlineSubsystemGameCircle, From D:/Program Files (x86)/Epic Games/4.14/Engine/Plugins/Online/Android/OnlineSubsystemGameCircle/OnlineSubsystemGameCircle.uplugin
LogPluginManager: Loaded Plugin OnlineSubsystemGooglePlay, From D:/Program Files (x86)/Epic Games/4.14/Engine/Plugins/Online/Android/OnlineSubsystemGooglePlay/OnlineSubsystemGooglePlay.uplugin
LogPluginManager: Loaded Plugin OnlineSubsystemIOS, From D:/Program Files (x86)/Epic Games/4.14/Engine/Plugins/Online/IOS/OnlineSubsystemIOS/OnlineSubsystemIOS.uplugin
LogPluginManager: Loaded Plugin OnlineFramework, From D:/Program Files (x86)/Epic Games/4.14/Engine/Plugins/Online/OnlineFramework/OnlineFramework.uplugin
LogPluginManager: Loaded Plugin OnlineSubsystem, From D:/Program Files (x86)/Epic Games/4.14/Engine/Plugins/Online/OnlineSubsystem/OnlineSubsystem.uplugin
LogPluginManager: Loaded Plugin OnlineSubsystemAmazon, From D:/Program Files (x86)/Epic Games/4.14/Engine/Plugins/Online/OnlineSubsystemAmazon/OnlineSubsystemAmazon.uplugin
LogPluginManager: Loaded Plugin OnlineSubsystemFacebook, From D:/Program Files (x86)/Epic Games/4.14/Engine/Plugins/Online/OnlineSubsystemFacebook/OnlineSubsystemFacebook.uplugin
LogPluginManager: Loaded Plugin OnlineSubsystemNull, From D:/Program Files (x86)/Epic Games/4.14/Engine/Plugins/Online/OnlineSubsystemNull/OnlineSubsystemNull.uplugin
LogPluginManager: Loaded Plugin OnlineSubsystemOculus, From D:/Program Files (x86)/Epic Games/4.14/Engine/Plugins/Online/OnlineSubsystemOculus/OnlineSubsystemOculus.uplugin
LogPluginManager: Loaded Plugin OnlineSubsystemSteam, From D:/Program Files (x86)/Epic Games/4.14/Engine/Plugins/Online/OnlineSubsystemSteam/OnlineSubsystemSteam.uplugin
LogPluginManager: Loaded Plugin OnlineSubsystemUtils, From D:/Program Files (x86)/Epic Games/4.14/Engine/Plugins/Online/OnlineSubsystemUtils/OnlineSubsystemUtils.uplugin
LogPluginManager: Loaded Plugin IOSTapJoy, From D:/Program Files (x86)/Epic Games/4.14/Engine/Plugins/Runtime/Advertising/IOSTapJoy/IOSTapJoy.uplugin
LogPluginManager: Loaded Plugin AnalyticsBlueprintLibrary, From D:/Program Files (x86)/Epic Games/4.14/Engine/Plugins/Runtime/Analytics/AnalyticsBlueprintLibrary/AnalyticsBlueprintLibrary.uplugin
LogPluginManager: Loaded Plugin AnalyticsMulticast, From D:/Program Files (x86)/Epic Games/4.14/Engine/Plugins/Runtime/Analytics/AnalyticsMulticast/AnalyticsMulticast.uplugin
LogPluginManager: Loaded Plugin Apsalar, From D:/Program Files (x86)/Epic Games/4.14/Engine/Plugins/Runtime/Analytics/Apsalar/Apsalar.uplugin
LogPluginManager: Loaded Plugin FileLogging, From D:/Program Files (x86)/Epic Games/4.14/Engine/Plugins/Runtime/Analytics/FileLogging/FileLogging.uplugin
LogPluginManager: Loaded Plugin Flurry, From D:/Program Files (x86)/Epic Games/4.14/Engine/Plugins/Runtime/Analytics/Flurry/Flurry.uplugin
LogPluginManager: Loaded Plugin AndroidDeviceProfileSelector, From D:/Program Files (x86)/Epic Games/4.14/Engine/Plugins/Runtime/AndroidDeviceProfileSelector/AndroidDeviceProfileSelector.uplugin
LogPluginManager: Loaded Plugin AndroidMoviePlayer, From D:/Program Files (x86)/Epic Games/4.14/Engine/Plugins/Runtime/AndroidMoviePlayer/AndroidMoviePlayer.uplugin
LogPluginManager: Loaded Plugin AppleMoviePlayer, From D:/Program Files (x86)/Epic Games/4.14/Engine/Plugins/Runtime/AppleMoviePlayer/AppleMoviePlayer.uplugin
LogPluginManager: Loaded Plugin ArchVisCharacter, From D:/Program Files (x86)/Epic Games/4.14/Engine/Plugins/Runtime/ArchVisCharacter/ArchVisCharacter.uplugin
LogPluginManager: Loaded Plugin CableComponent, From D:/Program Files (x86)/Epic Games/4.14/Engine/Plugins/Runtime/CableComponent/CableComponent.uplugin
LogPluginManager: Loaded Plugin CustomMeshComponent, From D:/Program Files (x86)/Epic Games/4.14/Engine/Plugins/Runtime/CustomMeshComponent/CustomMeshComponent.uplugin
LogPluginManager: Loaded Plugin ExampleDeviceProfileSelector, From D:/Program Files (x86)/Epic Games/4.14/Engine/Plugins/Runtime/ExampleDeviceProfileSelector/ExampleDeviceProfileSelector.uplugin
LogPluginManager: Loaded Plugin GearVR, From D:/Program Files (x86)/Epic Games/4.14/Engine/Plugins/Runtime/GearVR/GearVR.uplugin
LogPluginManager: Loaded Plugin GoogleVRController, From D:/Program Files (x86)/Epic Games/4.14/Engine/Plugins/Runtime/GoogleVR/GoogleVRController/GoogleVRController.uplugin
LogPluginManager: Loaded Plugin GoogleVRHMD, From D:/Program Files (x86)/Epic Games/4.14/Engine/Plugins/Runtime/GoogleVR/GoogleVRHMD/GoogleVRHMD.uplugin
LogPluginManager: Loaded Plugin IOSDeviceProfileSelector, From D:/Program Files (x86)/Epic Games/4.14/Engine/Plugins/Runtime/IOSDeviceProfileSelector/IOSDeviceProfileSelector.uplugin
LogPluginManager: Loaded Plugin LeapMotion, From D:/Program Files (x86)/Epic Games/4.14/Engine/Plugins/Runtime/LeapMotion/LeapMotion.uplugin
LogPluginManager: Loaded Plugin LinuxDeviceProfileSelector, From D:/Program Files (x86)/Epic Games/4.14/Engine/Plugins/Runtime/LinuxDeviceProfileSelector/LinuxDeviceProfileSelector.uplugin
LogPluginManager: Loaded Plugin MIDIDevice, From D:/Program Files (x86)/Epic Games/4.14/Engine/Plugins/Runtime/MIDIDevice/MIDIDevice.uplugin
LogPluginManager: Loaded Plugin MobilePatchingUtils, From D:/Program Files (x86)/Epic Games/4.14/Engine/Plugins/Runtime/MobilePatchingUtils/MobilePatchingUtils.uplugin
LogPluginManager: Loaded Plugin Ansel, From D:/Program Files (x86)/Epic Games/4.14/Engine/Plugins/Runtime/Nvidia/Ansel/Ansel.uplugin
LogPluginManager: Loaded Plugin OculusAudio, From D:/Program Files (x86)/Epic Games/4.14/Engine/Plugins/Runtime/OculusAudio/OculusAudio.uplugin
LogPluginManager: Loaded Plugin OculusInput, From D:/Program Files (x86)/Epic Games/4.14/Engine/Plugins/Runtime/OculusInput/OculusInput.uplugin
LogPluginManager: Loaded Plugin OculusLibrary, From D:/Program Files (x86)/Epic Games/4.14/Engine/Plugins/Runtime/OculusLibrary/OculusLibrary.uplugin
LogPluginManager: Loaded Plugin OculusRift, From D:/Program Files (x86)/Epic Games/4.14/Engine/Plugins/Runtime/OculusRift/OculusRift.uplugin
LogPluginManager: Loaded Plugin Oodle, From D:/Program Files (x86)/Epic Games/4.14/Engine/Plugins/Runtime/PacketHandlers/CompressionComponents/Oodle/Oodle.uplugin
LogPluginManager: Loaded Plugin ProceduralMeshComponent, From D:/Program Files (x86)/Epic Games/4.14/Engine/Plugins/Runtime/ProceduralMeshComponent/ProceduralMeshComponent.uplugin
LogPluginManager: Loaded Plugin SoundMod, From D:/Program Files (x86)/Epic Games/4.14/Engine/Plugins/Runtime/SoundMod/SoundMod.uplugin
LogPluginManager: Loaded Plugin SoundVisualizations, From D:/Program Files (x86)/Epic Games/4.14/Engine/Plugins/Runtime/SoundVisualizations/SoundVisualizations.uplugin
LogPluginManager: Loaded Plugin SteamController, From D:/Program Files (x86)/Epic Games/4.14/Engine/Plugins/Runtime/Steam/SteamController/SteamController.uplugin
LogPluginManager: Loaded Plugin SteamVR, From D:/Program Files (x86)/Epic Games/4.14/Engine/Plugins/Runtime/Steam/SteamVR/SteamVR.uplugin
LogPluginManager: Loaded Plugin WebBrowserWidget, From D:/Program Files (x86)/Epic Games/4.14/Engine/Plugins/Runtime/WebBrowserWidget/WebBrowserWidget.uplugin
LogPluginManager: Loaded Plugin WindowsDeviceProfileSelector, From D:/Program Files (x86)/Epic Games/4.14/Engine/Plugins/Runtime/WindowsDeviceProfileSelector/WindowsDeviceProfileSelector.uplugin
LogPluginManager: Loaded Plugin WindowsMoviePlayer, From D:/Program Files (x86)/Epic Games/4.14/Engine/Plugins/Runtime/WindowsMoviePlayer/WindowsMoviePlayer.uplugin
LogPluginManager: Loaded Plugin ScriptPlugin, From D:/Program Files (x86)/Epic Games/4.14/Engine/Plugins/ScriptPlugin/ScriptPlugin.uplugin
LogPluginManager: Loaded Plugin SlateRemote, From D:/Program Files (x86)/Epic Games/4.14/Engine/Plugins/Slate/SlateRemote/SlateRemote.uplugin
LogPluginManager: Loaded Plugin EditorTests, From D:/Program Files (x86)/Epic Games/4.14/Engine/Plugins/Tests/EditorTests/EditorTests.uplugin
LogPluginManager: Loaded Plugin FbxAutomationTestBuilder, From D:/Program Files (x86)/Epic Games/4.14/Engine/Plugins/Tests/FbxAutomationTestBuilder/FbxAutomationTestBuilder.uplugin
LogPluginManager: Loaded Plugin FunctionalTestingEditor, From D:/Program Files (x86)/Epic Games/4.14/Engine/Plugins/Tests/FunctionalTestingEditor/FunctionalTestingEditor.uplugin
LogPluginManager: Loaded Plugin RuntimeTests, From D:/Program Files (x86)/Epic Games/4.14/Engine/Plugins/Tests/RuntimeTests/RuntimeTests.uplugin
LogPluginManager: Loaded Plugin ScreenshotTools, From D:/Program Files (x86)/Epic Games/4.14/Engine/Plugins/Tests/ScreenshotTools/ScreenshotTools.uplugin
LogPluginManager: Loaded Plugin UnrealEnginePython, From D:/Users/matvey/Documents/UnrealProjects/Unreal2DRunner/Plugins/UnrealEnginePython/UnrealEnginePython.uplugin
LogInit: Using libcurl 7.47.1
LogInit:  - built for x86_64-pc-win32
LogInit:  - supports SSL with OpenSSL/1.0.2g
LogInit:  - supports HTTP deflate (compression) using libz 1.2.8
LogInit:  - other features:
LogInit:      CURL_VERSION_SSL
LogInit:      CURL_VERSION_LIBZ
LogInit:      CURL_VERSION_IPV6
LogInit:      CURL_VERSION_ASYNCHDNS
LogInit:      CURL_VERSION_LARGEFILE
LogInit:      CURL_VERSION_IDN
LogInit:  CurlRequestOptions (configurable via config and command line):
LogInit:  - bVerifyPeer = false  - Libcurl will NOT verify peer certificate
LogInit:  - bUseHttpProxy = false  - Libcurl will NOT use HTTP proxy
LogInit:  - bDontReuseConnections = false  - Libcurl will reuse connections
LogInit:  - CertBundlePath = nullptr  - Libcurl will use whatever was configured at build time.
LogInit: Build: ++UE4+Release-4.14-CL-3224400
LogInit: Engine Version: 4.14.1-3224400+++UE4+Release-4.14
LogInit: Compatible Engine Version: 4.14.0-3195953+++UE4+Release-4.14
LogInit: Net CL: 3195953
LogDevObjectVersion: Number of dev versions registered: 13
LogDevObjectVersion:   Dev-Blueprints (B0D832E4-1F89-4F0D-ACCF-7EB736FD4AA2): 7
LogDevObjectVersion:   Dev-Build (E1C64328-A22C-4D53-A36C-8E866417BD8C): 0
LogDevObjectVersion:   Dev-Core (375EC13C-06E4-48FB-B500-84F0262A717E): 1
LogDevObjectVersion:   Dev-Editor (E4B068ED-F494-42E9-A231-DA0B2E46BB41): 8
LogDevObjectVersion:   Dev-Framework (CFFC743F-43B0-4480-9391-14DF171D2073): 17
LogDevObjectVersion:   Dev-Mobile (B02B49B5-BB20-44E9-A304-32B752E40360): 0
LogDevObjectVersion:   Dev-Networking (A4E4105C-59A1-49B5-A7C5-40C4547EDFEE): 0
LogDevObjectVersion:   Dev-Online (39C831C9-5AE6-47DC-9A44-9C173E1C8E7C): 0
LogDevObjectVersion:   Dev-Physics (78F01B33-EBEA-4F98-B9B4-84EACCB95AA2): 0
LogDevObjectVersion:   Dev-Platform (6631380F-2D4D-43E0-8009-CF276956A95A): 0
LogDevObjectVersion:   Dev-Rendering (12F88B9F-8875-4AFC-A67C-D90C383ABD29): 12
LogDevObjectVersion:   Dev-Sequencer (7B5AE74C-D270-4C10-A958-57980B212A5A): 1
LogDevObjectVersion:   Dev-VR (D7296918-1DD6-4BDD-9DE2-64A83CC13884): 0
LogInit: Compiled (64-bit): Dec  7 2016 02:14:32
LogInit: Compiled with Visual C++: 19.00.23026.00
LogInit: Build Configuration: Development
LogInit: Branch Name: ++UE4+Release-4.14
LogInit: Command line:  
LogInit: Base directory: D:/Program Files (x86)/Epic Games/4.14/Engine/Binaries/Win64/
LogInit: Installed Engine Build: 1
LogInit: Presizing for max 8388607 objects, including 0 objects not considered by GC, pre-allocating 0 bytes for permanent pool.
LogInit: Object subsystem initialized
[2016.12.25-12.51.12:843][  0]LogInit: Selected Device Profile: [Windows]
[2016.12.25-12.51.12:843][  0]LogInit: Applying CVar settings loaded from the selected device profile: [Windows]
[2016.12.25-12.51.12:866][  0]LogInit: Computer: DESKTOP-KKUTPK0
[2016.12.25-12.51.12:866][  0]LogInit: User: matvey
[2016.12.25-12.51.12:866][  0]LogInit: CPU Page size=65536, Cores=4
[2016.12.25-12.51.12:866][  0]LogInit: High frequency timer resolution =3.914059 MHz
[2016.12.25-12.51.12:866][  0]LogMemory: Memory total: Physical=16.0GB (16GB approx)
[2016.12.25-12.51.12:866][  0]LogMemory: Platform Memory Stats for Windows
[2016.12.25-12.51.12:866][  0]LogMemory: Process Physical Memory: 264.51 MB used, 264.51 MB peak
[2016.12.25-12.51.12:866][  0]LogMemory: Process Virtual Memory: 262.91 MB used, 262.91 MB peak
[2016.12.25-12.51.12:866][  0]LogMemory: Physical Memory: 8605.52 MB used,  7727.62 MB free, 16333.13 MB total
[2016.12.25-12.51.12:866][  0]LogMemory: Virtual Memory: 675.73 MB used,  7727.62 MB free, 134217728.00 MB total
[2016.12.25-12.51.13:208][  0]LogTextLocalizationManager: No specific translations for ('en-US') exist, so ('en') translations will be used.
[2016.12.25-12.51.15:065][  0]LogD3D11RHI: D3D11 adapters:
[2016.12.25-12.51.15:086][  0]LogD3D11RHI:    0. 'NVIDIA GeForce GTX 1070' (Feature Level 11_0)
[2016.12.25-12.51.15:086][  0]LogD3D11RHI:       8142/0/8166 MB DedicatedVideo/DedicatedSystem/SharedSystem, Outputs:1, VendorId:0x10de
[2016.12.25-12.51.15:086][  0]LogD3D11RHI:    1. 'Microsoft Basic Render Driver' (Feature Level 11_0)
[2016.12.25-12.51.15:086][  0]LogD3D11RHI:       0/0/8166 MB DedicatedVideo/DedicatedSystem/SharedSystem, Outputs:0, VendorId:0x1414
[2016.12.25-12.51.15:086][  0]LogD3D11RHI: Chosen D3D11 Adapter: 0
[2016.12.25-12.51.15:089][  0]LogD3D11RHI: Creating new Direct3DDevice
[2016.12.25-12.51.15:089][  0]LogD3D11RHI:     GPU DeviceId: 0x1b81 (for the marketing name, search the web for "GPU Device Id")
[2016.12.25-12.51.15:089][  0]LogWindows: EnumDisplayDevices:
[2016.12.25-12.51.15:089][  0]LogWindows:    0. 'NVIDIA GeForce GTX 1070' (P:1 D:1)
[2016.12.25-12.51.15:089][  0]LogWindows:    1. 'NVIDIA GeForce GTX 1070' (P:0 D:0)
[2016.12.25-12.51.15:090][  0]LogWindows:    2. 'NVIDIA GeForce GTX 1070' (P:0 D:0)
[2016.12.25-12.51.15:090][  0]LogWindows:    3. 'NVIDIA GeForce GTX 1070' (P:0 D:0)
[2016.12.25-12.51.15:090][  0]LogWindows: DebugString: FoundDriverCount:4 
[2016.12.25-12.51.15:090][  0]LogD3D11RHI:     Adapter Name: NVIDIA GeForce GTX 1070
[2016.12.25-12.51.15:090][  0]LogD3D11RHI:   Driver Version: 369.30 (internal:21.21.13.6930, unified:369.30)
[2016.12.25-12.51.15:090][  0]LogD3D11RHI:      Driver Date: 9-4-2016
[2016.12.25-12.51.15:090][  0]LogRHI: Texture pool is 1361 MB (70% of 1945 MB)
[2016.12.25-12.51.15:103][  0]LogD3D11RHI: Async texture creation enabled
[2016.12.25-12.51.15:112][  0]LogD3D11RHI: GPU Timing Frequency: 1000.000000 (Debug: 2 1)
[2016.12.25-12.51.15:113][  0]LogShaderCompilers: Guid format shader working directory is -23 characters bigger than the processId version (../../../../../../Users/matvey/Documents/UnrealProjects/Unreal2DRunner/Intermediate/Shaders/WorkingDirectory/6096/).
[2016.12.25-12.51.15:113][  0]LogShaderCompilers: Cleaned the shader compiler working directory 'C:/Users/matvey/AppData/Local/Temp/UnrealShaderWorkingDir/CD8F8CFA43BE3E0A1BFB18A7DF191123/'.
[2016.12.25-12.51.15:113][  0]LogShaderCompilers:Display: Using Local Shader Compiler.
[2016.12.25-12.51.19:047][  0]LogTemp:Display: Loaded TP AllDesktopTargetPlatform
[2016.12.25-12.51.19:089][  0]LogTemp:Display: Loaded TP MacClientTargetPlatform
[2016.12.25-12.51.19:128][  0]LogTemp:Display: Loaded TP MacNoEditorTargetPlatform
[2016.12.25-12.51.19:168][  0]LogTemp:Display: Loaded TP MacServerTargetPlatform
[2016.12.25-12.51.19:213][  0]LogTemp:Display: Loaded TP MacTargetPlatform
[2016.12.25-12.51.19:252][  0]LogTemp:Display: Loaded TP WindowsClientTargetPlatform
[2016.12.25-12.51.19:296][  0]LogTemp:Display: Loaded TP WindowsNoEditorTargetPlatform
[2016.12.25-12.51.19:337][  0]LogTemp:Display: Loaded TP WindowsServerTargetPlatform
[2016.12.25-12.51.19:368][  0]LogTemp:Display: Loaded TP WindowsTargetPlatform
[2016.12.25-12.51.19:410][  0]LogTemp:Display: Loaded TP AndroidTargetPlatform
[2016.12.25-12.51.19:450][  0]LogTemp:Display: Loaded TP Android_ASTCTargetPlatform
[2016.12.25-12.51.19:492][  0]LogTemp:Display: Loaded TP Android_ATCTargetPlatform
[2016.12.25-12.51.19:532][  0]LogTemp:Display: Loaded TP Android_DXTTargetPlatform
[2016.12.25-12.51.19:570][  0]LogTemp:Display: Loaded TP Android_ETC1TargetPlatform
[2016.12.25-12.51.19:610][  0]LogTemp:Display: Loaded TP Android_ETC2TargetPlatform
[2016.12.25-12.51.19:688][  0]LogTemp:Display: Loaded TP Android_MultiTargetPlatform
[2016.12.25-12.51.19:688][  0]LogTemp:Display: Loaded TP Android_PVRTCTargetPlatform
[2016.12.25-12.51.19:714][  0]LogTemp:Display: Loaded TP HTML5TargetPlatform
[2016.12.25-12.51.19:823][  0]LogTemp:Display: Loaded TP IOSTargetPlatform
[2016.12.25-12.51.19:850][  0]LogTemp:Display: Loaded TP TVOSTargetPlatform
[2016.12.25-12.51.19:889][  0]LogTemp:Display: Loaded TP LinuxClientTargetPlatform
[2016.12.25-12.51.19:926][  0]LogTemp:Display: Loaded TP LinuxNoEditorTargetPlatform
[2016.12.25-12.51.19:966][  0]LogTemp:Display: Loaded TP LinuxServerTargetPlatform
[2016.12.25-12.51.20:012][  0]LogTemp:Display: Loaded TP LinuxTargetPlatform
[2016.12.25-12.51.20:012][  0]LogTargetPlatformManager:Display: Building Assets For Windows
[2016.12.25-12.51.20:701][  0]LogDerivedDataCache:Display: Max Cache Size: 512 MB
[2016.12.25-12.51.20:746][  0]LogDerivedDataCache: Loaded boot cache 0.04s 50MB C:/Users/matvey/AppData/Local/UnrealEngine/4.14/DerivedDataCache/Boot.ddc.
[2016.12.25-12.51.20:746][  0]LogDerivedDataCache:Display: Loaded Boot cache: C:/Users/matvey/AppData/Local/UnrealEngine/4.14/DerivedDataCache/Boot.ddc
[2016.12.25-12.51.20:746][  0]LogDerivedDataCache: FDerivedDataBackendGraph:  Pak pak cache file ../../../../../../Users/matvey/Documents/UnrealProjects/Unreal2DRunner/DerivedDataCache/DDC.ddp not found, will not use a pak cache.
[2016.12.25-12.51.20:746][  0]LogDerivedDataCache: Unable to find inner node Pak for hierarchical cache Hierarchy.
[2016.12.25-12.51.20:746][  0]LogDerivedDataCache: FDerivedDataBackendGraph:  CompressedPak pak cache file ../../../../../../Users/matvey/Documents/UnrealProjects/Unreal2DRunner/DerivedDataCache/Compressed.ddp not found, will not use a pak cache.
[2016.12.25-12.51.20:746][  0]LogDerivedDataCache: Unable to find inner node CompressedPak for hierarchical cache Hierarchy.
[2016.12.25-12.51.20:772][  0]LogDerivedDataCache:Display: Pak cache opened for reading ../../../Engine/DerivedDataCache/Compressed.ddp.
[2016.12.25-12.51.20:783][  0]LogDerivedDataCache: Using Local data cache path C:/Users/matvey/AppData/Local/UnrealEngine/Common/DerivedDataCache: Writable
[2016.12.25-12.51.24:826][  0]LogInit: Selected Device Profile: [Windows]
[2016.12.25-12.51.24:829][  0]LogContentStreaming: Texture pool size is 0.00 MB
[2016.12.25-12.51.25:012][  0]LogMeshUtilities: Using QuadricMeshReduction for automatic static mesh reduction
[2016.12.25-12.51.25:063][  0]LogSimplygon: Simplygon DLL not present - disabling.
[2016.12.25-12.51.25:094][  0]LogMeshUtilities: Using SimplygonSwarm for distributed automatic mesh merging
[2016.12.25-12.51.25:094][  0]LogMeshUtilities: No automatic skeletal mesh reduction module available
[2016.12.25-12.51.25:094][  0]LogMeshUtilities: No automatic mesh merging module available
[2016.12.25-12.51.25:949][  0]LogNetVersion: GetLocalNetworkVersion: CL: 3195953, ProjectName: unreal2drunner3, ProjectVersion: , EngineNetworkVersion: 2, GameNetworkVersion: 0, NetworkChecksum: 3246814908
[2016.12.25-12.51.26:003][  0]LogAssetRegistry: FAssetRegistry took 0.0213 seconds to start up
[2016.12.25-12.51.26:018][  0]LogDirectoryWatcher:Warning: Failed to begin reading directory changes for ../../../../../../Users/matvey/Documents/UnrealProjects/Unreal2DRunner/Plugins/UnrealEnginePython/Content/. Error: The system cannot find the file specified. (0x00000002)
[2016.12.25-12.51.26:050][  0]LogPackageLocalizationCache: Processed 4 localized package path(s) for 2 prioritized culture(s) in 0.031534 seconds
[2016.12.25-12.51.26:055][  0]LogUObjectArray: 31946 objects as part of root set at end of initial load.
[2016.12.25-12.51.26:055][  0]LogUObjectAllocator: 6935848 out of 0 bytes used by permanent object pool.
[2016.12.25-12.51.26:055][  0]LogUObjectArray: CloseDisregardForGC: 0/0 objects in disregard for GC pool
[2016.12.25-12.51.26:096][  0]LogInit: WinSock: version 1.1 (2.2), MaxSocks=32767, MaxUdp=65467
[2016.12.25-12.51.26:633][  0]LogSlate: Using Freetype 2.6.0
[2016.12.25-12.51.26:642][  0]LogSlate: SlateFontCache - WITH_FREETYPE: 1, WITH_HARFBUZZ: 1
[2016.12.25-12.51.26:642][  0]LogSlate: SlateFontCache - WITH_FREETYPE: 1, WITH_HARFBUZZ: 1
[2016.12.25-12.51.27:871][  0]LogTcpMessaging: Initializing TcpMessaging bridge
[2016.12.25-12.51.27:901][  0]LogUdpMessaging: Initializing bridge on interface 0.0.0.0:0 to multicast group 230.0.0.1:6666.
[2016.12.25-12.51.28:183][  0]LogPython: Python VM initialized: 3.5.2 |Anaconda custom (64-bit)| (default, Jul  5 2016, 11:41:13) [MSC v.1900 64 bit (AMD64)]
[2016.12.25-12.51.28:183][  0]LogPython: Python Scripts search path: ../../../../../../Users/matvey/Documents/UnrealProjects/Unreal2DRunner/Content/Scripts
[2016.12.25-12.51.28:184][  0]LogPython:Error: No module named 'ue_site'
[2016.12.25-12.51.28:442][  0]LogMaterial: Uniform references updated for custom material expression Custom.
[2016.12.25-12.51.28:798][  0]SourceControl: Info Source control is disabled
[2016.12.25-12.51.28:798][  0]SourceControl: Info Source control is disabled
[2016.12.25-12.51.28:834][  0]SourceControl: Info Source control is disabled
[2016.12.25-12.51.28:867][  0]SourceControl: Info Source control is disabled
[2016.12.25-12.51.29:858][  0]LogEngine: Initializing Engine...
[2016.12.25-12.51.29:858][  0]LogHMD: Failed to initialize OpenVR with code 110
[2016.12.25-12.51.30:125][  0]LogAIModule: Creating AISystem for world Untitled
[2016.12.25-12.51.30:132][  0]LogInit: XAudio2 using 'Headphones (High Definition Audio Device)' : 2 channels at 44.1 kHz using 16 bits per sample (channel mask 0x3)
[2016.12.25-12.51.30:141][  0]LogInit: FAudioDevice initialized.
[2016.12.25-12.51.30:161][  0]LogDerivedDataCache: Saved boot cache 0.02s 50MB C:/Users/matvey/AppData/Local/UnrealEngine/4.14/DerivedDataCache/Boot.ddc.
[2016.12.25-12.51.30:169][  0]LogInit: Texture streaming: Enabled
[2016.12.25-12.51.30:388][  0]LogInit: Transaction tracking system initialized
[2016.12.25-12.51.30:637][  0]BlueprintLog: New page: Editor Load
[2016.12.25-12.51.31:306][  0]LocalizationService: Info Localization service is disabled
[2016.12.25-12.51.31:794][  0]LogConsoleResponse:Display: 
[2016.12.25-12.51.32:146][  0]LogCook:Display: Max memory allowance for cook 16384mb min free memory 0mb
[2016.12.25-12.51.32:146][  0]LogCook:Display: Mobile HDR setting 1
[2016.12.25-12.51.32:910][  0]LogFileCache: Scanning file cache for directory 'D:/Users/matvey/Documents/UnrealProjects/Unreal2DRunner/Content/' took 0.02s
[2016.12.25-12.51.32:910][  0]SourceControl: Info Source control is disabled
[2016.12.25-12.51.32:910][  0]Cmd: MAP LOAD FILE="../../../../../../Users/matvey/Documents/UnrealProjects/Unreal2DRunner/Content/Levels/MainGame_Level.umap" TEMPLATE=0 SHOWPROGRESS=1 FEATURELEVEL=3
[2016.12.25-12.51.32:913][  0]LightingResults: New page: Lighting Build
[2016.12.25-12.51.32:945][  0]MapCheck: New page: Map Check
[2016.12.25-12.51.32:945][  0]LightingResults: New page: Lighting Build
[2016.12.25-12.51.33:330][  0]LogAIModule: Creating AISystem for world MainGame_Level
[2016.12.25-12.51.33:330][  0]LogActorComponent: RegisterComponentWithWorld: (/Game/Levels/MainGame_Level.MainGame_Level:PersistentLevel.WorldSettings.StaticMeshComponent0) Trying to register component with IsPendingKill() == true. Aborting.
[2016.12.25-12.51.33:333][  0]LogEditorServer: Finished looking for orphan Actors (0.000 secs)
[2016.12.25-12.51.33:334][  0]Cmd: MAP CHECKDEP NOCLEARLOG
[2016.12.25-12.51.33:367][  0]MapCheck: Info Map check complete: 0 Error(s), 0 Warning(s), took 33.206ms to complete.
[2016.12.25-12.51.33:367][  0]LogFileHelpers: Loading map 'MainGame_Level' took 0.457
[2016.12.25-12.51.33:490][  0]LogCollectionManager: Loaded 0 collections in 0.000781 seconds
[2016.12.25-12.51.33:558][  0]LogFileCache: Scanning file cache for directory 'D:/Users/matvey/Documents/UnrealProjects/Unreal2DRunner/Saved/Collections/' took 0.01s
[2016.12.25-12.51.33:558][  0]LogFileCache: Scanning file cache for directory 'D:/Users/matvey/Documents/UnrealProjects/Unreal2DRunner/Content/Developers/matvey/Collections/' took 0.01s
[2016.12.25-12.51.33:558][  0]LogFileCache: Scanning file cache for directory 'D:/Users/matvey/Documents/UnrealProjects/Unreal2DRunner/Content/Collections/' took 0.01s
[2016.12.25-12.51.33:558][  0]LogCollectionManager: Rebuilt the GUID cache for 0 collections in 0.000002 seconds
[2016.12.25-12.51.33:566][  0]LogContentBrowser: Native class hierarchy populated in 0.0079 seconds. Added 2202 classes and 435 folders.
[2016.12.25-12.51.33:602][  0]LogStats: UGameplayTagsManager::ConstructGameplayTagTree: Construct from data asset -  0.000 s
[2016.12.25-12.51.33:602][  0]LogStats: UGameplayTagsManager::ConstructGameplayTagTree: GameplayTagTreeChangedEvent.Broadcast -  0.000 s
[2016.12.25-12.51.33:604][  0]LogContentBrowser: Native class hierarchy updated for 'GameplayTags' in 0.0015 seconds. Added 13 classes and 0 folders.
[2016.12.25-12.51.33:653][  0]LogContentBrowser: Native class hierarchy updated for 'WidgetCarousel' in 0.0011 seconds. Added 0 classes and 0 folders.
[2016.12.25-12.51.33:861][  0]LogContentBrowser: Native class hierarchy updated for 'AddContentDialog' in 0.0013 seconds. Added 0 classes and 0 folders.
[2016.12.25-12.51.33:896][  0]LogContentBrowser: Native class hierarchy updated for 'SceneOutliner' in 0.0011 seconds. Added 1 classes and 2 folders.
[2016.12.25-12.51.33:929][  0]LogCrashTracker: Crashtracker disabled due to settings.
[2016.12.25-12.51.33:935][  0]LogUObjectGlobals:Warning: Failed to find object 'Class None.'
[2016.12.25-12.51.33:988][  0]LogContentBrowser: Native class hierarchy updated for 'HierarchicalLODOutliner' in 0.0011 seconds. Added 1 classes and 2 folders.
[2016.12.25-12.51.33:988][  0]LogLoad: (Engine Initialization) Total time: 24.02 seconds
[2016.12.25-12.51.33:988][  0]LogLoad: (Engine Initialization) Total Blueprint compile time: 0.15 seconds
[2016.12.25-12.51.33:988][  0]LogExternalProfiler: Found external profiler: VSPerf
[2016.12.25-12.51.33:988][  0]LogExternalProfiler: Using external profiler: VSPerf
[2016.12.25-12.51.34:020][  0]LogOcInput: OculusInput pre-init called
[2016.12.25-12.51.34:034][  0]LogAssetRegistry: Asset discovery search completed in 8.0532 seconds
[2016.12.25-12.51.34:034][  0]LogCollectionManager: Rebuilt the object cache for 0 collections in 0.000001 seconds (found 0 objects)
[2016.12.25-12.51.34:034][  0]LogCollectionManager: Fixed up redirectors for 0 collections in 0.000023 seconds (updated 0 objects)
[2016.12.25-12.51.34:036][  0]LogContentStreaming: Texture pool size now 1000 MB
[2016.12.25-12.51.34:206][  0]LogRenderer: Reallocating scene render targets to support 1680x100 NumSamples 1 (Frame:2).
[2016.12.25-12.51.52:832][602]LogTemp: Repeting last play command: New Editor Window (PIE)
[2016.12.25-12.51.52:844][602]LogBlueprintUserMessages: Early PlayInEditor Detection: Level '/Game/Levels/MainGame_Level.MainGame_Level:PersistentLevel' has LevelScriptBlueprint '/Game/Levels/MainGame_Level.MainGame_Level:PersistentLevel.MainGame_Level' with GeneratedClass '/Game/Levels/MainGame_Level.MainGame_Level_C' with ClassGeneratedBy '/Game/Levels/MainGame_Level.MainGame_Level:PersistentLevel.MainGame_Level'
[2016.12.25-12.51.52:844][602]LogPlayLevel: PlayLevel: No blueprints needed recompiling
[2016.12.25-12.51.52:845][602]PIE: New page: PIE session: MainGame_Level (Dec 25, 2016, 7:51:52 PM)
[2016.12.25-12.51.52:845][602]LogPlayLevel: Creating play world package: /Game/Levels/UEDPIE_0_MainGame_Level
[2016.12.25-12.51.52:848][602]LogPlayLevel: PIE: StaticDuplicateObject took: (0.002657s)
[2016.12.25-12.51.52:848][602]LogAIModule: Creating AISystem for world MainGame_Level
[2016.12.25-12.51.52:848][602]LogPlayLevel: PIE: World Init took: (0.000651s)
[2016.12.25-12.51.52:848][602]LogPlayLevel: PIE: Created PIE world by copying editor world from /Game/Levels/MainGame_Level.MainGame_Level to /Game/Levels/UEDPIE_0_MainGame_Level.MainGame_Level (0.003696s)
[2016.12.25-12.51.52:865][602]LogInit: XAudio2 using 'Headphones (High Definition Audio Device)' : 2 channels at 44.1 kHz using 16 bits per sample (channel mask 0x3)
[2016.12.25-12.51.52:870][602]LogInit: FAudioDevice initialized.
[2016.12.25-12.51.52:916][602]LogLoad: Game class is 'MyGameMode_C'
[2016.12.25-12.51.52:919][602]LogWorld: Bringing World /Game/Levels/UEDPIE_0_MainGame_Level.MainGame_Level up for play (max tick rate 0) at 2016.12.25-15.51.52
[2016.12.25-12.51.52:920][602]LogWorld: Bringing up level for play took: 0.002076
[2016.12.25-12.51.52:949][602]LogContentBrowser: Native class hierarchy updated for 'MovieSceneCapture' in 0.0016 seconds. Added 11 classes and 0 folders.
[2016.12.25-12.51.52:950][602]LogGameMode:Display: Match State Changed from EnteringMap to WaitingToStart
[2016.12.25-12.51.52:950][602]LogGameState: Match State Changed from EnteringMap to WaitingToStart
[2016.12.25-12.51.52:950][602]LogGameMode:Display: Match State Changed from WaitingToStart to InProgress
[2016.12.25-12.52.09:797][602]LogPython: Python version: 
[2016.12.25-12.52.09:797][602]LogPython: Python version: 
[2016.12.25-12.52.09:797][602]LogPython: Begin Play on PythonAIController class
[2016.12.25-12.52.13:279][602]LogPython: Successfully loaded: D:/Users/matvey/Documents/UnrealProjects/Unreal2DRunner/saved_networks/2DRunner-dqn-1020000
[2016.12.25-12.52.13:283][602]LogGameState: Match State Changed from WaitingToStart to InProgress
[2016.12.25-12.52.13:286][602]PIE: Info Play in editor start time for /Game/Levels/UEDPIE_0_MainGame_Level 19.468
[2016.12.25-12.52.13:287][602]LogBlueprintUserMessages: Late PlayInEditor Detection: Level '/Game/Levels/MainGame_Level.MainGame_Level:PersistentLevel' has LevelScriptBlueprint '/Game/Levels/MainGame_Level.MainGame_Level:PersistentLevel.MainGame_Level' with GeneratedClass '/Game/Levels/MainGame_Level.MainGame_Level_C' with ClassGeneratedBy '/Game/Levels/MainGame_Level.MainGame_Level:PersistentLevel.MainGame_Level'
[2016.12.25-12.52.13:320][602]LogRenderer: Reallocating scene render targets to support 1680x240 NumSamples 1 (Frame:5).
[2016.12.25-12.52.18:090][786]LogPython: TIMESTEP 100, STATE observe, EPSILON 0.9, ACTION 1, REWARD 0
[2016.12.25-12.52.22:067][960]LogPython: TIMESTEP 200, STATE observe, EPSILON 0.9, ACTION 1, REWARD 0
[2016.12.25-12.52.26:609][161]LogPython: TIMESTEP 300, STATE observe, EPSILON 0.9, ACTION 1, REWARD 0
[2016.12.25-12.52.30:805][353]LogPython: TIMESTEP 400, STATE observe, EPSILON 0.9, ACTION 1, REWARD 0
[2016.12.25-12.52.34:688][532]LogPython: TIMESTEP 500, STATE observe, EPSILON 0.9, ACTION 1, REWARD 0
[2016.12.25-12.52.39:311][746]LogPython: TIMESTEP 600, STATE observe, EPSILON 0.9, ACTION 1, REWARD 1
[2016.12.25-12.52.44:350][936]LogPython: TIMESTEP 700, STATE observe, EPSILON 0.9, ACTION 1, REWARD 0
[2016.12.25-12.52.46:545][ 31]LogBlueprintUserMessages: Early EndPlayMap Detection: Level '/Game/Levels/MainGame_Level.MainGame_Level:PersistentLevel' has LevelScriptBlueprint '/Game/Levels/MainGame_Level.MainGame_Level:PersistentLevel.MainGame_Level' with GeneratedClass '/Game/Levels/MainGame_Level.MainGame_Level_C' with ClassGeneratedBy '/Game/Levels/MainGame_Level.MainGame_Level:PersistentLevel.MainGame_Level'
[2016.12.25-12.52.46:620][ 31]LogBlueprintUserMessages: Late EndPlayMap Detection: Level '/Game/Levels/MainGame_Level.MainGame_Level:PersistentLevel' has LevelScriptBlueprint '/Game/Levels/MainGame_Level.MainGame_Level:PersistentLevel.MainGame_Level' with GeneratedClass '/Game/Levels/MainGame_Level.MainGame_Level_C' with ClassGeneratedBy '/Game/Levels/MainGame_Level.MainGame_Level:PersistentLevel.MainGame_Level'
[2016.12.25-12.52.51:216][465]LogWindowsTextInputMethodSystem:Display: IME system now deactivated.
[2016.12.25-12.52.51:795][466]Cmd: QUIT_EDITOR
[2016.12.25-12.52.52:567][466]LogExit: Preparing to exit.
[2016.12.25-12.52.53:376][466]LogDirectoryWatcher: A directory notification for 'D:/Users/matvey/Documents/UnrealProjects/Unreal2DRunner/Content/' was aborted.
[2016.12.25-12.52.53:499][466]LogExit: Editor shut down
[2016.12.25-12.52.53:499][466]LogExit: Transaction tracking system shut down
[2016.12.25-12.52.55:128][466]LogObj: Freed 0b from 0 cluster array pools.
[2016.12.25-12.52.55:129][466]LogExit: Object subsystem successfully closed.
[2016.12.25-12.52.55:320][466]LogD3D11RHI: Shutdown
[2016.12.25-12.52.55:330][466]LogD3D11RHI: CleanupD3DDevice
[2016.12.25-12.52.55:433][466]LogD3D11RHI: ~FD3D11DynamicRHI
[2016.12.25-12.52.56:206][466]LogHttp:Display: Http module shutting down, but needs to wait on 1 outstanding Http requests:
[2016.12.25-12.52.56:206][466]LogHttp:Display: 	verb=[POST] url=[https://datarouter.ol.epicgames.com/datarouter/api/v1/public/data?SessionID=%7BE2343BC4-4F50-BDDA-1233-8BB9DCAF09E3%7D&AppID=UEEditor.Rocket.Release&AppVersion=4.14.1-3224400%2B%2B%2BUE4%2BRelease-4.14&UserID=1e9e03e94a50acaf57125190647da6e1%7Ccc790baa193747f18fe4962c6ef3d4fa%7C0b751c36-2923-4743-921a-fdf388d72f2c&AppEnvironment=datacollector-binary&UploadType=eteventstream] status=Processing
[2016.12.25-12.52.56:281][466]LogModuleManager: Shutting down and abandoning module MovieSceneCapture (245)
[2016.12.25-12.52.56:281][466]LogModuleManager: Shutting down and abandoning module HierarchicalLODOutliner (244)
[2016.12.25-12.52.56:287][466]LogModuleManager: Shutting down and abandoning module CrashTracker (243)
[2016.12.25-12.52.56:294][466]LogModuleManager: Shutting down and abandoning module SceneOutliner (242)
[2016.12.25-12.52.56:304][466]LogModuleManager: Shutting down and abandoning module WidgetCarousel (241)
[2016.12.25-12.52.56:304][466]LogModuleManager: Shutting down and abandoning module AddContentDialog (240)
[2016.12.25-12.52.56:325][466]LogDirectoryWatcher: A directory notification for 'D:/Program Files (x86)/Epic Games/4.14/FeaturePacks/' was aborted.
[2016.12.25-12.52.56:325][466]LogModuleManager: Shutting down and abandoning module GameplayTags (239)
[2016.12.25-12.52.56:325][466]LogModuleManager: Shutting down and abandoning module EditorWidgets (238)
[2016.12.25-12.52.56:325][466]LogModuleManager: Shutting down and abandoning module CollectionManager (237)
[2016.12.25-12.52.56:340][466]LogDirectoryWatcher: A directory notification for 'D:/Users/matvey/Documents/UnrealProjects/Unreal2DRunner/Content/Collections/' was aborted.
[2016.12.25-12.52.56:340][466]LogDirectoryWatcher: A directory notification for 'D:/Users/matvey/Documents/UnrealProjects/Unreal2DRunner/Content/Developers/matvey/Collections/' was aborted.
[2016.12.25-12.52.56:340][466]LogDirectoryWatcher: A directory notification for 'D:/Users/matvey/Documents/UnrealProjects/Unreal2DRunner/Saved/Collections/' was aborted.
[2016.12.25-12.52.56:340][466]LogModuleManager: Shutting down and abandoning module StatsViewer (236)
[2016.12.25-12.52.56:352][466]LogModuleManager: Shutting down and abandoning module FoliageEdit (235)
[2016.12.25-12.52.56:361][466]LogModuleManager: Shutting down and abandoning module LandscapeEditor (234)
[2016.12.25-12.52.56:370][466]LogModuleManager: Shutting down and abandoning module SceneDepthPickerMode (233)
[2016.12.25-12.52.56:370][466]LogModuleManager: Shutting down and abandoning module ActorPickerMode (232)
[2016.12.25-12.52.56:370][466]LogModuleManager: Shutting down and abandoning module GeometryMode (231)
[2016.12.25-12.52.56:370][466]LogModuleManager: Shutting down and abandoning module TextureAlignMode (230)
[2016.12.25-12.52.56:370][466]LogModuleManager: Shutting down and abandoning module BspMode (229)
[2016.12.25-12.52.56:380][466]LogModuleManager: Shutting down and abandoning module HardwareSurvey (228)
[2016.12.25-12.52.56:389][466]LogModuleManager: Shutting down and abandoning module SequenceRecorderSections (227)
[2016.12.25-12.52.56:397][466]LogModuleManager: Shutting down and abandoning module AutomationWorker (226)
[2016.12.25-12.52.56:402][466]LogModuleManager: Shutting down and abandoning module MatineeToLevelSequence (225)
[2016.12.25-12.52.56:406][466]LogModuleManager: Shutting down and abandoning module PlacementMode (224)
[2016.12.25-12.52.56:423][466]LogModuleManager: Shutting down and abandoning module LevelSequenceEditor (223)
[2016.12.25-12.52.56:446][466]LogModuleManager: Shutting down and abandoning module WmfMediaFactory (222)
[2016.12.25-12.52.56:446][466]LogModuleManager: Shutting down and abandoning module WmfMediaEditor (221)
[2016.12.25-12.52.56:446][466]LogModuleManager: Shutting down and abandoning module AvfMediaFactory (220)
[2016.12.25-12.52.56:446][466]LogModuleManager: Shutting down and abandoning module AvfMediaEditor (219)
[2016.12.25-12.52.56:446][466]LogModuleManager: Shutting down and abandoning module Media (218)
[2016.12.25-12.52.56:446][466]LogModuleManager: Shutting down and abandoning module AndroidMediaFactory (217)
[2016.12.25-12.52.56:446][466]LogModuleManager: Shutting down and abandoning module AndroidMediaEditor (216)
[2016.12.25-12.52.56:446][466]LogModuleManager: Shutting down and abandoning module CharacterAI (215)
[2016.12.25-12.52.56:446][466]LogModuleManager: Shutting down and abandoning module SequenceRecorder (214)
[2016.12.25-12.52.56:472][466]LogModuleManager: Shutting down and abandoning module AudioCapture (213)
[2016.12.25-12.52.56:472][466]LogModuleManager: Shutting down and abandoning module SmartSnapping (212)
[2016.12.25-12.52.56:472][466]LogModuleManager: Shutting down and abandoning module SessionServices (211)
[2016.12.25-12.52.56:472][466]LogModuleManager: Shutting down and abandoning module ViewportSnapping (210)
[2016.12.25-12.52.56:472][466]LogModuleManager: Shutting down and abandoning module ViewportInteraction (209)
[2016.12.25-12.52.56:472][466]LogModuleManager: Shutting down and abandoning module LogVisualizer (208)
[2016.12.25-12.52.56:493][466]LogModuleManager: Shutting down and abandoning module GameProjectGeneration (207)
[2016.12.25-12.52.56:509][466]LogModuleManager: Shutting down and abandoning module IntroTutorials (206)
[2016.12.25-12.52.56:525][466]LogModuleManager: Shutting down and abandoning module EditorLiveStreaming (205)
[2016.12.25-12.52.56:525][466]LogModuleManager: Shutting down and abandoning module IOSPlatformEditor (204)
[2016.12.25-12.52.56:538][466]LogModuleManager: Shutting down and abandoning module HTML5PlatformEditor (203)
[2016.12.25-12.52.56:538][466]LogModuleManager: Shutting down and abandoning module AndroidDeviceDetection (202)
[2016.12.25-12.52.56:583][466]LogModuleManager: Shutting down and abandoning module AndroidPlatformEditor (201)
[2016.12.25-12.52.56:594][466]LogModuleManager: Shutting down and abandoning module IOSRuntimeSettings (200)
[2016.12.25-12.52.56:594][466]LogModuleManager: Shutting down and abandoning module AndroidRuntimeSettings (199)
[2016.12.25-12.52.56:594][466]LogModuleManager: Shutting down and abandoning module InputBindingEditor (198)
[2016.12.25-12.52.56:606][466]LogModuleManager: Shutting down and abandoning module NiagaraEditor (197)
[2016.12.25-12.52.56:624][466]LogModuleManager: Shutting down and abandoning module MergeActors (196)
[2016.12.25-12.52.56:635][466]LogModuleManager: Shutting down and abandoning module SizeMap (195)
[2016.12.25-12.52.56:635][466]LogModuleManager: Shutting down and abandoning module TreeMap (194)
[2016.12.25-12.52.56:647][466]LogModuleManager: Shutting down and abandoning module ReferenceViewer (193)
[2016.12.25-12.52.56:647][466]LogModuleManager: Shutting down and abandoning module LocalizationService (192)
[2016.12.25-12.52.56:651][466]LogModuleManager: Shutting down and abandoning module LocalizationDashboard (191)
[2016.12.25-12.52.56:663][466]LogModuleManager: Shutting down and abandoning module HardwareTargeting (190)
[2016.12.25-12.52.56:671][466]LogModuleManager: Shutting down and abandoning module DeviceProfileEditor (189)
[2016.12.25-12.52.56:689][466]LogModuleManager: Shutting down and abandoning module UndoHistory (188)
[2016.12.25-12.52.56:698][466]LogModuleManager: Shutting down and abandoning module UserFeedback (187)
[2016.12.25-12.52.56:698][466]LogModuleManager: Shutting down and abandoning module XmlParser (186)
[2016.12.25-12.52.56:702][466]LogModuleManager: Shutting down and abandoning module Blutility (185)
[2016.12.25-12.52.56:711][466]LogModuleManager: Shutting down and abandoning module ProjectTargetPlatformEditor (184)
[2016.12.25-12.52.56:711][466]LogModuleManager: Shutting down and abandoning module ProjectSettingsViewer (183)
[2016.12.25-12.52.56:711][466]LogModuleManager: Shutting down and abandoning module EditorSettingsViewer (182)
[2016.12.25-12.52.56:711][466]LogModuleManager: Shutting down and abandoning module SettingsEditor (181)
[2016.12.25-12.52.56:732][466]LogModuleManager: Shutting down and abandoning module ProjectLauncher (180)
[2016.12.25-12.52.56:750][466]LogModuleManager: Shutting down and abandoning module SessionFrontend (179)
[2016.12.25-12.52.56:767][466]LogModuleManager: Shutting down and abandoning module ProfilerClient (178)
[2016.12.25-12.52.56:782][466]LogModuleManager: Shutting down and abandoning module TargetDeviceServices (177)
[2016.12.25-12.52.56:782][466]LogModuleManager: Shutting down and abandoning module DeviceManager (176)
[2016.12.25-12.52.56:836][466]LogModuleManager: Shutting down and abandoning module AutomationController (175)
[2016.12.25-12.52.56:848][466]LogModuleManager: Shutting down and abandoning module AutomationWindow (174)
[2016.12.25-12.52.56:861][466]LogModuleManager: Shutting down and abandoning module Layers (173)
[2016.12.25-12.52.56:879][466]LogModuleManager: Shutting down and abandoning module ComponentVisualizers (172)
[2016.12.25-12.52.56:879][466]LogModuleManager: Shutting down and abandoning module DetailCustomizations (171)
[2016.12.25-12.52.56:889][466]LogModuleManager: Shutting down and abandoning module PackagesDialog (170)
[2016.12.25-12.52.56:899][466]LogModuleManager: Shutting down and abandoning module AnimGraph (169)
[2016.12.25-12.52.56:899][466]LogModuleManager: Shutting down and abandoning module Persona (168)
[2016.12.25-12.52.56:908][466]LogModuleManager: Shutting down and abandoning module Kismet (167)
[2016.12.25-12.52.56:923][466]LogModuleManager: Shutting down and abandoning module GraphEditor (166)
[2016.12.25-12.52.56:953][466]LogModuleManager: Shutting down and abandoning module ClassViewer (165)
[2016.12.25-12.52.56:974][466]LogModuleManager: Shutting down and abandoning module Toolbox (164)
[2016.12.25-12.52.56:982][466]LogModuleManager: Shutting down and abandoning module ModuleUI (163)
[2016.12.25-12.52.56:994][466]LogModuleManager: Shutting down and abandoning module MovieSceneTools (162)
[2016.12.25-12.52.57:020][466]LogModuleManager: Shutting down and abandoning module OutputLog (161)
[2016.12.25-12.52.57:020][466]LogModuleManager: Shutting down and abandoning module GammaUI (160)
[2016.12.25-12.52.57:032][466]LogModuleManager: Shutting down and abandoning module Documentation (159)
[2016.12.25-12.52.57:032][466]LogModuleManager: Shutting down and abandoning module Niagara (158)
[2016.12.25-12.52.57:032][466]LogModuleManager: Shutting down and abandoning module StreamingPauseRendering (157)
[2016.12.25-12.52.57:032][466]LogModuleManager: Shutting down and abandoning module AnalyticsET (156)
[2016.12.25-12.52.57:032][466]LogModuleManager: Shutting down and abandoning module PortalServices (155)
[2016.12.25-12.52.57:032][466]LogModuleManager: Shutting down and abandoning module PortalRpc (154)
[2016.12.25-12.52.57:032][466]LogModuleManager: Shutting down and abandoning module MessagingRpc (153)
[2016.12.25-12.52.57:032][466]LogModuleManager: Shutting down and abandoning module GameplayDebugger (152)
[2016.12.25-12.52.57:040][466]LogModuleManager: Shutting down and abandoning module AITestSuite (151)
[2016.12.25-12.52.57:045][466]LogModuleManager: Shutting down and abandoning module AIModule (150)
[2016.12.25-12.52.57:045][466]LogModuleManager: Shutting down and abandoning module ProfilerService (149)
[2016.12.25-12.52.57:167][466]LogModuleManager: Shutting down and abandoning module TaskGraph (148)
[2016.12.25-12.52.57:178][466]LogModuleManager: Shutting down and abandoning module PythonConsole (147)
[2016.12.25-12.52.57:192][466]LogModuleManager: Shutting down and abandoning module SlateRemote (146)
[2016.12.25-12.52.57:192][466]LogModuleManager: Shutting down and abandoning module SteamVRController (145)
[2016.12.25-12.52.57:192][466]LogModuleManager: Shutting down and abandoning module SteamVR (144)
[2016.12.25-12.52.57:192][466]LogModuleManager: Shutting down and abandoning module ProceduralMeshComponentEditor (143)
[2016.12.25-12.52.57:204][466]LogModuleManager: Shutting down and abandoning module ProceduralMeshComponent (142)
[2016.12.25-12.52.57:217][466]LogModuleManager: Shutting down and abandoning module OculusLibrary (141)
[2016.12.25-12.52.57:217][466]LogModuleManager: Shutting down and abandoning module OculusInput (140)
[2016.12.25-12.52.57:217][466]LogModuleManager: Shutting down and abandoning module MobilePatchingUtils (139)
[2016.12.25-12.52.57:217][466]LogModuleManager: Shutting down and abandoning module CustomMeshComponent (138)
[2016.12.25-12.52.57:217][466]LogModuleManager: Shutting down and abandoning module CableComponent (137)
[2016.12.25-12.52.57:226][466]LogModuleManager: Shutting down and abandoning module ArchVisCharacter (136)
[2016.12.25-12.52.57:226][466]LogModuleManager: Shutting down and abandoning module MediaPlayerEditor (134)
[2016.12.25-12.52.57:247][466]LogModuleManager: Shutting down and abandoning module HTML5Networking (133)
[2016.12.25-12.52.57:247][466]LogModuleManager: Shutting down and abandoning module GeometryCacheEd (132)
[2016.12.25-12.52.57:247][466]LogModuleManager: Shutting down and abandoning module GeometryCache (131)
[2016.12.25-12.52.57:247][466]LogModuleManager: Shutting down and abandoning module AlembicLibrary (130)
[2016.12.25-12.52.57:251][466]LogModuleManager: Shutting down and abandoning module AlembicImporter (129)
[2016.12.25-12.52.57:257][466]LogModuleManager: Shutting down and abandoning module SuperSearch (128)
[2016.12.25-12.52.57:257][466]LogModuleManager: Shutting down and abandoning module SuperSearchEditor (127)
[2016.12.25-12.52.57:257][466]LogModuleManager: Shutting down and abandoning module SpeedTreeImporter (126)
[2016.12.25-12.52.57:257][466]LogModuleManager: Shutting down and abandoning module PluginBrowser (125)
[2016.12.25-12.52.57:268][466]LogModuleManager: Shutting down and abandoning module MobileLauncherProfileWizard (124)
[2016.12.25-12.52.57:286][466]LogModuleManager: Shutting down and abandoning module EpicSurvey (123)
[2016.12.25-12.52.57:293][466]LogModuleManager: Shutting down and abandoning module DesktopPlatform (122)
[2016.12.25-12.52.57:301][466]LogModuleManager: Shutting down and abandoning module VisualStudioSourceCodeAccess (121)
[2016.12.25-12.52.57:312][466]LogModuleManager: Shutting down and abandoning module UObjectPlugin (120)
[2016.12.25-12.52.57:312][466]LogModuleManager: Shutting down and abandoning module SubversionSourceControl (119)
[2016.12.25-12.52.57:317][466]LogModuleManager: Shutting down and abandoning module PerforceSourceControl (118)
[2016.12.25-12.52.57:323][466]LogModuleManager: Shutting down and abandoning module SourceControl (117)
[2016.12.25-12.52.57:333][466]LogModuleManager: Shutting down and abandoning module GitSourceControl (116)
[2016.12.25-12.52.57:338][466]LogModuleManager: Shutting down and abandoning module LightPropagationVolumeEditor (115)
[2016.12.25-12.52.57:338][466]LogModuleManager: Shutting down and abandoning module PaperTiledImporter (114)
[2016.12.25-12.52.57:341][466]LogModuleManager: Shutting down and abandoning module PaperSpriteSheetImporter (113)
[2016.12.25-12.52.57:341][466]LogModuleManager: Shutting down and abandoning module MeshPaint (112)
[2016.12.25-12.52.57:341][466]LogModuleManager: Shutting down and abandoning module PixelInspectorModule (111)
[2016.12.25-12.52.57:349][466]LogModuleManager: Shutting down and abandoning module HotReload (110)
[2016.12.25-12.52.57:349][466]LogDirectoryWatcher: A directory notification for 'D:/Users/matvey/Documents/UnrealProjects/Unreal2DRunner/Binaries/Win64' was aborted.
[2016.12.25-12.52.57:389][466]LogModuleManager: Shutting down and abandoning module MainFrame (109)
[2016.12.25-12.52.57:389][466]LogModuleManager: Shutting down and abandoning module LevelEditor (108)
[2016.12.25-12.52.57:396][466]LogModuleManager: Shutting down and abandoning module ContentBrowser (107)
[2016.12.25-12.52.57:397][466]LogModuleManager: Shutting down and abandoning module Paper2DEditor (106)
[2016.12.25-12.52.57:411][466]LogModuleManager: Shutting down and abandoning module Unreal2DRunner3 (105)
[2016.12.25-12.52.57:411][466]LogModuleManager: Shutting down and abandoning module UnrealEnginePython (104)
[2016.12.25-12.52.57:411][466]LogPython: Goodbye Python
[2016.12.25-12.52.57:565][466]LogModuleManager: Shutting down and abandoning module UdpMessaging (103)
[2016.12.25-12.52.57:667][466]LogModuleManager: Shutting down and abandoning module TcpMessaging (102)
[2016.12.25-12.52.57:786][466]LogModuleManager: Shutting down and abandoning module LightPropagationVolumeRuntime (101)
[2016.12.25-12.52.57:786][466]LogModuleManager: Shutting down and abandoning module Paper2D (100)
[2016.12.25-12.52.57:786][466]LogModuleManager: Shutting down and abandoning module WindowsMoviePlayer (99)
[2016.12.25-12.52.57:796][466]LogModuleManager: Shutting down and abandoning module WmfMedia (98)
[2016.12.25-12.52.57:815][466]LogModuleManager: Shutting down and abandoning module MediaAssets (97)
[2016.12.25-12.52.57:815][466]LogModuleManager: Shutting down and abandoning module GameLiveStreaming (96)
[2016.12.25-12.52.57:821][466]LogModuleManager: Shutting down and abandoning module GameplayTagsEditor (95)
[2016.12.25-12.52.57:821][466]LogModuleManager: Shutting down and abandoning module VREditor (94)
[2016.12.25-12.52.57:821][466]LogModuleManager: Shutting down and abandoning module GameplayTasksEditor (93)
[2016.12.25-12.52.57:821][466]LogModuleManager: Shutting down and abandoning module BehaviorTreeEditor (92)
[2016.12.25-12.52.57:852][466]LogModuleManager: Shutting down and abandoning module FunctionalTesting (91)
[2016.12.25-12.52.57:860][466]LogModuleManager: Shutting down and abandoning module CollisionAnalyzer (90)
[2016.12.25-12.52.57:877][466]LogModuleManager: Shutting down and abandoning module Sequencer (89)
[2016.12.25-12.52.57:892][466]LogModuleManager: Shutting down and abandoning module WorkspaceMenuStructure (88)
[2016.12.25-12.52.57:892][466]LogModuleManager: Shutting down and abandoning module MessageLog (87)
[2016.12.25-12.52.57:906][466]LogModuleManager: Shutting down and abandoning module AssetTools (86)
[2016.12.25-12.52.57:936][466]LogModuleManager: Shutting down and abandoning module UMGEditor (85)
[2016.12.25-12.52.57:970][466]LogModuleManager: Shutting down and abandoning module UMG (84)
[2016.12.25-12.52.57:970][466]LogModuleManager: Shutting down and abandoning module SlateReflector (83)
[2016.12.25-12.52.57:999][466]LogModuleManager: Shutting down and abandoning module Slate (82)
[2016.12.25-12.52.57:999][466]LogModuleManager: Shutting down and abandoning module EditorStyle (81)
[2016.12.25-12.52.58:014][466]LogModuleManager: Shutting down and abandoning module SourceCodeAccess (80)
[2016.12.25-12.52.58:014][466]LogModuleManager: Shutting down and abandoning module HeadMountedDisplay (79)
[2016.12.25-12.52.58:014][466]LogModuleManager: Shutting down and abandoning module XAudio2 (78)
[2016.12.25-12.52.58:014][466]LogModuleManager: Shutting down and abandoning module Networking (76)
[2016.12.25-12.52.58:014][466]LogModuleManager: Shutting down and abandoning module Core (75)
[2016.12.25-12.52.58:014][466]LogModuleManager: Shutting down and abandoning module DirectoryWatcher (74)
[2016.12.25-12.52.58:014][466]LogDirectoryWatcher: A directory notification for '../../../Engine/Content/' was aborted.
[2016.12.25-12.52.58:014][466]LogDirectoryWatcher: A directory notification for '../../../../../../Users/matvey/Documents/UnrealProjects/Unreal2DRunner/Content/' was aborted.
[2016.12.25-12.52.58:014][466]LogDirectoryWatcher: A directory notification for '../../../Engine/Plugins/2D/Paper2D/Content/' was aborted.
[2016.12.25-12.52.58:014][466]LogModuleManager: Shutting down and abandoning module AssetRegistry (73)
[2016.12.25-12.52.58:207][466]LogModuleManager: Shutting down and abandoning module KismetCompiler (72)
[2016.12.25-12.52.58:207][466]LogModuleManager: Shutting down and abandoning module PhysXFormats (71)
[2016.12.25-12.52.58:218][466]LogModuleManager: Shutting down and abandoning module SimplygonSwarm (70)
[2016.12.25-12.52.58:226][466]LogModuleManager: Shutting down and abandoning module SimplygonMeshReduction (69)
[2016.12.25-12.52.58:231][466]LogModuleManager: Shutting down and abandoning module QuadricMeshReduction (68)
[2016.12.25-12.52.58:237][466]LogModuleManager: Shutting down and abandoning module PropertyEditor (67)
[2016.12.25-12.52.58:246][466]LogModuleManager: Shutting down and abandoning module MeshUtilities (66)
[2016.12.25-12.52.58:264][466]LogModuleManager: Shutting down and abandoning module DerivedDataCache (65)
[2016.12.25-12.52.58:355][466]LogDerivedDataCache: Shutdown
[2016.12.25-12.52.58:356][466]LogModuleManager: Shutting down and abandoning module VulkanShaderFormat (64)
[2016.12.25-12.52.58:369][466]LogModuleManager: Shutting down and abandoning module ShaderFormatOpenGL (63)
[2016.12.25-12.52.58:382][466]LogModuleManager: Shutting down and abandoning module ShaderFormatD3D (62)
[2016.12.25-12.52.58:390][466]LogModuleManager: Shutting down and abandoning module MetalShaderFormat (61)
[2016.12.25-12.52.58:399][466]LogModuleManager: Shutting down and abandoning module TextureFormatUncompressed (60)
[2016.12.25-12.52.58:399][466]LogModuleManager: Shutting down and abandoning module TextureFormatPVR (59)
[2016.12.25-12.52.58:407][466]LogModuleManager: Shutting down and abandoning module TextureFormatDXT (58)
[2016.12.25-12.52.58:414][466]LogModuleManager: Shutting down and abandoning module TextureFormatIntelISPCTexComp (57)
[2016.12.25-12.52.58:420][466]LogModuleManager: Shutting down and abandoning module ImageWrapper (56)
[2016.12.25-12.52.58:420][466]LogModuleManager: Shutting down and abandoning module TextureFormatASTC (55)
[2016.12.25-12.52.58:420][466]LogModuleManager: Shutting down and abandoning module TextureFormatAndroid (54)
[2016.12.25-12.52.58:420][466]LogModuleManager: Shutting down and abandoning module AudioFormatOpus (53)
[2016.12.25-12.52.58:425][466]LogModuleManager: Shutting down and abandoning module AudioFormatOgg (52)
[2016.12.25-12.52.58:432][466]LogModuleManager: Shutting down and abandoning module AudioFormatADPCM (51)
[2016.12.25-12.52.58:432][466]LogModuleManager: Shutting down and abandoning module LinuxTargetPlatform (50)
[2016.12.25-12.52.58:432][466]LogModuleManager: Shutting down and abandoning module LinuxServerTargetPlatform (49)
[2016.12.25-12.52.58:437][466]LogModuleManager: Shutting down and abandoning module LinuxNoEditorTargetPlatform (48)
[2016.12.25-12.52.58:446][466]LogModuleManager: Shutting down and abandoning module LinuxClientTargetPlatform (47)
[2016.12.25-12.52.58:456][466]LogModuleManager: Shutting down and abandoning module TVOSTargetPlatform (46)
[2016.12.25-12.52.58:457][466]LogModuleManager: Shutting down and abandoning module Messaging (45)
[2016.12.25-12.52.58:457][466]LogModuleManager: Shutting down and abandoning module IOSTargetPlatform (44)
[2016.12.25-12.52.58:457][466]LogModuleManager: Shutting down and abandoning module HTML5TargetPlatform (43)
[2016.12.25-12.52.58:457][466]LogModuleManager: Shutting down and abandoning module Android_PVRTCTargetPlatform (42)
[2016.12.25-12.52.58:457][466]LogModuleManager: Shutting down and abandoning module Android_MultiTargetPlatform (41)
[2016.12.25-12.52.58:457][466]LogModuleManager: Shutting down and abandoning module Android_ETC2TargetPlatform (40)
[2016.12.25-12.52.58:457][466]LogModuleManager: Shutting down and abandoning module Android_ETC1TargetPlatform (39)
[2016.12.25-12.52.58:457][466]LogModuleManager: Shutting down and abandoning module Android_DXTTargetPlatform (38)
[2016.12.25-12.52.58:457][466]LogModuleManager: Shutting down and abandoning module Android_ATCTargetPlatform (37)
[2016.12.25-12.52.58:457][466]LogModuleManager: Shutting down and abandoning module Android_ASTCTargetPlatform (36)
[2016.12.25-12.52.58:457][466]LogModuleManager: Shutting down and abandoning module AndroidTargetPlatform (35)
[2016.12.25-12.52.58:457][466]LogModuleManager: Shutting down and abandoning module WindowsTargetPlatform (34)
[2016.12.25-12.52.58:457][466]LogModuleManager: Shutting down and abandoning module WindowsServerTargetPlatform (33)
[2016.12.25-12.52.58:468][466]LogModuleManager: Shutting down and abandoning module WindowsNoEditorTargetPlatform (32)
[2016.12.25-12.52.58:471][466]LogModuleManager: Shutting down and abandoning module WindowsClientTargetPlatform (31)
[2016.12.25-12.52.58:479][466]LogModuleManager: Shutting down and abandoning module MacTargetPlatform (30)
[2016.12.25-12.52.58:479][466]LogModuleManager: Shutting down and abandoning module MacServerTargetPlatform (29)
[2016.12.25-12.52.58:479][466]LogModuleManager: Shutting down and abandoning module MacNoEditorTargetPlatform (28)
[2016.12.25-12.52.58:479][466]LogModuleManager: Shutting down and abandoning module MacClientTargetPlatform (27)
[2016.12.25-12.52.58:479][466]LogModuleManager: Shutting down and abandoning module AllDesktopTargetPlatform (26)
[2016.12.25-12.52.58:479][466]LogModuleManager: Shutting down and abandoning module TargetPlatform (25)
[2016.12.25-12.52.58:479][466]LogModuleManager: Shutting down and abandoning module InputCore (24)
[2016.12.25-12.52.58:479][466]LogModuleManager: Shutting down and abandoning module Settings (23)
[2016.12.25-12.52.58:479][466]LogModuleManager: Shutting down and abandoning module OculusRift (22)
[2016.12.25-12.52.58:489][466]LogModuleManager: Shutting down and abandoning module ExampleDeviceProfileSelector (21)
[2016.12.25-12.52.58:489][466]LogModuleManager: Shutting down and abandoning module OnlineBlueprintSupport (20)
[2016.12.25-12.52.58:489][466]LogModuleManager: Shutting down and abandoning module OnlineSubsystem (18)
[2016.12.25-12.52.58:489][466]LogOnline:Display: Unloading online subsystem: NULL
[2016.12.25-12.52.58:504][466]LogModuleManager: Shutting down and abandoning module SSL (17)
[2016.12.25-12.52.58:514][466]LogModuleManager: Shutting down and abandoning module HTTP (16)
[2016.12.25-12.52.58:514][466]LogModuleManager: Shutting down and abandoning module XMPP (15)
[2016.12.25-12.52.58:533][466]LogModuleManager: Shutting down and abandoning module TextureCompressor (14)
[2016.12.25-12.52.58:541][466]LogModuleManager: Shutting down and abandoning module ShaderCore (13)
[2016.12.25-12.52.58:541][466]LogModuleManager: Shutting down and abandoning module Landscape (12)
[2016.12.25-12.52.58:541][466]LogModuleManager: Shutting down and abandoning module SlateRHIRenderer (11)
[2016.12.25-12.52.58:558][466]LogModuleManager: Shutting down and abandoning module OpenGLDrv (10)
[2016.12.25-12.52.58:566][466]LogModuleManager: Shutting down and abandoning module D3D11RHI (9)
[2016.12.25-12.52.58:566][466]LogModuleManager: Shutting down and abandoning module AnimGraphRuntime (8)
[2016.12.25-12.52.58:576][466]LogModuleManager: Shutting down and abandoning module Renderer (7)
[2016.12.25-12.52.58:587][466]LogModuleManager: Shutting down and abandoning module Engine (6)
[2016.12.25-12.52.58:588][466]LogModuleManager: Shutting down and abandoning module CoreUObject (5)
[2016.12.25-12.52.58:588][466]LogModuleManager: Shutting down and abandoning module NetworkFile (4)
[2016.12.25-12.52.58:598][466]LogModuleManager: Shutting down and abandoning module StreamingFile (3)
[2016.12.25-12.52.58:605][466]LogModuleManager: Shutting down and abandoning module SandboxFile (2)
[2016.12.25-12.52.58:605][466]LogModuleManager: Shutting down and abandoning module PakFile (1)
[2016.12.25-12.52.58:618][466]LogExit: Exiting.
[2016.12.25-12.52.58:658][466]Log file closed, 12/25/16 15:52:58
