Log file open, 12/27/16 12:44:06
LogInit:Display: Running engine for game: Unreal2DRunner3
LogPlatformFile: Not using cached read wrapper
LogInit:Display: RandInit(-2047304314) SRandInit(-2047304314).
LogTaskGraph: Started task graph with 5 named threads and 8 total threads with 1 sets of task threads.
LogStats: Stats thread started at 0.066905
LogPluginManager: Loaded Plugin Paper2D, From D:/Program Files (x86)/Epic Games/4.14/Engine/Plugins/2D/Paper2D/Paper2D.uplugin
LogPluginManager: Loaded Plugin LightPropagationVolume, From D:/Program Files (x86)/Epic Games/4.14/Engine/Plugins/Blendables/LightPropagationVolume/LightPropagationVolume.uplugin
LogPluginManager: Loaded Plugin BlankPlugin, From D:/Program Files (x86)/Epic Games/4.14/Engine/Plugins/Developer/BlankPlugin/BlankPlugin.uplugin
LogPluginManager: Loaded Plugin CodeLiteSourceCodeAccess, From D:/Program Files (x86)/Epic Games/4.14/Engine/Plugins/Developer/CodeLiteSourceCodeAccess/CodeLiteSourceCodeAccess.uplugin
LogPluginManager: Loaded Plugin GitSourceControl, From D:/Program Files (x86)/Epic Games/4.14/Engine/Plugins/Developer/GitSourceControl/GitSourceControl.uplugin
LogPluginManager: Loaded Plugin KDevelopSourceCodeAccess, From D:/Program Files (x86)/Epic Games/4.14/Engine/Plugins/Developer/KDevelopSourceCodeAccess/KDevelopSourceCodeAccess.uplugin
LogPluginManager: Loaded Plugin NullSourceCodeAccess, From D:/Program Files (x86)/Epic Games/4.14/Engine/Plugins/Developer/NullSourceCodeAccess/NullSourceCodeAccess.uplugin
LogPluginManager: Loaded Plugin OneSkyLocalizationService, From D:/Program Files (x86)/Epic Games/4.14/Engine/Plugins/Developer/OneSkyLocalizationService/OneSkyLocalizationService.uplugin
LogPluginManager: Loaded Plugin PerforceSourceControl, From D:/Program Files (x86)/Epic Games/4.14/Engine/Plugins/Developer/PerforceSourceControl/PerforceSourceControl.uplugin
LogPluginManager: Loaded Plugin SubversionSourceControl, From D:/Program Files (x86)/Epic Games/4.14/Engine/Plugins/Developer/SubversionSourceControl/SubversionSourceControl.uplugin
LogPluginManager: Loaded Plugin UObjectPlugin, From D:/Program Files (x86)/Epic Games/4.14/Engine/Plugins/Developer/UObjectPlugin/UObjectPlugin.uplugin
LogPluginManager: Loaded Plugin VisualStudioSourceCodeAccess, From D:/Program Files (x86)/Epic Games/4.14/Engine/Plugins/Developer/VisualStudioSourceCodeAccess/VisualStudioSourceCodeAccess.uplugin
LogPluginManager: Loaded Plugin XCodeSourceCodeAccess, From D:/Program Files (x86)/Epic Games/4.14/Engine/Plugins/Developer/XCodeSourceCodeAccess/XCodeSourceCodeAccess.uplugin
LogPluginManager: Loaded Plugin AudioCapture, From D:/Program Files (x86)/Epic Games/4.14/Engine/Plugins/Editor/AudioCapture/AudioCapture.uplugin
LogPluginManager: Loaded Plugin EpicSurvey, From D:/Program Files (x86)/Epic Games/4.14/Engine/Plugins/Editor/EpicSurvey/EpicSurvey.uplugin
LogPluginManager: Loaded Plugin MacGraphicsSwitching, From D:/Program Files (x86)/Epic Games/4.14/Engine/Plugins/Editor/MacGraphicsSwitching/MacGraphicsSwitching.uplugin
LogPluginManager: Loaded Plugin MobileLauncherProfileWizard, From D:/Program Files (x86)/Epic Games/4.14/Engine/Plugins/Editor/MobileLauncherProfileWizard/MobileLauncherProfileWizard.uplugin
LogPluginManager: Loaded Plugin PluginBrowser, From D:/Program Files (x86)/Epic Games/4.14/Engine/Plugins/Editor/PluginBrowser/PluginBrowser.uplugin
LogPluginManager: Loaded Plugin SpeedTreeImporter, From D:/Program Files (x86)/Epic Games/4.14/Engine/Plugins/Editor/SpeedTreeImporter/SpeedTreeImporter.uplugin
LogPluginManager: Loaded Plugin SuperSearchEditor, From D:/Program Files (x86)/Epic Games/4.14/Engine/Plugins/Editor/SuperSearchEditor/SuperSearchEditor.uplugin
LogPluginManager: Loaded Plugin AlembicImporter, From D:/Program Files (x86)/Epic Games/4.14/Engine/Plugins/Experimental/AlembicImporter/AlembicImporter.uplugin
LogPluginManager: Loaded Plugin BlueprintStats, From D:/Program Files (x86)/Epic Games/4.14/Engine/Plugins/Experimental/BlueprintStats/BlueprintStats.uplugin
LogPluginManager: Loaded Plugin CharacterAI, From D:/Program Files (x86)/Epic Games/4.14/Engine/Plugins/Experimental/CharacterAI/CharacterAI.uplugin
LogPluginManager: Loaded Plugin CodeEditor, From D:/Program Files (x86)/Epic Games/4.14/Engine/Plugins/Experimental/CodeEditor/CodeEditor.uplugin
LogPluginManager: Loaded Plugin CodeView, From D:/Program Files (x86)/Epic Games/4.14/Engine/Plugins/Experimental/CodeView/CodeView.uplugin
LogPluginManager: Loaded Plugin HTML5Networking, From D:/Program Files (x86)/Epic Games/4.14/Engine/Plugins/Experimental/HTML5Networking/HTML5Networking.uplugin
LogPluginManager: Loaded Plugin OSVR, From D:/Program Files (x86)/Epic Games/4.14/Engine/Plugins/Experimental/OSVR/OSVR.uplugin
LogPluginManager: Loaded Plugin Phya, From D:/Program Files (x86)/Epic Games/4.14/Engine/Plugins/Experimental/Phya/Phya.uplugin
LogPluginManager: Loaded Plugin SignificanceManager, From D:/Program Files (x86)/Epic Games/4.14/Engine/Plugins/Experimental/SignificanceManager/SignificanceManager.uplugin
LogPluginManager: Loaded Plugin SimpleHMD, From D:/Program Files (x86)/Epic Games/4.14/Engine/Plugins/Experimental/SimpleHMD/SimpleHMD.uplugin
LogPluginManager: Loaded Plugin StereoPanorama, From D:/Program Files (x86)/Epic Games/4.14/Engine/Plugins/Experimental/StereoPanorama/StereoPanorama.uplugin
LogPluginManager: Loaded Plugin StructBox, From D:/Program Files (x86)/Epic Games/4.14/Engine/Plugins/Experimental/StructBox/StructBox.uplugin
LogPluginManager: Loaded Plugin AndroidMedia, From D:/Program Files (x86)/Epic Games/4.14/Engine/Plugins/Media/AndroidMedia/AndroidMedia.uplugin
LogPluginManager: Loaded Plugin AvfMedia, From D:/Program Files (x86)/Epic Games/4.14/Engine/Plugins/Media/AvfMedia/AvfMedia.uplugin
LogPluginManager: Loaded Plugin MediaPlayerEditor, From D:/Program Files (x86)/Epic Games/4.14/Engine/Plugins/Media/MediaPlayerEditor/MediaPlayerEditor.uplugin
LogPluginManager: Loaded Plugin WmfMedia, From D:/Program Files (x86)/Epic Games/4.14/Engine/Plugins/Media/WmfMedia/WmfMedia.uplugin
LogPluginManager: Loaded Plugin MessagingDebugger, From D:/Program Files (x86)/Epic Games/4.14/Engine/Plugins/Messaging/MessagingDebugger/MessagingDebugger.uplugin
LogPluginManager: Loaded Plugin TcpMessaging, From D:/Program Files (x86)/Epic Games/4.14/Engine/Plugins/Messaging/TcpMessaging/TcpMessaging.uplugin
LogPluginManager: Loaded Plugin UdpMessaging, From D:/Program Files (x86)/Epic Games/4.14/Engine/Plugins/Messaging/UdpMessaging/UdpMessaging.uplugin
LogPluginManager: Loaded Plugin LevelSequenceEditor, From D:/Program Files (x86)/Epic Games/4.14/Engine/Plugins/MovieScene/LevelSequenceEditor/LevelSequenceEditor.uplugin
LogPluginManager: Loaded Plugin MatineeToLevelSequence, From D:/Program Files (x86)/Epic Games/4.14/Engine/Plugins/MovieScene/MatineeToLevelSequence/MatineeToLevelSequence.uplugin
LogPluginManager: Loaded Plugin NetcodeUnitTest, From D:/Program Files (x86)/Epic Games/4.14/Engine/Plugins/NetcodeUnitTest/NetcodeUnitTest/NetcodeUnitTest.uplugin
LogPluginManager: Loaded Plugin NUTUnrealEngine4, From D:/Program Files (x86)/Epic Games/4.14/Engine/Plugins/NetcodeUnitTest/NUTUnrealEngine4/NUTUnrealEngine4.uplugin
LogPluginManager: Loaded Plugin OnlineSubsystemGameCircle, From D:/Program Files (x86)/Epic Games/4.14/Engine/Plugins/Online/Android/OnlineSubsystemGameCircle/OnlineSubsystemGameCircle.uplugin
LogPluginManager: Loaded Plugin OnlineSubsystemGooglePlay, From D:/Program Files (x86)/Epic Games/4.14/Engine/Plugins/Online/Android/OnlineSubsystemGooglePlay/OnlineSubsystemGooglePlay.uplugin
LogPluginManager: Loaded Plugin OnlineSubsystemIOS, From D:/Program Files (x86)/Epic Games/4.14/Engine/Plugins/Online/IOS/OnlineSubsystemIOS/OnlineSubsystemIOS.uplugin
LogPluginManager: Loaded Plugin OnlineFramework, From D:/Program Files (x86)/Epic Games/4.14/Engine/Plugins/Online/OnlineFramework/OnlineFramework.uplugin
LogPluginManager: Loaded Plugin OnlineSubsystem, From D:/Program Files (x86)/Epic Games/4.14/Engine/Plugins/Online/OnlineSubsystem/OnlineSubsystem.uplugin
LogPluginManager: Loaded Plugin OnlineSubsystemAmazon, From D:/Program Files (x86)/Epic Games/4.14/Engine/Plugins/Online/OnlineSubsystemAmazon/OnlineSubsystemAmazon.uplugin
LogPluginManager: Loaded Plugin OnlineSubsystemFacebook, From D:/Program Files (x86)/Epic Games/4.14/Engine/Plugins/Online/OnlineSubsystemFacebook/OnlineSubsystemFacebook.uplugin
LogPluginManager: Loaded Plugin OnlineSubsystemNull, From D:/Program Files (x86)/Epic Games/4.14/Engine/Plugins/Online/OnlineSubsystemNull/OnlineSubsystemNull.uplugin
LogPluginManager: Loaded Plugin OnlineSubsystemOculus, From D:/Program Files (x86)/Epic Games/4.14/Engine/Plugins/Online/OnlineSubsystemOculus/OnlineSubsystemOculus.uplugin
LogPluginManager: Loaded Plugin OnlineSubsystemSteam, From D:/Program Files (x86)/Epic Games/4.14/Engine/Plugins/Online/OnlineSubsystemSteam/OnlineSubsystemSteam.uplugin
LogPluginManager: Loaded Plugin OnlineSubsystemUtils, From D:/Program Files (x86)/Epic Games/4.14/Engine/Plugins/Online/OnlineSubsystemUtils/OnlineSubsystemUtils.uplugin
LogPluginManager: Loaded Plugin IOSTapJoy, From D:/Program Files (x86)/Epic Games/4.14/Engine/Plugins/Runtime/Advertising/IOSTapJoy/IOSTapJoy.uplugin
LogPluginManager: Loaded Plugin AnalyticsBlueprintLibrary, From D:/Program Files (x86)/Epic Games/4.14/Engine/Plugins/Runtime/Analytics/AnalyticsBlueprintLibrary/AnalyticsBlueprintLibrary.uplugin
LogPluginManager: Loaded Plugin AnalyticsMulticast, From D:/Program Files (x86)/Epic Games/4.14/Engine/Plugins/Runtime/Analytics/AnalyticsMulticast/AnalyticsMulticast.uplugin
LogPluginManager: Loaded Plugin Apsalar, From D:/Program Files (x86)/Epic Games/4.14/Engine/Plugins/Runtime/Analytics/Apsalar/Apsalar.uplugin
LogPluginManager: Loaded Plugin FileLogging, From D:/Program Files (x86)/Epic Games/4.14/Engine/Plugins/Runtime/Analytics/FileLogging/FileLogging.uplugin
LogPluginManager: Loaded Plugin Flurry, From D:/Program Files (x86)/Epic Games/4.14/Engine/Plugins/Runtime/Analytics/Flurry/Flurry.uplugin
LogPluginManager: Loaded Plugin AndroidDeviceProfileSelector, From D:/Program Files (x86)/Epic Games/4.14/Engine/Plugins/Runtime/AndroidDeviceProfileSelector/AndroidDeviceProfileSelector.uplugin
LogPluginManager: Loaded Plugin AndroidMoviePlayer, From D:/Program Files (x86)/Epic Games/4.14/Engine/Plugins/Runtime/AndroidMoviePlayer/AndroidMoviePlayer.uplugin
LogPluginManager: Loaded Plugin AppleMoviePlayer, From D:/Program Files (x86)/Epic Games/4.14/Engine/Plugins/Runtime/AppleMoviePlayer/AppleMoviePlayer.uplugin
LogPluginManager: Loaded Plugin ArchVisCharacter, From D:/Program Files (x86)/Epic Games/4.14/Engine/Plugins/Runtime/ArchVisCharacter/ArchVisCharacter.uplugin
LogPluginManager: Loaded Plugin CableComponent, From D:/Program Files (x86)/Epic Games/4.14/Engine/Plugins/Runtime/CableComponent/CableComponent.uplugin
LogPluginManager: Loaded Plugin CustomMeshComponent, From D:/Program Files (x86)/Epic Games/4.14/Engine/Plugins/Runtime/CustomMeshComponent/CustomMeshComponent.uplugin
LogPluginManager: Loaded Plugin ExampleDeviceProfileSelector, From D:/Program Files (x86)/Epic Games/4.14/Engine/Plugins/Runtime/ExampleDeviceProfileSelector/ExampleDeviceProfileSelector.uplugin
LogPluginManager: Loaded Plugin GearVR, From D:/Program Files (x86)/Epic Games/4.14/Engine/Plugins/Runtime/GearVR/GearVR.uplugin
LogPluginManager: Loaded Plugin GoogleVRController, From D:/Program Files (x86)/Epic Games/4.14/Engine/Plugins/Runtime/GoogleVR/GoogleVRController/GoogleVRController.uplugin
LogPluginManager: Loaded Plugin GoogleVRHMD, From D:/Program Files (x86)/Epic Games/4.14/Engine/Plugins/Runtime/GoogleVR/GoogleVRHMD/GoogleVRHMD.uplugin
LogPluginManager: Loaded Plugin IOSDeviceProfileSelector, From D:/Program Files (x86)/Epic Games/4.14/Engine/Plugins/Runtime/IOSDeviceProfileSelector/IOSDeviceProfileSelector.uplugin
LogPluginManager: Loaded Plugin LeapMotion, From D:/Program Files (x86)/Epic Games/4.14/Engine/Plugins/Runtime/LeapMotion/LeapMotion.uplugin
LogPluginManager: Loaded Plugin LinuxDeviceProfileSelector, From D:/Program Files (x86)/Epic Games/4.14/Engine/Plugins/Runtime/LinuxDeviceProfileSelector/LinuxDeviceProfileSelector.uplugin
LogPluginManager: Loaded Plugin MIDIDevice, From D:/Program Files (x86)/Epic Games/4.14/Engine/Plugins/Runtime/MIDIDevice/MIDIDevice.uplugin
LogPluginManager: Loaded Plugin MobilePatchingUtils, From D:/Program Files (x86)/Epic Games/4.14/Engine/Plugins/Runtime/MobilePatchingUtils/MobilePatchingUtils.uplugin
LogPluginManager: Loaded Plugin Ansel, From D:/Program Files (x86)/Epic Games/4.14/Engine/Plugins/Runtime/Nvidia/Ansel/Ansel.uplugin
LogPluginManager: Loaded Plugin OculusAudio, From D:/Program Files (x86)/Epic Games/4.14/Engine/Plugins/Runtime/OculusAudio/OculusAudio.uplugin
LogPluginManager: Loaded Plugin OculusInput, From D:/Program Files (x86)/Epic Games/4.14/Engine/Plugins/Runtime/OculusInput/OculusInput.uplugin
LogPluginManager: Loaded Plugin OculusLibrary, From D:/Program Files (x86)/Epic Games/4.14/Engine/Plugins/Runtime/OculusLibrary/OculusLibrary.uplugin
LogPluginManager: Loaded Plugin OculusRift, From D:/Program Files (x86)/Epic Games/4.14/Engine/Plugins/Runtime/OculusRift/OculusRift.uplugin
LogPluginManager: Loaded Plugin Oodle, From D:/Program Files (x86)/Epic Games/4.14/Engine/Plugins/Runtime/PacketHandlers/CompressionComponents/Oodle/Oodle.uplugin
LogPluginManager: Loaded Plugin ProceduralMeshComponent, From D:/Program Files (x86)/Epic Games/4.14/Engine/Plugins/Runtime/ProceduralMeshComponent/ProceduralMeshComponent.uplugin
LogPluginManager: Loaded Plugin SoundMod, From D:/Program Files (x86)/Epic Games/4.14/Engine/Plugins/Runtime/SoundMod/SoundMod.uplugin
LogPluginManager: Loaded Plugin SoundVisualizations, From D:/Program Files (x86)/Epic Games/4.14/Engine/Plugins/Runtime/SoundVisualizations/SoundVisualizations.uplugin
LogPluginManager: Loaded Plugin SteamController, From D:/Program Files (x86)/Epic Games/4.14/Engine/Plugins/Runtime/Steam/SteamController/SteamController.uplugin
LogPluginManager: Loaded Plugin SteamVR, From D:/Program Files (x86)/Epic Games/4.14/Engine/Plugins/Runtime/Steam/SteamVR/SteamVR.uplugin
LogPluginManager: Loaded Plugin WebBrowserWidget, From D:/Program Files (x86)/Epic Games/4.14/Engine/Plugins/Runtime/WebBrowserWidget/WebBrowserWidget.uplugin
LogPluginManager: Loaded Plugin WindowsDeviceProfileSelector, From D:/Program Files (x86)/Epic Games/4.14/Engine/Plugins/Runtime/WindowsDeviceProfileSelector/WindowsDeviceProfileSelector.uplugin
LogPluginManager: Loaded Plugin WindowsMoviePlayer, From D:/Program Files (x86)/Epic Games/4.14/Engine/Plugins/Runtime/WindowsMoviePlayer/WindowsMoviePlayer.uplugin
LogPluginManager: Loaded Plugin ScriptPlugin, From D:/Program Files (x86)/Epic Games/4.14/Engine/Plugins/ScriptPlugin/ScriptPlugin.uplugin
LogPluginManager: Loaded Plugin SlateRemote, From D:/Program Files (x86)/Epic Games/4.14/Engine/Plugins/Slate/SlateRemote/SlateRemote.uplugin
LogPluginManager: Loaded Plugin EditorTests, From D:/Program Files (x86)/Epic Games/4.14/Engine/Plugins/Tests/EditorTests/EditorTests.uplugin
LogPluginManager: Loaded Plugin FbxAutomationTestBuilder, From D:/Program Files (x86)/Epic Games/4.14/Engine/Plugins/Tests/FbxAutomationTestBuilder/FbxAutomationTestBuilder.uplugin
LogPluginManager: Loaded Plugin FunctionalTestingEditor, From D:/Program Files (x86)/Epic Games/4.14/Engine/Plugins/Tests/FunctionalTestingEditor/FunctionalTestingEditor.uplugin
LogPluginManager: Loaded Plugin RuntimeTests, From D:/Program Files (x86)/Epic Games/4.14/Engine/Plugins/Tests/RuntimeTests/RuntimeTests.uplugin
LogPluginManager: Loaded Plugin ScreenshotTools, From D:/Program Files (x86)/Epic Games/4.14/Engine/Plugins/Tests/ScreenshotTools/ScreenshotTools.uplugin
LogPluginManager: Loaded Plugin UnrealEnginePython, From D:/Users/matvey/Documents/UnrealProjects/Unreal2DRunner/Plugins/UnrealEnginePython/UnrealEnginePython.uplugin
LogInit: Using libcurl 7.47.1
LogInit:  - built for x86_64-pc-win32
LogInit:  - supports SSL with OpenSSL/1.0.2g
LogInit:  - supports HTTP deflate (compression) using libz 1.2.8
LogInit:  - other features:
LogInit:      CURL_VERSION_SSL
LogInit:      CURL_VERSION_LIBZ
LogInit:      CURL_VERSION_IPV6
LogInit:      CURL_VERSION_ASYNCHDNS
LogInit:      CURL_VERSION_LARGEFILE
LogInit:      CURL_VERSION_IDN
LogInit:  CurlRequestOptions (configurable via config and command line):
LogInit:  - bVerifyPeer = false  - Libcurl will NOT verify peer certificate
LogInit:  - bUseHttpProxy = false  - Libcurl will NOT use HTTP proxy
LogInit:  - bDontReuseConnections = false  - Libcurl will reuse connections
LogInit:  - CertBundlePath = nullptr  - Libcurl will use whatever was configured at build time.
LogInit: Build: ++UE4+Release-4.14-CL-3224400
LogInit: Engine Version: 4.14.1-3224400+++UE4+Release-4.14
LogInit: Compatible Engine Version: 4.14.0-3195953+++UE4+Release-4.14
LogInit: Net CL: 3195953
LogDevObjectVersion: Number of dev versions registered: 13
LogDevObjectVersion:   Dev-Blueprints (B0D832E4-1F89-4F0D-ACCF-7EB736FD4AA2): 7
LogDevObjectVersion:   Dev-Build (E1C64328-A22C-4D53-A36C-8E866417BD8C): 0
LogDevObjectVersion:   Dev-Core (375EC13C-06E4-48FB-B500-84F0262A717E): 1
LogDevObjectVersion:   Dev-Editor (E4B068ED-F494-42E9-A231-DA0B2E46BB41): 8
LogDevObjectVersion:   Dev-Framework (CFFC743F-43B0-4480-9391-14DF171D2073): 17
LogDevObjectVersion:   Dev-Mobile (B02B49B5-BB20-44E9-A304-32B752E40360): 0
LogDevObjectVersion:   Dev-Networking (A4E4105C-59A1-49B5-A7C5-40C4547EDFEE): 0
LogDevObjectVersion:   Dev-Online (39C831C9-5AE6-47DC-9A44-9C173E1C8E7C): 0
LogDevObjectVersion:   Dev-Physics (78F01B33-EBEA-4F98-B9B4-84EACCB95AA2): 0
LogDevObjectVersion:   Dev-Platform (6631380F-2D4D-43E0-8009-CF276956A95A): 0
LogDevObjectVersion:   Dev-Rendering (12F88B9F-8875-4AFC-A67C-D90C383ABD29): 12
LogDevObjectVersion:   Dev-Sequencer (7B5AE74C-D270-4C10-A958-57980B212A5A): 1
LogDevObjectVersion:   Dev-VR (D7296918-1DD6-4BDD-9DE2-64A83CC13884): 0
LogInit: Compiled (64-bit): Dec  7 2016 02:14:32
LogInit: Compiled with Visual C++: 19.00.23026.00
LogInit: Build Configuration: Development
LogInit: Branch Name: ++UE4+Release-4.14
LogInit: Command line:  
LogInit: Base directory: D:/Program Files (x86)/Epic Games/4.14/Engine/Binaries/Win64/
LogInit: Installed Engine Build: 1
LogInit: Presizing for max 8388607 objects, including 0 objects not considered by GC, pre-allocating 0 bytes for permanent pool.
LogInit: Object subsystem initialized
[2016.12.27-09.44.06:346][  0]LogInit: Selected Device Profile: [Windows]
[2016.12.27-09.44.06:346][  0]LogInit: Applying CVar settings loaded from the selected device profile: [Windows]
[2016.12.27-09.44.06:354][  0]LogInit: Computer: DESKTOP-KKUTPK0
[2016.12.27-09.44.06:354][  0]LogInit: User: matvey
[2016.12.27-09.44.06:354][  0]LogInit: CPU Page size=65536, Cores=4
[2016.12.27-09.44.06:354][  0]LogInit: High frequency timer resolution =3.914059 MHz
[2016.12.27-09.44.06:354][  0]LogMemory: Memory total: Physical=16.0GB (16GB approx)
[2016.12.27-09.44.06:354][  0]LogMemory: Platform Memory Stats for Windows
[2016.12.27-09.44.06:354][  0]LogMemory: Process Physical Memory: 265.09 MB used, 265.09 MB peak
[2016.12.27-09.44.06:354][  0]LogMemory: Process Virtual Memory: 262.76 MB used, 262.76 MB peak
[2016.12.27-09.44.06:354][  0]LogMemory: Physical Memory: 6712.26 MB used,  9620.88 MB free, 16333.13 MB total
[2016.12.27-09.44.06:354][  0]LogMemory: Virtual Memory: 675.73 MB used,  9620.88 MB free, 134217728.00 MB total
[2016.12.27-09.44.06:376][  0]LogTextLocalizationManager: No specific translations for ('en-US') exist, so ('en') translations will be used.
[2016.12.27-09.44.06:814][  0]LogD3D11RHI: D3D11 adapters:
[2016.12.27-09.44.06:852][  0]LogD3D11RHI:    0. 'NVIDIA GeForce GTX 1070' (Feature Level 11_0)
[2016.12.27-09.44.06:852][  0]LogD3D11RHI:       8142/0/8166 MB DedicatedVideo/DedicatedSystem/SharedSystem, Outputs:1, VendorId:0x10de
[2016.12.27-09.44.06:853][  0]LogD3D11RHI:    1. 'Microsoft Basic Render Driver' (Feature Level 11_0)
[2016.12.27-09.44.06:853][  0]LogD3D11RHI:       0/0/8166 MB DedicatedVideo/DedicatedSystem/SharedSystem, Outputs:0, VendorId:0x1414
[2016.12.27-09.44.06:853][  0]LogD3D11RHI: Chosen D3D11 Adapter: 0
[2016.12.27-09.44.06:865][  0]LogD3D11RHI: Creating new Direct3DDevice
[2016.12.27-09.44.06:865][  0]LogD3D11RHI:     GPU DeviceId: 0x1b81 (for the marketing name, search the web for "GPU Device Id")
[2016.12.27-09.44.06:865][  0]LogWindows: EnumDisplayDevices:
[2016.12.27-09.44.06:865][  0]LogWindows:    0. 'NVIDIA GeForce GTX 1070' (P:1 D:1)
[2016.12.27-09.44.06:865][  0]LogWindows:    1. 'NVIDIA GeForce GTX 1070' (P:0 D:0)
[2016.12.27-09.44.06:865][  0]LogWindows:    2. 'NVIDIA GeForce GTX 1070' (P:0 D:0)
[2016.12.27-09.44.06:865][  0]LogWindows:    3. 'NVIDIA GeForce GTX 1070' (P:0 D:0)
[2016.12.27-09.44.06:865][  0]LogWindows: DebugString: FoundDriverCount:4 
[2016.12.27-09.44.06:865][  0]LogD3D11RHI:     Adapter Name: NVIDIA GeForce GTX 1070
[2016.12.27-09.44.06:865][  0]LogD3D11RHI:   Driver Version: 369.30 (internal:21.21.13.6930, unified:369.30)
[2016.12.27-09.44.06:865][  0]LogD3D11RHI:      Driver Date: 9-4-2016
[2016.12.27-09.44.06:865][  0]LogRHI: Texture pool is 1361 MB (70% of 1945 MB)
[2016.12.27-09.44.06:879][  0]LogD3D11RHI: Async texture creation enabled
[2016.12.27-09.44.06:888][  0]LogD3D11RHI: GPU Timing Frequency: 1000.000000 (Debug: 2 1)
[2016.12.27-09.44.06:888][  0]LogShaderCompilers: Guid format shader working directory is -24 characters bigger than the processId version (../../../../../../Users/matvey/Documents/UnrealProjects/Unreal2DRunner/Intermediate/Shaders/WorkingDirectory/13700/).
[2016.12.27-09.44.06:888][  0]LogShaderCompilers: Cleaned the shader compiler working directory 'C:/Users/matvey/AppData/Local/Temp/UnrealShaderWorkingDir/66AD472544F5F127CE6C05A3B4C6DABB/'.
[2016.12.27-09.44.06:888][  0]LogShaderCompilers:Display: Using Local Shader Compiler.
[2016.12.27-09.44.09:542][  0]LogTemp:Display: Loaded TP AllDesktopTargetPlatform
[2016.12.27-09.44.09:579][  0]LogTemp:Display: Loaded TP MacClientTargetPlatform
[2016.12.27-09.44.09:616][  0]LogTemp:Display: Loaded TP MacNoEditorTargetPlatform
[2016.12.27-09.44.09:653][  0]LogTemp:Display: Loaded TP MacServerTargetPlatform
[2016.12.27-09.44.09:690][  0]LogTemp:Display: Loaded TP MacTargetPlatform
[2016.12.27-09.44.09:727][  0]LogTemp:Display: Loaded TP WindowsClientTargetPlatform
[2016.12.27-09.44.09:766][  0]LogTemp:Display: Loaded TP WindowsNoEditorTargetPlatform
[2016.12.27-09.44.09:803][  0]LogTemp:Display: Loaded TP WindowsServerTargetPlatform
[2016.12.27-09.44.09:832][  0]LogTemp:Display: Loaded TP WindowsTargetPlatform
[2016.12.27-09.44.09:868][  0]LogTemp:Display: Loaded TP AndroidTargetPlatform
[2016.12.27-09.44.09:905][  0]LogTemp:Display: Loaded TP Android_ASTCTargetPlatform
[2016.12.27-09.44.09:941][  0]LogTemp:Display: Loaded TP Android_ATCTargetPlatform
[2016.12.27-09.44.09:977][  0]LogTemp:Display: Loaded TP Android_DXTTargetPlatform
[2016.12.27-09.44.10:013][  0]LogTemp:Display: Loaded TP Android_ETC1TargetPlatform
[2016.12.27-09.44.10:049][  0]LogTemp:Display: Loaded TP Android_ETC2TargetPlatform
[2016.12.27-09.44.10:121][  0]LogTemp:Display: Loaded TP Android_MultiTargetPlatform
[2016.12.27-09.44.10:121][  0]LogTemp:Display: Loaded TP Android_PVRTCTargetPlatform
[2016.12.27-09.44.10:145][  0]LogTemp:Display: Loaded TP HTML5TargetPlatform
[2016.12.27-09.44.10:207][  0]LogTemp:Display: Loaded TP IOSTargetPlatform
[2016.12.27-09.44.10:231][  0]LogTemp:Display: Loaded TP TVOSTargetPlatform
[2016.12.27-09.44.10:267][  0]LogTemp:Display: Loaded TP LinuxClientTargetPlatform
[2016.12.27-09.44.10:304][  0]LogTemp:Display: Loaded TP LinuxNoEditorTargetPlatform
[2016.12.27-09.44.10:339][  0]LogTemp:Display: Loaded TP LinuxServerTargetPlatform
[2016.12.27-09.44.10:375][  0]LogTemp:Display: Loaded TP LinuxTargetPlatform
[2016.12.27-09.44.10:375][  0]LogTargetPlatformManager:Display: Building Assets For Windows
[2016.12.27-09.44.10:631][  0]LogDerivedDataCache:Display: Max Cache Size: 512 MB
[2016.12.27-09.44.10:668][  0]LogDerivedDataCache: Loaded boot cache 0.04s 50MB C:/Users/matvey/AppData/Local/UnrealEngine/4.14/DerivedDataCache/Boot.ddc.
[2016.12.27-09.44.10:668][  0]LogDerivedDataCache:Display: Loaded Boot cache: C:/Users/matvey/AppData/Local/UnrealEngine/4.14/DerivedDataCache/Boot.ddc
[2016.12.27-09.44.10:668][  0]LogDerivedDataCache: FDerivedDataBackendGraph:  Pak pak cache file ../../../../../../Users/matvey/Documents/UnrealProjects/Unreal2DRunner/DerivedDataCache/DDC.ddp not found, will not use a pak cache.
[2016.12.27-09.44.10:668][  0]LogDerivedDataCache: Unable to find inner node Pak for hierarchical cache Hierarchy.
[2016.12.27-09.44.10:668][  0]LogDerivedDataCache: FDerivedDataBackendGraph:  CompressedPak pak cache file ../../../../../../Users/matvey/Documents/UnrealProjects/Unreal2DRunner/DerivedDataCache/Compressed.ddp not found, will not use a pak cache.
[2016.12.27-09.44.10:668][  0]LogDerivedDataCache: Unable to find inner node CompressedPak for hierarchical cache Hierarchy.
[2016.12.27-09.44.10:681][  0]LogDerivedDataCache:Display: Pak cache opened for reading ../../../Engine/DerivedDataCache/Compressed.ddp.
[2016.12.27-09.44.10:692][  0]LogDerivedDataCache: Using Local data cache path C:/Users/matvey/AppData/Local/UnrealEngine/Common/DerivedDataCache: Writable
[2016.12.27-09.44.10:830][  0]LogInit: Selected Device Profile: [Windows]
[2016.12.27-09.44.10:832][  0]LogContentStreaming: Texture pool size is 0.00 MB
[2016.12.27-09.44.10:968][  0]LogMeshUtilities: Using QuadricMeshReduction for automatic static mesh reduction
[2016.12.27-09.44.10:996][  0]LogSimplygon: Simplygon DLL not present - disabling.
[2016.12.27-09.44.11:025][  0]LogMeshUtilities: Using SimplygonSwarm for distributed automatic mesh merging
[2016.12.27-09.44.11:025][  0]LogMeshUtilities: No automatic skeletal mesh reduction module available
[2016.12.27-09.44.11:025][  0]LogMeshUtilities: No automatic mesh merging module available
[2016.12.27-09.44.11:373][  0]LogNetVersion: GetLocalNetworkVersion: CL: 3195953, ProjectName: unreal2drunner3, ProjectVersion: , EngineNetworkVersion: 2, GameNetworkVersion: 0, NetworkChecksum: 3246814908
[2016.12.27-09.44.11:422][  0]LogAssetRegistry: FAssetRegistry took 0.0219 seconds to start up
[2016.12.27-09.44.11:438][  0]LogDirectoryWatcher:Warning: Failed to begin reading directory changes for ../../../../../../Users/matvey/Documents/UnrealProjects/Unreal2DRunner/Plugins/UnrealEnginePython/Content/. Error: The system cannot find the file specified. (0x00000002)
[2016.12.27-09.44.11:460][  0]LogPackageLocalizationCache: Processed 4 localized package path(s) for 2 prioritized culture(s) in 0.022492 seconds
[2016.12.27-09.44.11:464][  0]LogUObjectArray: 31946 objects as part of root set at end of initial load.
[2016.12.27-09.44.11:464][  0]LogUObjectAllocator: 6935848 out of 0 bytes used by permanent object pool.
[2016.12.27-09.44.11:464][  0]LogUObjectArray: CloseDisregardForGC: 0/0 objects in disregard for GC pool
[2016.12.27-09.44.11:509][  0]LogInit: WinSock: version 1.1 (2.2), MaxSocks=32767, MaxUdp=65467
[2016.12.27-09.44.12:010][  0]LogSlate: Using Freetype 2.6.0
[2016.12.27-09.44.12:010][  0]LogSlate: SlateFontCache - WITH_FREETYPE: 1, WITH_HARFBUZZ: 1
[2016.12.27-09.44.12:010][  0]LogSlate: SlateFontCache - WITH_FREETYPE: 1, WITH_HARFBUZZ: 1
[2016.12.27-09.44.12:540][  0]LogTcpMessaging: Initializing TcpMessaging bridge
[2016.12.27-09.44.12:570][  0]LogUdpMessaging: Initializing bridge on interface 0.0.0.0:0 to multicast group 230.0.0.1:6666.
[2016.12.27-09.44.12:681][  0]LogPython: Python VM initialized: 3.5.2 |Anaconda custom (64-bit)| (default, Jul  5 2016, 11:41:13) [MSC v.1900 64 bit (AMD64)]
[2016.12.27-09.44.12:681][  0]LogPython: Python Scripts search path: ../../../../../../Users/matvey/Documents/UnrealProjects/Unreal2DRunner/Content/Scripts
[2016.12.27-09.44.12:681][  0]LogPython: ue_site Python module successfully imported
[2016.12.27-09.44.12:873][  0]LogMaterial: Uniform references updated for custom material expression Custom.
[2016.12.27-09.44.13:121][  0]SourceControl: Info Source control is disabled
[2016.12.27-09.44.13:121][  0]SourceControl: Info Source control is disabled
[2016.12.27-09.44.13:152][  0]SourceControl: Info Source control is disabled
[2016.12.27-09.44.13:181][  0]SourceControl: Info Source control is disabled
[2016.12.27-09.44.14:028][  0]LogEngine: Initializing Engine...
[2016.12.27-09.44.14:028][  0]LogHMD: Failed to initialize OpenVR with code 110
[2016.12.27-09.44.14:191][  0]LogAIModule: Creating AISystem for world Untitled
[2016.12.27-09.44.14:198][  0]LogInit: XAudio2 using 'Speakers (7.1 SOUND EFFECT GAMING HEADSET)' : 2 channels at 44.1 kHz using 16 bits per sample (channel mask 0x3)
[2016.12.27-09.44.14:209][  0]LogInit: FAudioDevice initialized.
[2016.12.27-09.44.14:228][  0]LogDerivedDataCache: Saved boot cache 0.02s 50MB C:/Users/matvey/AppData/Local/UnrealEngine/4.14/DerivedDataCache/Boot.ddc.
[2016.12.27-09.44.14:235][  0]LogInit: Texture streaming: Enabled
[2016.12.27-09.44.14:353][  0]LogInit: Transaction tracking system initialized
[2016.12.27-09.44.14:570][  0]BlueprintLog: New page: Editor Load
[2016.12.27-09.44.15:131][  0]LocalizationService: Info Localization service is disabled
[2016.12.27-09.44.15:553][  0]LogConsoleResponse:Display: 
[2016.12.27-09.44.15:649][  0]LogCook:Display: Max memory allowance for cook 16384mb min free memory 0mb
[2016.12.27-09.44.15:649][  0]LogCook:Display: Mobile HDR setting 1
[2016.12.27-09.44.16:230][  0]LogFileCache: Scanning file cache for directory 'D:/Users/matvey/Documents/UnrealProjects/Unreal2DRunner/Content/' took 0.01s
[2016.12.27-09.44.16:259][  0]SourceControl: Info Source control is disabled
[2016.12.27-09.44.16:259][  0]Cmd: MAP LOAD FILE="../../../../../../Users/matvey/Documents/UnrealProjects/Unreal2DRunner/Content/Levels/MainGame_Level.umap" TEMPLATE=0 SHOWPROGRESS=1 FEATURELEVEL=3
[2016.12.27-09.44.16:259][  0]LightingResults: New page: Lighting Build
[2016.12.27-09.44.16:285][  0]MapCheck: New page: Map Check
[2016.12.27-09.44.16:285][  0]LightingResults: New page: Lighting Build
[2016.12.27-09.44.16:502][  0]LogAIModule: Creating AISystem for world MainGame_Level
[2016.12.27-09.44.16:502][  0]LogActorComponent: RegisterComponentWithWorld: (/Game/Levels/MainGame_Level.MainGame_Level:PersistentLevel.WorldSettings.StaticMeshComponent0) Trying to register component with IsPendingKill() == true. Aborting.
[2016.12.27-09.44.16:504][  0]LogEditorServer: Finished looking for orphan Actors (0.000 secs)
[2016.12.27-09.44.16:505][  0]Cmd: MAP CHECKDEP NOCLEARLOG
[2016.12.27-09.44.16:532][  0]MapCheck: Info Map check complete: 0 Error(s), 0 Warning(s), took 27.09ms to complete.
[2016.12.27-09.44.16:532][  0]LogFileHelpers: Loading map 'MainGame_Level' took 0.273
[2016.12.27-09.44.16:592][  0]LogWindowsTextInputMethodSystem:Display: IME system now deactivated.
[2016.12.27-09.44.16:645][  0]LogCollectionManager: Loaded 0 collections in 0.000821 seconds
[2016.12.27-09.44.16:707][  0]LogFileCache: Scanning file cache for directory 'D:/Users/matvey/Documents/UnrealProjects/Unreal2DRunner/Saved/Collections/' took 0.01s
[2016.12.27-09.44.16:707][  0]LogFileCache: Scanning file cache for directory 'D:/Users/matvey/Documents/UnrealProjects/Unreal2DRunner/Content/Developers/matvey/Collections/' took 0.01s
[2016.12.27-09.44.16:707][  0]LogFileCache: Scanning file cache for directory 'D:/Users/matvey/Documents/UnrealProjects/Unreal2DRunner/Content/Collections/' took 0.01s
[2016.12.27-09.44.16:707][  0]LogCollectionManager: Rebuilt the GUID cache for 0 collections in 0.000001 seconds
[2016.12.27-09.44.16:714][  0]LogContentBrowser: Native class hierarchy populated in 0.0070 seconds. Added 2202 classes and 435 folders.
[2016.12.27-09.44.16:742][  0]LogStats: UGameplayTagsManager::ConstructGameplayTagTree: Construct from data asset -  0.000 s
[2016.12.27-09.44.16:743][  0]LogStats: UGameplayTagsManager::ConstructGameplayTagTree: GameplayTagTreeChangedEvent.Broadcast -  0.000 s
[2016.12.27-09.44.16:744][  0]LogContentBrowser: Native class hierarchy updated for 'GameplayTags' in 0.0011 seconds. Added 13 classes and 0 folders.
[2016.12.27-09.44.16:784][  0]LogContentBrowser: Native class hierarchy updated for 'WidgetCarousel' in 0.0010 seconds. Added 0 classes and 0 folders.
[2016.12.27-09.44.16:812][  0]LogContentBrowser: Native class hierarchy updated for 'AddContentDialog' in 0.0011 seconds. Added 0 classes and 0 folders.
[2016.12.27-09.44.16:841][  0]LogContentBrowser: Native class hierarchy updated for 'SceneOutliner' in 0.0011 seconds. Added 1 classes and 2 folders.
[2016.12.27-09.44.16:868][  0]LogCrashTracker: Crashtracker disabled due to settings.
[2016.12.27-09.44.16:872][  0]LogUObjectGlobals:Warning: Failed to find object 'Class None.'
[2016.12.27-09.44.16:923][  0]LogContentBrowser: Native class hierarchy updated for 'HierarchicalLODOutliner' in 0.0011 seconds. Added 1 classes and 2 folders.
[2016.12.27-09.44.16:923][  0]LogLoad: (Engine Initialization) Total time: 11.67 seconds
[2016.12.27-09.44.16:923][  0]LogLoad: (Engine Initialization) Total Blueprint compile time: 0.10 seconds
[2016.12.27-09.44.16:923][  0]LogExternalProfiler: Found external profiler: VSPerf
[2016.12.27-09.44.16:923][  0]LogExternalProfiler: Using external profiler: VSPerf
[2016.12.27-09.44.16:955][  0]LogOcInput: OculusInput pre-init called
[2016.12.27-09.44.16:967][  0]LogAssetRegistry: Asset discovery search completed in 5.5674 seconds
[2016.12.27-09.44.16:967][  0]LogCollectionManager: Rebuilt the object cache for 0 collections in 0.000001 seconds (found 0 objects)
[2016.12.27-09.44.16:967][  0]LogCollectionManager: Fixed up redirectors for 0 collections in 0.000015 seconds (updated 0 objects)
[2016.12.27-09.44.16:969][  0]LogContentStreaming: Texture pool size now 1000 MB
[2016.12.27-09.44.17:084][  0]LogRenderer: Reallocating scene render targets to support 1680x100 NumSamples 1 (Frame:2).
[2016.12.27-09.44.18:704][ 56]LogTemp: Repeting last play command: New Editor Window (PIE)
[2016.12.27-09.44.18:714][ 56]LogBlueprintUserMessages: Early PlayInEditor Detection: Level '/Game/Levels/MainGame_Level.MainGame_Level:PersistentLevel' has LevelScriptBlueprint '/Game/Levels/MainGame_Level.MainGame_Level:PersistentLevel.MainGame_Level' with GeneratedClass '/Game/Levels/MainGame_Level.MainGame_Level_C' with ClassGeneratedBy '/Game/Levels/MainGame_Level.MainGame_Level:PersistentLevel.MainGame_Level'
[2016.12.27-09.44.18:714][ 56]LogPlayLevel: PlayLevel: No blueprints needed recompiling
[2016.12.27-09.44.18:714][ 56]PIE: New page: PIE session: MainGame_Level (Dec 27, 2016, 4:44:18 PM)
[2016.12.27-09.44.18:715][ 56]LogPlayLevel: Creating play world package: /Game/Levels/UEDPIE_0_MainGame_Level
[2016.12.27-09.44.18:717][ 56]LogPlayLevel: PIE: StaticDuplicateObject took: (0.002358s)
[2016.12.27-09.44.18:718][ 56]LogAIModule: Creating AISystem for world MainGame_Level
[2016.12.27-09.44.18:718][ 56]LogPlayLevel: PIE: World Init took: (0.000584s)
[2016.12.27-09.44.18:718][ 56]LogPlayLevel: PIE: Created PIE world by copying editor world from /Game/Levels/MainGame_Level.MainGame_Level to /Game/Levels/UEDPIE_0_MainGame_Level.MainGame_Level (0.003265s)
[2016.12.27-09.44.18:736][ 56]LogInit: XAudio2 using 'Speakers (7.1 SOUND EFFECT GAMING HEADSET)' : 2 channels at 44.1 kHz using 16 bits per sample (channel mask 0x3)
[2016.12.27-09.44.18:741][ 56]LogInit: FAudioDevice initialized.
[2016.12.27-09.44.18:789][ 56]LogLoad: Game class is 'MyGameMode_C'
[2016.12.27-09.44.18:792][ 56]LogWorld: Bringing World /Game/Levels/UEDPIE_0_MainGame_Level.MainGame_Level up for play (max tick rate 0) at 2016.12.27-12.44.18
[2016.12.27-09.44.18:793][ 56]LogWorld: Bringing up level for play took: 0.001849
[2016.12.27-09.44.18:821][ 56]LogContentBrowser: Native class hierarchy updated for 'MovieSceneCapture' in 0.0012 seconds. Added 11 classes and 0 folders.
[2016.12.27-09.44.18:821][ 56]LogGameMode:Display: Match State Changed from EnteringMap to WaitingToStart
[2016.12.27-09.44.18:821][ 56]LogGameState: Match State Changed from EnteringMap to WaitingToStart
[2016.12.27-09.44.18:821][ 56]LogGameMode:Display: Match State Changed from WaitingToStart to InProgress
[2016.12.27-09.44.19:882][ 56]LogPython: Python version: 
[2016.12.27-09.44.19:882][ 56]LogPython: Python version: 
[2016.12.27-09.44.19:882][ 56]LogPython: Begin Play on PythonAIController class
[2016.12.27-09.44.21:151][ 56]LogPython: Successfully loaded: D:\saves\saved_networks/dqn-1049999
[2016.12.27-09.44.21:151][ 56]LogPython: 

[2016.12.27-09.44.21:152][ 56]LogGameState: Match State Changed from WaitingToStart to InProgress
[2016.12.27-09.44.21:155][ 56]PIE: Info Play in editor start time for /Game/Levels/UEDPIE_0_MainGame_Level 3.425
[2016.12.27-09.44.21:155][ 56]LogBlueprintUserMessages: Late PlayInEditor Detection: Level '/Game/Levels/MainGame_Level.MainGame_Level:PersistentLevel' has LevelScriptBlueprint '/Game/Levels/MainGame_Level.MainGame_Level:PersistentLevel.MainGame_Level' with GeneratedClass '/Game/Levels/MainGame_Level.MainGame_Level_C' with ClassGeneratedBy '/Game/Levels/MainGame_Level.MainGame_Level:PersistentLevel.MainGame_Level'
[2016.12.27-09.44.21:187][ 56]LogRenderer: Reallocating scene render targets to support 1680x240 NumSamples 1 (Frame:5).
[2016.12.27-09.44.23:706][157]LogPython: TIMESTEP 100, EPSILON 0.0001, EPISODE_STATS {'loss': 0.0}, MATCH_STATS {'reward': 0.0, 'score': 0.0, 'playtime': 0.0}
[2016.12.27-09.44.23:706][157]LogPython: 

[2016.12.27-09.44.25:802][257]LogPython: TIMESTEP 200, EPSILON 0.0001, EPISODE_STATS {'loss': 0.0}, MATCH_STATS {'reward': 0.0, 'score': 0.0, 'playtime': 0.0}
[2016.12.27-09.44.25:802][257]LogPython: 

[2016.12.27-09.44.28:122][357]LogPython: TIMESTEP 300, EPSILON 0.0001, EPISODE_STATS {'loss': 0.0}, MATCH_STATS {'reward': 0.4170624070636391, 'score': 1.0, 'playtime': 124.5}
[2016.12.27-09.44.28:122][357]LogPython: 

[2016.12.27-09.44.31:247][457]LogPython: TIMESTEP 400, EPSILON 0.0001, EPISODE_STATS {'loss': 0.0}, MATCH_STATS {'reward': 0.4170624070636391, 'score': 1.0, 'playtime': 124.5}
[2016.12.27-09.44.31:248][457]LogPython: 

[2016.12.27-09.44.34:372][557]LogPython: TIMESTEP 500, EPSILON 0.0001, EPISODE_STATS {'loss': 0.0}, MATCH_STATS {'reward': 0.4170624070636391, 'score': 1.0, 'playtime': 124.5}
[2016.12.27-09.44.34:372][557]LogPython: 

[2016.12.27-09.44.37:497][657]LogPython: TIMESTEP 600, EPSILON 0.0001, EPISODE_STATS {'loss': 0.0}, MATCH_STATS {'reward': 0.2888679058481629, 'score': 1.0, 'playtime': 197.0}
[2016.12.27-09.44.37:498][657]LogPython: 

[2016.12.27-09.44.40:622][757]LogPython: TIMESTEP 700, EPSILON 0.0001, EPISODE_STATS {'loss': 0.0}, MATCH_STATS {'reward': 0.44552883575838803, 'score': 1.0, 'playtime': 136.4}
[2016.12.27-09.44.40:623][757]LogPython: 

[2016.12.27-09.44.43:748][857]LogPython: TIMESTEP 800, EPSILON 0.0001, EPISODE_STATS {'loss': 0.0}, MATCH_STATS {'reward': 0.4953624599502007, 'score': 1.0, 'playtime': 114.0}
[2016.12.27-09.44.43:748][857]LogPython: 

[2016.12.27-09.44.46:872][957]LogPython: TIMESTEP 900, EPSILON 0.0001, EPISODE_STATS {'loss': 0.0}, MATCH_STATS {'reward': 0.4953624599502007, 'score': 1.0, 'playtime': 114.0}
[2016.12.27-09.44.46:873][957]LogPython: 

[2016.12.27-09.44.49:997][ 57]LogPython: TIMESTEP 1000, EPSILON 0.0001, EPISODE_STATS {'loss': 0.0}, MATCH_STATS {'reward': 0.452336269325569, 'score': 1.0, 'playtime': 123.375}
[2016.12.27-09.44.49:997][ 57]LogPython: 

[2016.12.27-09.44.53:123][157]LogPython: TIMESTEP 1100, EPSILON 0.0001, EPISODE_STATS {'loss': 0.0}, MATCH_STATS {'reward': 0.452336269325569, 'score': 1.0, 'playtime': 123.375}
[2016.12.27-09.44.53:123][157]LogPython: 

[2016.12.27-09.44.56:247][257]LogPython: TIMESTEP 1200, EPSILON 0.0001, EPISODE_STATS {'loss': 0.0}, MATCH_STATS {'reward': 0.452336269325569, 'score': 1.0, 'playtime': 123.375}
[2016.12.27-09.44.56:247][257]LogPython: 

[2016.12.27-09.44.59:372][357]LogPython: TIMESTEP 1300, EPSILON 0.0001, EPISODE_STATS {'loss': 0.0}, MATCH_STATS {'reward': 0.452336269325569, 'score': 1.0, 'playtime': 123.375}
[2016.12.27-09.44.59:373][357]LogPython: 

[2016.12.27-09.45.02:498][457]LogPython: TIMESTEP 1400, EPSILON 0.0001, EPISODE_STATS {'loss': 0.0}, MATCH_STATS {'reward': 0.470319806799375, 'score': 1.0, 'playtime': 125.72727272727273}
[2016.12.27-09.45.02:498][457]LogPython: 

[2016.12.27-09.45.05:623][557]LogPython: TIMESTEP 1500, EPSILON 0.0001, EPISODE_STATS {'loss': 0.0}, MATCH_STATS {'reward': 0.470319806799375, 'score': 1.0, 'playtime': 125.72727272727273}
[2016.12.27-09.45.05:623][557]LogPython: 

[2016.12.27-09.45.08:748][657]LogPython: TIMESTEP 1600, EPSILON 0.0001, EPISODE_STATS {'loss': 0.0}, MATCH_STATS {'reward': 0.4970236039877301, 'score': 1.0, 'playtime': 113.5}
[2016.12.27-09.45.08:748][657]LogPython: 

[2016.12.27-09.45.11:873][757]LogPython: TIMESTEP 1700, EPSILON 0.0001, EPISODE_STATS {'loss': 0.0}, MATCH_STATS {'reward': 0.5223900985884793, 'score': 1.0, 'playtime': 106.86666666666666}
[2016.12.27-09.45.11:873][757]LogPython: 

[2016.12.27-09.45.14:997][857]LogPython: TIMESTEP 1800, EPSILON 0.0001, EPISODE_STATS {'loss': 0.0}, MATCH_STATS {'reward': 0.5258983224424858, 'score': 1.0, 'playtime': 102.3529411764706}
[2016.12.27-09.45.14:998][857]LogPython: 

[2016.12.27-09.45.18:874][957]LogPython: TIMESTEP 1900, EPSILON 0.0001, EPISODE_STATS {'loss': 0.0}, MATCH_STATS {'reward': 0.5258983224424858, 'score': 1.0, 'playtime': 102.3529411764706}
[2016.12.27-09.45.18:874][957]LogPython: 

[2016.12.27-09.45.21:248][ 57]LogPython: TIMESTEP 2000, EPSILON 0.0001, EPISODE_STATS {'loss': 0.0}, MATCH_STATS {'reward': 0.5012764341054851, 'score': 1.0, 'playtime': 110.5}
[2016.12.27-09.45.21:248][ 57]LogPython: 

[2016.12.27-09.45.24:373][157]LogPython: TIMESTEP 2100, EPSILON 0.0001, EPISODE_STATS {'loss': 0.0}, MATCH_STATS {'reward': 0.5224925204688177, 'score': 1.0, 'playtime': 105.26315789473684}
[2016.12.27-09.45.24:373][157]LogPython: 

[2016.12.27-09.45.25:097][180]LogBlueprintUserMessages: Early EndPlayMap Detection: Level '/Game/Levels/MainGame_Level.MainGame_Level:PersistentLevel' has LevelScriptBlueprint '/Game/Levels/MainGame_Level.MainGame_Level:PersistentLevel.MainGame_Level' with GeneratedClass '/Game/Levels/MainGame_Level.MainGame_Level_C' with ClassGeneratedBy '/Game/Levels/MainGame_Level.MainGame_Level:PersistentLevel.MainGame_Level'
[2016.12.27-09.45.25:139][180]LogBlueprintUserMessages: Late EndPlayMap Detection: Level '/Game/Levels/MainGame_Level.MainGame_Level:PersistentLevel' has LevelScriptBlueprint '/Game/Levels/MainGame_Level.MainGame_Level:PersistentLevel.MainGame_Level' with GeneratedClass '/Game/Levels/MainGame_Level.MainGame_Level_C' with ClassGeneratedBy '/Game/Levels/MainGame_Level.MainGame_Level:PersistentLevel.MainGame_Level'
[2016.12.27-09.45.30:334][346]LogWindowsTextInputMethodSystem:Display: IME system now deactivated.
[2016.12.27-09.45.30:485][347]Cmd: QUIT_EDITOR
[2016.12.27-09.45.31:242][347]LogExit: Preparing to exit.
[2016.12.27-09.45.31:606][347]LogDirectoryWatcher: A directory notification for 'D:/Users/matvey/Documents/UnrealProjects/Unreal2DRunner/Content/' was aborted.
[2016.12.27-09.45.31:617][347]LogExit: Editor shut down
[2016.12.27-09.45.31:617][347]LogExit: Transaction tracking system shut down
[2016.12.27-09.45.31:649][347]LogObj: Freed 0b from 0 cluster array pools.
[2016.12.27-09.45.31:649][347]LogExit: Object subsystem successfully closed.
[2016.12.27-09.45.31:664][347]LogD3D11RHI: Shutdown
[2016.12.27-09.45.31:664][347]LogD3D11RHI: CleanupD3DDevice
[2016.12.27-09.45.31:699][347]LogD3D11RHI: ~FD3D11DynamicRHI
[2016.12.27-09.45.31:708][347]LogHttp:Display: Http module shutting down, but needs to wait on 1 outstanding Http requests:
[2016.12.27-09.45.31:708][347]LogHttp:Display: 	verb=[POST] url=[https://datarouter.ol.epicgames.com/datarouter/api/v1/public/data?SessionID=%7BD1FFA9B0-465F-C1DB-5AC1-40B31331DB5B%7D&AppID=UEEditor.Rocket.Release&AppVersion=4.14.1-3224400%2B%2B%2BUE4%2BRelease-4.14&UserID=1e9e03e94a50acaf57125190647da6e1%7Ccc790baa193747f18fe4962c6ef3d4fa%7C0b751c36-2923-4743-921a-fdf388d72f2c&AppEnvironment=datacollector-binary&UploadType=eteventstream] status=Processing
[2016.12.27-09.45.31:735][347]LogModuleManager: Shutting down and abandoning module MovieSceneCapture (245)
[2016.12.27-09.45.31:735][347]LogModuleManager: Shutting down and abandoning module HierarchicalLODOutliner (244)
[2016.12.27-09.45.31:736][347]LogModuleManager: Shutting down and abandoning module CrashTracker (243)
[2016.12.27-09.45.31:736][347]LogModuleManager: Shutting down and abandoning module SceneOutliner (242)
[2016.12.27-09.45.31:736][347]LogModuleManager: Shutting down and abandoning module WidgetCarousel (241)
[2016.12.27-09.45.31:736][347]LogModuleManager: Shutting down and abandoning module AddContentDialog (240)
[2016.12.27-09.45.31:736][347]LogDirectoryWatcher: A directory notification for 'D:/Program Files (x86)/Epic Games/4.14/FeaturePacks/' was aborted.
[2016.12.27-09.45.31:736][347]LogModuleManager: Shutting down and abandoning module GameplayTags (239)
[2016.12.27-09.45.31:736][347]LogModuleManager: Shutting down and abandoning module EditorWidgets (238)
[2016.12.27-09.45.31:736][347]LogModuleManager: Shutting down and abandoning module CollectionManager (237)
[2016.12.27-09.45.31:736][347]LogDirectoryWatcher: A directory notification for 'D:/Users/matvey/Documents/UnrealProjects/Unreal2DRunner/Content/Collections/' was aborted.
[2016.12.27-09.45.31:736][347]LogDirectoryWatcher: A directory notification for 'D:/Users/matvey/Documents/UnrealProjects/Unreal2DRunner/Content/Developers/matvey/Collections/' was aborted.
[2016.12.27-09.45.31:736][347]LogDirectoryWatcher: A directory notification for 'D:/Users/matvey/Documents/UnrealProjects/Unreal2DRunner/Saved/Collections/' was aborted.
[2016.12.27-09.45.31:736][347]LogModuleManager: Shutting down and abandoning module StatsViewer (236)
[2016.12.27-09.45.31:736][347]LogModuleManager: Shutting down and abandoning module FoliageEdit (235)
[2016.12.27-09.45.31:736][347]LogModuleManager: Shutting down and abandoning module LandscapeEditor (234)
[2016.12.27-09.45.31:736][347]LogModuleManager: Shutting down and abandoning module SceneDepthPickerMode (233)
[2016.12.27-09.45.31:737][347]LogModuleManager: Shutting down and abandoning module ActorPickerMode (232)
[2016.12.27-09.45.31:737][347]LogModuleManager: Shutting down and abandoning module GeometryMode (231)
[2016.12.27-09.45.31:737][347]LogModuleManager: Shutting down and abandoning module TextureAlignMode (230)
[2016.12.27-09.45.31:737][347]LogModuleManager: Shutting down and abandoning module BspMode (229)
[2016.12.27-09.45.31:737][347]LogModuleManager: Shutting down and abandoning module HardwareSurvey (228)
[2016.12.27-09.45.31:737][347]LogModuleManager: Shutting down and abandoning module SequenceRecorderSections (227)
[2016.12.27-09.45.31:737][347]LogModuleManager: Shutting down and abandoning module AutomationWorker (226)
[2016.12.27-09.45.31:737][347]LogModuleManager: Shutting down and abandoning module MatineeToLevelSequence (225)
[2016.12.27-09.45.31:737][347]LogModuleManager: Shutting down and abandoning module PlacementMode (224)
[2016.12.27-09.45.31:737][347]LogModuleManager: Shutting down and abandoning module LevelSequenceEditor (223)
[2016.12.27-09.45.31:737][347]LogModuleManager: Shutting down and abandoning module WmfMediaFactory (222)
[2016.12.27-09.45.31:737][347]LogModuleManager: Shutting down and abandoning module WmfMediaEditor (221)
[2016.12.27-09.45.31:737][347]LogModuleManager: Shutting down and abandoning module AvfMediaFactory (220)
[2016.12.27-09.45.31:737][347]LogModuleManager: Shutting down and abandoning module AvfMediaEditor (219)
[2016.12.27-09.45.31:737][347]LogModuleManager: Shutting down and abandoning module Media (218)
[2016.12.27-09.45.31:737][347]LogModuleManager: Shutting down and abandoning module AndroidMediaFactory (217)
[2016.12.27-09.45.31:737][347]LogModuleManager: Shutting down and abandoning module AndroidMediaEditor (216)
[2016.12.27-09.45.31:737][347]LogModuleManager: Shutting down and abandoning module CharacterAI (215)
[2016.12.27-09.45.31:737][347]LogModuleManager: Shutting down and abandoning module SequenceRecorder (214)
[2016.12.27-09.45.31:737][347]LogModuleManager: Shutting down and abandoning module AudioCapture (213)
[2016.12.27-09.45.31:737][347]LogModuleManager: Shutting down and abandoning module SmartSnapping (212)
[2016.12.27-09.45.31:737][347]LogModuleManager: Shutting down and abandoning module SessionServices (211)
[2016.12.27-09.45.31:737][347]LogModuleManager: Shutting down and abandoning module ViewportSnapping (210)
[2016.12.27-09.45.31:737][347]LogModuleManager: Shutting down and abandoning module ViewportInteraction (209)
[2016.12.27-09.45.31:737][347]LogModuleManager: Shutting down and abandoning module LogVisualizer (208)
[2016.12.27-09.45.31:737][347]LogModuleManager: Shutting down and abandoning module GameProjectGeneration (207)
[2016.12.27-09.45.31:737][347]LogModuleManager: Shutting down and abandoning module IntroTutorials (206)
[2016.12.27-09.45.31:737][347]LogModuleManager: Shutting down and abandoning module EditorLiveStreaming (205)
[2016.12.27-09.45.31:737][347]LogModuleManager: Shutting down and abandoning module IOSPlatformEditor (204)
[2016.12.27-09.45.31:737][347]LogModuleManager: Shutting down and abandoning module HTML5PlatformEditor (203)
[2016.12.27-09.45.31:737][347]LogModuleManager: Shutting down and abandoning module AndroidDeviceDetection (202)
[2016.12.27-09.45.32:382][347]LogModuleManager: Shutting down and abandoning module AndroidPlatformEditor (201)
[2016.12.27-09.45.32:382][347]LogModuleManager: Shutting down and abandoning module IOSRuntimeSettings (200)
[2016.12.27-09.45.32:382][347]LogModuleManager: Shutting down and abandoning module AndroidRuntimeSettings (199)
[2016.12.27-09.45.32:382][347]LogModuleManager: Shutting down and abandoning module InputBindingEditor (198)
[2016.12.27-09.45.32:382][347]LogModuleManager: Shutting down and abandoning module NiagaraEditor (197)
[2016.12.27-09.45.32:382][347]LogModuleManager: Shutting down and abandoning module MergeActors (196)
[2016.12.27-09.45.32:382][347]LogModuleManager: Shutting down and abandoning module SizeMap (195)
[2016.12.27-09.45.32:382][347]LogModuleManager: Shutting down and abandoning module TreeMap (194)
[2016.12.27-09.45.32:382][347]LogModuleManager: Shutting down and abandoning module ReferenceViewer (193)
[2016.12.27-09.45.32:382][347]LogModuleManager: Shutting down and abandoning module LocalizationService (192)
[2016.12.27-09.45.32:382][347]LogModuleManager: Shutting down and abandoning module LocalizationDashboard (191)
[2016.12.27-09.45.32:382][347]LogModuleManager: Shutting down and abandoning module HardwareTargeting (190)
[2016.12.27-09.45.32:382][347]LogModuleManager: Shutting down and abandoning module DeviceProfileEditor (189)
[2016.12.27-09.45.32:382][347]LogModuleManager: Shutting down and abandoning module UndoHistory (188)
[2016.12.27-09.45.32:382][347]LogModuleManager: Shutting down and abandoning module UserFeedback (187)
[2016.12.27-09.45.32:382][347]LogModuleManager: Shutting down and abandoning module XmlParser (186)
[2016.12.27-09.45.32:382][347]LogModuleManager: Shutting down and abandoning module Blutility (185)
[2016.12.27-09.45.32:382][347]LogModuleManager: Shutting down and abandoning module ProjectTargetPlatformEditor (184)
[2016.12.27-09.45.32:382][347]LogModuleManager: Shutting down and abandoning module ProjectSettingsViewer (183)
[2016.12.27-09.45.32:382][347]LogModuleManager: Shutting down and abandoning module EditorSettingsViewer (182)
[2016.12.27-09.45.32:382][347]LogModuleManager: Shutting down and abandoning module SettingsEditor (181)
[2016.12.27-09.45.32:382][347]LogModuleManager: Shutting down and abandoning module ProjectLauncher (180)
[2016.12.27-09.45.32:382][347]LogModuleManager: Shutting down and abandoning module SessionFrontend (179)
[2016.12.27-09.45.32:382][347]LogModuleManager: Shutting down and abandoning module ProfilerClient (178)
[2016.12.27-09.45.32:382][347]LogModuleManager: Shutting down and abandoning module TargetDeviceServices (177)
[2016.12.27-09.45.32:383][347]LogModuleManager: Shutting down and abandoning module DeviceManager (176)
[2016.12.27-09.45.32:424][347]LogModuleManager: Shutting down and abandoning module AutomationController (175)
[2016.12.27-09.45.32:424][347]LogModuleManager: Shutting down and abandoning module AutomationWindow (174)
[2016.12.27-09.45.32:424][347]LogModuleManager: Shutting down and abandoning module Layers (173)
[2016.12.27-09.45.32:424][347]LogModuleManager: Shutting down and abandoning module ComponentVisualizers (172)
[2016.12.27-09.45.32:424][347]LogModuleManager: Shutting down and abandoning module DetailCustomizations (171)
[2016.12.27-09.45.32:424][347]LogModuleManager: Shutting down and abandoning module PackagesDialog (170)
[2016.12.27-09.45.32:424][347]LogModuleManager: Shutting down and abandoning module AnimGraph (169)
[2016.12.27-09.45.32:424][347]LogModuleManager: Shutting down and abandoning module Persona (168)
[2016.12.27-09.45.32:424][347]LogModuleManager: Shutting down and abandoning module Kismet (167)
[2016.12.27-09.45.32:424][347]LogModuleManager: Shutting down and abandoning module GraphEditor (166)
[2016.12.27-09.45.32:424][347]LogModuleManager: Shutting down and abandoning module ClassViewer (165)
[2016.12.27-09.45.32:424][347]LogModuleManager: Shutting down and abandoning module Toolbox (164)
[2016.12.27-09.45.32:424][347]LogModuleManager: Shutting down and abandoning module ModuleUI (163)
[2016.12.27-09.45.32:424][347]LogModuleManager: Shutting down and abandoning module MovieSceneTools (162)
[2016.12.27-09.45.32:424][347]LogModuleManager: Shutting down and abandoning module OutputLog (161)
[2016.12.27-09.45.32:424][347]LogModuleManager: Shutting down and abandoning module GammaUI (160)
[2016.12.27-09.45.32:424][347]LogModuleManager: Shutting down and abandoning module Documentation (159)
[2016.12.27-09.45.32:424][347]LogModuleManager: Shutting down and abandoning module Niagara (158)
[2016.12.27-09.45.32:424][347]LogModuleManager: Shutting down and abandoning module StreamingPauseRendering (157)
[2016.12.27-09.45.32:424][347]LogModuleManager: Shutting down and abandoning module AnalyticsET (156)
[2016.12.27-09.45.32:424][347]LogModuleManager: Shutting down and abandoning module PortalServices (155)
[2016.12.27-09.45.32:424][347]LogModuleManager: Shutting down and abandoning module PortalRpc (154)
[2016.12.27-09.45.32:424][347]LogModuleManager: Shutting down and abandoning module MessagingRpc (153)
[2016.12.27-09.45.32:424][347]LogModuleManager: Shutting down and abandoning module GameplayDebugger (152)
[2016.12.27-09.45.32:424][347]LogModuleManager: Shutting down and abandoning module AITestSuite (151)
[2016.12.27-09.45.32:424][347]LogModuleManager: Shutting down and abandoning module AIModule (150)
[2016.12.27-09.45.32:424][347]LogModuleManager: Shutting down and abandoning module ProfilerService (149)
[2016.12.27-09.45.32:592][347]LogModuleManager: Shutting down and abandoning module TaskGraph (148)
[2016.12.27-09.45.32:592][347]LogModuleManager: Shutting down and abandoning module PythonConsole (147)
[2016.12.27-09.45.32:592][347]LogModuleManager: Shutting down and abandoning module SlateRemote (146)
[2016.12.27-09.45.32:592][347]LogModuleManager: Shutting down and abandoning module SteamVRController (145)
[2016.12.27-09.45.32:592][347]LogModuleManager: Shutting down and abandoning module SteamVR (144)
[2016.12.27-09.45.32:592][347]LogModuleManager: Shutting down and abandoning module ProceduralMeshComponentEditor (143)
[2016.12.27-09.45.32:592][347]LogModuleManager: Shutting down and abandoning module ProceduralMeshComponent (142)
[2016.12.27-09.45.32:592][347]LogModuleManager: Shutting down and abandoning module OculusLibrary (141)
[2016.12.27-09.45.32:592][347]LogModuleManager: Shutting down and abandoning module OculusInput (140)
[2016.12.27-09.45.32:592][347]LogModuleManager: Shutting down and abandoning module MobilePatchingUtils (139)
[2016.12.27-09.45.32:592][347]LogModuleManager: Shutting down and abandoning module CustomMeshComponent (138)
[2016.12.27-09.45.32:592][347]LogModuleManager: Shutting down and abandoning module CableComponent (137)
[2016.12.27-09.45.32:592][347]LogModuleManager: Shutting down and abandoning module ArchVisCharacter (136)
[2016.12.27-09.45.32:592][347]LogModuleManager: Shutting down and abandoning module MediaPlayerEditor (134)
[2016.12.27-09.45.32:592][347]LogModuleManager: Shutting down and abandoning module HTML5Networking (133)
[2016.12.27-09.45.32:592][347]LogModuleManager: Shutting down and abandoning module GeometryCacheEd (132)
[2016.12.27-09.45.32:592][347]LogModuleManager: Shutting down and abandoning module GeometryCache (131)
[2016.12.27-09.45.32:592][347]LogModuleManager: Shutting down and abandoning module AlembicLibrary (130)
[2016.12.27-09.45.32:592][347]LogModuleManager: Shutting down and abandoning module AlembicImporter (129)
[2016.12.27-09.45.32:592][347]LogModuleManager: Shutting down and abandoning module SuperSearch (128)
[2016.12.27-09.45.32:592][347]LogModuleManager: Shutting down and abandoning module SuperSearchEditor (127)
[2016.12.27-09.45.32:592][347]LogModuleManager: Shutting down and abandoning module SpeedTreeImporter (126)
[2016.12.27-09.45.32:592][347]LogModuleManager: Shutting down and abandoning module PluginBrowser (125)
[2016.12.27-09.45.32:592][347]LogModuleManager: Shutting down and abandoning module MobileLauncherProfileWizard (124)
[2016.12.27-09.45.32:592][347]LogModuleManager: Shutting down and abandoning module EpicSurvey (123)
[2016.12.27-09.45.32:592][347]LogModuleManager: Shutting down and abandoning module DesktopPlatform (122)
[2016.12.27-09.45.32:592][347]LogModuleManager: Shutting down and abandoning module VisualStudioSourceCodeAccess (121)
[2016.12.27-09.45.32:592][347]LogModuleManager: Shutting down and abandoning module UObjectPlugin (120)
[2016.12.27-09.45.32:592][347]LogModuleManager: Shutting down and abandoning module SubversionSourceControl (119)
[2016.12.27-09.45.32:592][347]LogModuleManager: Shutting down and abandoning module PerforceSourceControl (118)
[2016.12.27-09.45.32:592][347]LogModuleManager: Shutting down and abandoning module SourceControl (117)
[2016.12.27-09.45.32:592][347]LogModuleManager: Shutting down and abandoning module GitSourceControl (116)
[2016.12.27-09.45.32:592][347]LogModuleManager: Shutting down and abandoning module LightPropagationVolumeEditor (115)
[2016.12.27-09.45.32:592][347]LogModuleManager: Shutting down and abandoning module PaperTiledImporter (114)
[2016.12.27-09.45.32:592][347]LogModuleManager: Shutting down and abandoning module PaperSpriteSheetImporter (113)
[2016.12.27-09.45.32:592][347]LogModuleManager: Shutting down and abandoning module MeshPaint (112)
[2016.12.27-09.45.32:592][347]LogModuleManager: Shutting down and abandoning module PixelInspectorModule (111)
[2016.12.27-09.45.32:592][347]LogModuleManager: Shutting down and abandoning module HotReload (110)
[2016.12.27-09.45.32:593][347]LogDirectoryWatcher: A directory notification for 'D:/Users/matvey/Documents/UnrealProjects/Unreal2DRunner/Binaries/Win64' was aborted.
[2016.12.27-09.45.32:593][347]LogModuleManager: Shutting down and abandoning module MainFrame (109)
[2016.12.27-09.45.32:593][347]LogModuleManager: Shutting down and abandoning module LevelEditor (108)
[2016.12.27-09.45.32:593][347]LogModuleManager: Shutting down and abandoning module ContentBrowser (107)
[2016.12.27-09.45.32:594][347]LogModuleManager: Shutting down and abandoning module Paper2DEditor (106)
[2016.12.27-09.45.32:594][347]LogModuleManager: Shutting down and abandoning module Unreal2DRunner3 (105)
[2016.12.27-09.45.32:594][347]LogModuleManager: Shutting down and abandoning module UnrealEnginePython (104)
[2016.12.27-09.45.32:594][347]LogPython: Goodbye Python
[2016.12.27-09.45.32:691][347]LogModuleManager: Shutting down and abandoning module UdpMessaging (103)
[2016.12.27-09.45.32:792][347]LogModuleManager: Shutting down and abandoning module TcpMessaging (102)
[2016.12.27-09.45.32:892][347]LogModuleManager: Shutting down and abandoning module LightPropagationVolumeRuntime (101)
[2016.12.27-09.45.32:892][347]LogModuleManager: Shutting down and abandoning module Paper2D (100)
[2016.12.27-09.45.32:892][347]LogModuleManager: Shutting down and abandoning module WindowsMoviePlayer (99)
[2016.12.27-09.45.32:892][347]LogModuleManager: Shutting down and abandoning module WmfMedia (98)
[2016.12.27-09.45.32:892][347]LogModuleManager: Shutting down and abandoning module MediaAssets (97)
[2016.12.27-09.45.32:892][347]LogModuleManager: Shutting down and abandoning module GameLiveStreaming (96)
[2016.12.27-09.45.32:892][347]LogModuleManager: Shutting down and abandoning module GameplayTagsEditor (95)
[2016.12.27-09.45.32:892][347]LogModuleManager: Shutting down and abandoning module VREditor (94)
[2016.12.27-09.45.32:892][347]LogModuleManager: Shutting down and abandoning module GameplayTasksEditor (93)
[2016.12.27-09.45.32:892][347]LogModuleManager: Shutting down and abandoning module BehaviorTreeEditor (92)
[2016.12.27-09.45.32:892][347]LogModuleManager: Shutting down and abandoning module FunctionalTesting (91)
[2016.12.27-09.45.32:892][347]LogModuleManager: Shutting down and abandoning module CollisionAnalyzer (90)
[2016.12.27-09.45.32:892][347]LogModuleManager: Shutting down and abandoning module Sequencer (89)
[2016.12.27-09.45.32:892][347]LogModuleManager: Shutting down and abandoning module WorkspaceMenuStructure (88)
[2016.12.27-09.45.32:892][347]LogModuleManager: Shutting down and abandoning module MessageLog (87)
[2016.12.27-09.45.32:892][347]LogModuleManager: Shutting down and abandoning module AssetTools (86)
[2016.12.27-09.45.32:892][347]LogModuleManager: Shutting down and abandoning module UMGEditor (85)
[2016.12.27-09.45.32:892][347]LogModuleManager: Shutting down and abandoning module UMG (84)
[2016.12.27-09.45.32:892][347]LogModuleManager: Shutting down and abandoning module SlateReflector (83)
[2016.12.27-09.45.32:892][347]LogModuleManager: Shutting down and abandoning module Slate (82)
[2016.12.27-09.45.32:892][347]LogModuleManager: Shutting down and abandoning module EditorStyle (81)
[2016.12.27-09.45.32:894][347]LogModuleManager: Shutting down and abandoning module SourceCodeAccess (80)
[2016.12.27-09.45.32:894][347]LogModuleManager: Shutting down and abandoning module HeadMountedDisplay (79)
[2016.12.27-09.45.32:894][347]LogModuleManager: Shutting down and abandoning module XAudio2 (78)
[2016.12.27-09.45.32:894][347]LogModuleManager: Shutting down and abandoning module Networking (76)
[2016.12.27-09.45.32:894][347]LogModuleManager: Shutting down and abandoning module Core (75)
[2016.12.27-09.45.32:894][347]LogModuleManager: Shutting down and abandoning module DirectoryWatcher (74)
[2016.12.27-09.45.32:894][347]LogDirectoryWatcher: A directory notification for '../../../Engine/Content/' was aborted.
[2016.12.27-09.45.32:894][347]LogDirectoryWatcher: A directory notification for '../../../../../../Users/matvey/Documents/UnrealProjects/Unreal2DRunner/Content/' was aborted.
[2016.12.27-09.45.32:894][347]LogDirectoryWatcher: A directory notification for '../../../Engine/Plugins/2D/Paper2D/Content/' was aborted.
[2016.12.27-09.45.32:894][347]LogModuleManager: Shutting down and abandoning module AssetRegistry (73)
[2016.12.27-09.45.32:954][347]LogModuleManager: Shutting down and abandoning module KismetCompiler (72)
[2016.12.27-09.45.32:954][347]LogModuleManager: Shutting down and abandoning module PhysXFormats (71)
[2016.12.27-09.45.32:954][347]LogModuleManager: Shutting down and abandoning module SimplygonSwarm (70)
[2016.12.27-09.45.32:954][347]LogModuleManager: Shutting down and abandoning module SimplygonMeshReduction (69)
[2016.12.27-09.45.32:954][347]LogModuleManager: Shutting down and abandoning module QuadricMeshReduction (68)
[2016.12.27-09.45.32:954][347]LogModuleManager: Shutting down and abandoning module PropertyEditor (67)
[2016.12.27-09.45.32:954][347]LogModuleManager: Shutting down and abandoning module MeshUtilities (66)
[2016.12.27-09.45.32:954][347]LogModuleManager: Shutting down and abandoning module DerivedDataCache (65)
[2016.12.27-09.45.33:241][347]LogDerivedDataCache: Shutdown
[2016.12.27-09.45.33:241][347]LogModuleManager: Shutting down and abandoning module VulkanShaderFormat (64)
[2016.12.27-09.45.33:241][347]LogModuleManager: Shutting down and abandoning module ShaderFormatOpenGL (63)
[2016.12.27-09.45.33:241][347]LogModuleManager: Shutting down and abandoning module ShaderFormatD3D (62)
[2016.12.27-09.45.33:241][347]LogModuleManager: Shutting down and abandoning module MetalShaderFormat (61)
[2016.12.27-09.45.33:241][347]LogModuleManager: Shutting down and abandoning module TextureFormatUncompressed (60)
[2016.12.27-09.45.33:241][347]LogModuleManager: Shutting down and abandoning module TextureFormatPVR (59)
[2016.12.27-09.45.33:241][347]LogModuleManager: Shutting down and abandoning module TextureFormatDXT (58)
[2016.12.27-09.45.33:241][347]LogModuleManager: Shutting down and abandoning module TextureFormatIntelISPCTexComp (57)
[2016.12.27-09.45.33:241][347]LogModuleManager: Shutting down and abandoning module ImageWrapper (56)
[2016.12.27-09.45.33:241][347]LogModuleManager: Shutting down and abandoning module TextureFormatASTC (55)
[2016.12.27-09.45.33:241][347]LogModuleManager: Shutting down and abandoning module TextureFormatAndroid (54)
[2016.12.27-09.45.33:241][347]LogModuleManager: Shutting down and abandoning module AudioFormatOpus (53)
[2016.12.27-09.45.33:241][347]LogModuleManager: Shutting down and abandoning module AudioFormatOgg (52)
[2016.12.27-09.45.33:241][347]LogModuleManager: Shutting down and abandoning module AudioFormatADPCM (51)
[2016.12.27-09.45.33:241][347]LogModuleManager: Shutting down and abandoning module LinuxTargetPlatform (50)
[2016.12.27-09.45.33:241][347]LogModuleManager: Shutting down and abandoning module LinuxServerTargetPlatform (49)
[2016.12.27-09.45.33:241][347]LogModuleManager: Shutting down and abandoning module LinuxNoEditorTargetPlatform (48)
[2016.12.27-09.45.33:241][347]LogModuleManager: Shutting down and abandoning module LinuxClientTargetPlatform (47)
[2016.12.27-09.45.33:241][347]LogModuleManager: Shutting down and abandoning module TVOSTargetPlatform (46)
[2016.12.27-09.45.33:241][347]LogModuleManager: Shutting down and abandoning module Messaging (45)
[2016.12.27-09.45.33:241][347]LogModuleManager: Shutting down and abandoning module IOSTargetPlatform (44)
[2016.12.27-09.45.33:241][347]LogModuleManager: Shutting down and abandoning module HTML5TargetPlatform (43)
[2016.12.27-09.45.33:241][347]LogModuleManager: Shutting down and abandoning module Android_PVRTCTargetPlatform (42)
[2016.12.27-09.45.33:241][347]LogModuleManager: Shutting down and abandoning module Android_MultiTargetPlatform (41)
[2016.12.27-09.45.33:241][347]LogModuleManager: Shutting down and abandoning module Android_ETC2TargetPlatform (40)
[2016.12.27-09.45.33:241][347]LogModuleManager: Shutting down and abandoning module Android_ETC1TargetPlatform (39)
[2016.12.27-09.45.33:241][347]LogModuleManager: Shutting down and abandoning module Android_DXTTargetPlatform (38)
[2016.12.27-09.45.33:241][347]LogModuleManager: Shutting down and abandoning module Android_ATCTargetPlatform (37)
[2016.12.27-09.45.33:241][347]LogModuleManager: Shutting down and abandoning module Android_ASTCTargetPlatform (36)
[2016.12.27-09.45.33:241][347]LogModuleManager: Shutting down and abandoning module AndroidTargetPlatform (35)
[2016.12.27-09.45.33:241][347]LogModuleManager: Shutting down and abandoning module WindowsTargetPlatform (34)
[2016.12.27-09.45.33:241][347]LogModuleManager: Shutting down and abandoning module WindowsServerTargetPlatform (33)
[2016.12.27-09.45.33:241][347]LogModuleManager: Shutting down and abandoning module WindowsNoEditorTargetPlatform (32)
[2016.12.27-09.45.33:241][347]LogModuleManager: Shutting down and abandoning module WindowsClientTargetPlatform (31)
[2016.12.27-09.45.33:241][347]LogModuleManager: Shutting down and abandoning module MacTargetPlatform (30)
[2016.12.27-09.45.33:241][347]LogModuleManager: Shutting down and abandoning module MacServerTargetPlatform (29)
[2016.12.27-09.45.33:241][347]LogModuleManager: Shutting down and abandoning module MacNoEditorTargetPlatform (28)
[2016.12.27-09.45.33:241][347]LogModuleManager: Shutting down and abandoning module MacClientTargetPlatform (27)
[2016.12.27-09.45.33:241][347]LogModuleManager: Shutting down and abandoning module AllDesktopTargetPlatform (26)
[2016.12.27-09.45.33:241][347]LogModuleManager: Shutting down and abandoning module TargetPlatform (25)
[2016.12.27-09.45.33:241][347]LogModuleManager: Shutting down and abandoning module InputCore (24)
[2016.12.27-09.45.33:241][347]LogModuleManager: Shutting down and abandoning module Settings (23)
[2016.12.27-09.45.33:241][347]LogModuleManager: Shutting down and abandoning module OculusRift (22)
[2016.12.27-09.45.33:241][347]LogModuleManager: Shutting down and abandoning module ExampleDeviceProfileSelector (21)
[2016.12.27-09.45.33:241][347]LogModuleManager: Shutting down and abandoning module OnlineBlueprintSupport (20)
[2016.12.27-09.45.33:241][347]LogModuleManager: Shutting down and abandoning module OnlineSubsystem (18)
[2016.12.27-09.45.33:241][347]LogOnline:Display: Unloading online subsystem: NULL
[2016.12.27-09.45.33:241][347]LogModuleManager: Shutting down and abandoning module SSL (17)
[2016.12.27-09.45.33:242][347]LogModuleManager: Shutting down and abandoning module HTTP (16)
[2016.12.27-09.45.33:242][347]LogModuleManager: Shutting down and abandoning module XMPP (15)
[2016.12.27-09.45.33:242][347]LogModuleManager: Shutting down and abandoning module TextureCompressor (14)
[2016.12.27-09.45.33:242][347]LogModuleManager: Shutting down and abandoning module ShaderCore (13)
[2016.12.27-09.45.33:242][347]LogModuleManager: Shutting down and abandoning module Landscape (12)
[2016.12.27-09.45.33:242][347]LogModuleManager: Shutting down and abandoning module SlateRHIRenderer (11)
[2016.12.27-09.45.33:243][347]LogModuleManager: Shutting down and abandoning module OpenGLDrv (10)
[2016.12.27-09.45.33:243][347]LogModuleManager: Shutting down and abandoning module D3D11RHI (9)
[2016.12.27-09.45.33:243][347]LogModuleManager: Shutting down and abandoning module AnimGraphRuntime (8)
[2016.12.27-09.45.33:243][347]LogModuleManager: Shutting down and abandoning module Renderer (7)
[2016.12.27-09.45.33:243][347]LogModuleManager: Shutting down and abandoning module Engine (6)
[2016.12.27-09.45.33:243][347]LogModuleManager: Shutting down and abandoning module CoreUObject (5)
[2016.12.27-09.45.33:243][347]LogModuleManager: Shutting down and abandoning module NetworkFile (4)
[2016.12.27-09.45.33:243][347]LogModuleManager: Shutting down and abandoning module StreamingFile (3)
[2016.12.27-09.45.33:243][347]LogModuleManager: Shutting down and abandoning module SandboxFile (2)
[2016.12.27-09.45.33:243][347]LogModuleManager: Shutting down and abandoning module PakFile (1)
[2016.12.27-09.45.33:245][347]LogExit: Exiting.
[2016.12.27-09.45.33:246][347]Log file closed, 12/27/16 12:45:33
