Log file open, 12/27/16 12:55:38
LogInit:Display: Running engine for game: Unreal2DRunner3
LogPlatformFile: Not using cached read wrapper
LogInit:Display: RandInit(663485762) SRandInit(663485762).
LogTaskGraph: Started task graph with 5 named threads and 8 total threads with 1 sets of task threads.
LogStats: Stats thread started at 0.065703
LogPluginManager: Loaded Plugin Paper2D, From D:/Program Files (x86)/Epic Games/4.14/Engine/Plugins/2D/Paper2D/Paper2D.uplugin
LogPluginManager: Loaded Plugin LightPropagationVolume, From D:/Program Files (x86)/Epic Games/4.14/Engine/Plugins/Blendables/LightPropagationVolume/LightPropagationVolume.uplugin
LogPluginManager: Loaded Plugin BlankPlugin, From D:/Program Files (x86)/Epic Games/4.14/Engine/Plugins/Developer/BlankPlugin/BlankPlugin.uplugin
LogPluginManager: Loaded Plugin CodeLiteSourceCodeAccess, From D:/Program Files (x86)/Epic Games/4.14/Engine/Plugins/Developer/CodeLiteSourceCodeAccess/CodeLiteSourceCodeAccess.uplugin
LogPluginManager: Loaded Plugin GitSourceControl, From D:/Program Files (x86)/Epic Games/4.14/Engine/Plugins/Developer/GitSourceControl/GitSourceControl.uplugin
LogPluginManager: Loaded Plugin KDevelopSourceCodeAccess, From D:/Program Files (x86)/Epic Games/4.14/Engine/Plugins/Developer/KDevelopSourceCodeAccess/KDevelopSourceCodeAccess.uplugin
LogPluginManager: Loaded Plugin NullSourceCodeAccess, From D:/Program Files (x86)/Epic Games/4.14/Engine/Plugins/Developer/NullSourceCodeAccess/NullSourceCodeAccess.uplugin
LogPluginManager: Loaded Plugin OneSkyLocalizationService, From D:/Program Files (x86)/Epic Games/4.14/Engine/Plugins/Developer/OneSkyLocalizationService/OneSkyLocalizationService.uplugin
LogPluginManager: Loaded Plugin PerforceSourceControl, From D:/Program Files (x86)/Epic Games/4.14/Engine/Plugins/Developer/PerforceSourceControl/PerforceSourceControl.uplugin
LogPluginManager: Loaded Plugin SubversionSourceControl, From D:/Program Files (x86)/Epic Games/4.14/Engine/Plugins/Developer/SubversionSourceControl/SubversionSourceControl.uplugin
LogPluginManager: Loaded Plugin UObjectPlugin, From D:/Program Files (x86)/Epic Games/4.14/Engine/Plugins/Developer/UObjectPlugin/UObjectPlugin.uplugin
LogPluginManager: Loaded Plugin VisualStudioSourceCodeAccess, From D:/Program Files (x86)/Epic Games/4.14/Engine/Plugins/Developer/VisualStudioSourceCodeAccess/VisualStudioSourceCodeAccess.uplugin
LogPluginManager: Loaded Plugin XCodeSourceCodeAccess, From D:/Program Files (x86)/Epic Games/4.14/Engine/Plugins/Developer/XCodeSourceCodeAccess/XCodeSourceCodeAccess.uplugin
LogPluginManager: Loaded Plugin AudioCapture, From D:/Program Files (x86)/Epic Games/4.14/Engine/Plugins/Editor/AudioCapture/AudioCapture.uplugin
LogPluginManager: Loaded Plugin EpicSurvey, From D:/Program Files (x86)/Epic Games/4.14/Engine/Plugins/Editor/EpicSurvey/EpicSurvey.uplugin
LogPluginManager: Loaded Plugin MacGraphicsSwitching, From D:/Program Files (x86)/Epic Games/4.14/Engine/Plugins/Editor/MacGraphicsSwitching/MacGraphicsSwitching.uplugin
LogPluginManager: Loaded Plugin MobileLauncherProfileWizard, From D:/Program Files (x86)/Epic Games/4.14/Engine/Plugins/Editor/MobileLauncherProfileWizard/MobileLauncherProfileWizard.uplugin
LogPluginManager: Loaded Plugin PluginBrowser, From D:/Program Files (x86)/Epic Games/4.14/Engine/Plugins/Editor/PluginBrowser/PluginBrowser.uplugin
LogPluginManager: Loaded Plugin SpeedTreeImporter, From D:/Program Files (x86)/Epic Games/4.14/Engine/Plugins/Editor/SpeedTreeImporter/SpeedTreeImporter.uplugin
LogPluginManager: Loaded Plugin SuperSearchEditor, From D:/Program Files (x86)/Epic Games/4.14/Engine/Plugins/Editor/SuperSearchEditor/SuperSearchEditor.uplugin
LogPluginManager: Loaded Plugin AlembicImporter, From D:/Program Files (x86)/Epic Games/4.14/Engine/Plugins/Experimental/AlembicImporter/AlembicImporter.uplugin
LogPluginManager: Loaded Plugin BlueprintStats, From D:/Program Files (x86)/Epic Games/4.14/Engine/Plugins/Experimental/BlueprintStats/BlueprintStats.uplugin
LogPluginManager: Loaded Plugin CharacterAI, From D:/Program Files (x86)/Epic Games/4.14/Engine/Plugins/Experimental/CharacterAI/CharacterAI.uplugin
LogPluginManager: Loaded Plugin CodeEditor, From D:/Program Files (x86)/Epic Games/4.14/Engine/Plugins/Experimental/CodeEditor/CodeEditor.uplugin
LogPluginManager: Loaded Plugin CodeView, From D:/Program Files (x86)/Epic Games/4.14/Engine/Plugins/Experimental/CodeView/CodeView.uplugin
LogPluginManager: Loaded Plugin HTML5Networking, From D:/Program Files (x86)/Epic Games/4.14/Engine/Plugins/Experimental/HTML5Networking/HTML5Networking.uplugin
LogPluginManager: Loaded Plugin OSVR, From D:/Program Files (x86)/Epic Games/4.14/Engine/Plugins/Experimental/OSVR/OSVR.uplugin
LogPluginManager: Loaded Plugin Phya, From D:/Program Files (x86)/Epic Games/4.14/Engine/Plugins/Experimental/Phya/Phya.uplugin
LogPluginManager: Loaded Plugin SignificanceManager, From D:/Program Files (x86)/Epic Games/4.14/Engine/Plugins/Experimental/SignificanceManager/SignificanceManager.uplugin
LogPluginManager: Loaded Plugin SimpleHMD, From D:/Program Files (x86)/Epic Games/4.14/Engine/Plugins/Experimental/SimpleHMD/SimpleHMD.uplugin
LogPluginManager: Loaded Plugin StereoPanorama, From D:/Program Files (x86)/Epic Games/4.14/Engine/Plugins/Experimental/StereoPanorama/StereoPanorama.uplugin
LogPluginManager: Loaded Plugin StructBox, From D:/Program Files (x86)/Epic Games/4.14/Engine/Plugins/Experimental/StructBox/StructBox.uplugin
LogPluginManager: Loaded Plugin AndroidMedia, From D:/Program Files (x86)/Epic Games/4.14/Engine/Plugins/Media/AndroidMedia/AndroidMedia.uplugin
LogPluginManager: Loaded Plugin AvfMedia, From D:/Program Files (x86)/Epic Games/4.14/Engine/Plugins/Media/AvfMedia/AvfMedia.uplugin
LogPluginManager: Loaded Plugin MediaPlayerEditor, From D:/Program Files (x86)/Epic Games/4.14/Engine/Plugins/Media/MediaPlayerEditor/MediaPlayerEditor.uplugin
LogPluginManager: Loaded Plugin WmfMedia, From D:/Program Files (x86)/Epic Games/4.14/Engine/Plugins/Media/WmfMedia/WmfMedia.uplugin
LogPluginManager: Loaded Plugin MessagingDebugger, From D:/Program Files (x86)/Epic Games/4.14/Engine/Plugins/Messaging/MessagingDebugger/MessagingDebugger.uplugin
LogPluginManager: Loaded Plugin TcpMessaging, From D:/Program Files (x86)/Epic Games/4.14/Engine/Plugins/Messaging/TcpMessaging/TcpMessaging.uplugin
LogPluginManager: Loaded Plugin UdpMessaging, From D:/Program Files (x86)/Epic Games/4.14/Engine/Plugins/Messaging/UdpMessaging/UdpMessaging.uplugin
LogPluginManager: Loaded Plugin LevelSequenceEditor, From D:/Program Files (x86)/Epic Games/4.14/Engine/Plugins/MovieScene/LevelSequenceEditor/LevelSequenceEditor.uplugin
LogPluginManager: Loaded Plugin MatineeToLevelSequence, From D:/Program Files (x86)/Epic Games/4.14/Engine/Plugins/MovieScene/MatineeToLevelSequence/MatineeToLevelSequence.uplugin
LogPluginManager: Loaded Plugin NetcodeUnitTest, From D:/Program Files (x86)/Epic Games/4.14/Engine/Plugins/NetcodeUnitTest/NetcodeUnitTest/NetcodeUnitTest.uplugin
LogPluginManager: Loaded Plugin NUTUnrealEngine4, From D:/Program Files (x86)/Epic Games/4.14/Engine/Plugins/NetcodeUnitTest/NUTUnrealEngine4/NUTUnrealEngine4.uplugin
LogPluginManager: Loaded Plugin OnlineSubsystemGameCircle, From D:/Program Files (x86)/Epic Games/4.14/Engine/Plugins/Online/Android/OnlineSubsystemGameCircle/OnlineSubsystemGameCircle.uplugin
LogPluginManager: Loaded Plugin OnlineSubsystemGooglePlay, From D:/Program Files (x86)/Epic Games/4.14/Engine/Plugins/Online/Android/OnlineSubsystemGooglePlay/OnlineSubsystemGooglePlay.uplugin
LogPluginManager: Loaded Plugin OnlineSubsystemIOS, From D:/Program Files (x86)/Epic Games/4.14/Engine/Plugins/Online/IOS/OnlineSubsystemIOS/OnlineSubsystemIOS.uplugin
LogPluginManager: Loaded Plugin OnlineFramework, From D:/Program Files (x86)/Epic Games/4.14/Engine/Plugins/Online/OnlineFramework/OnlineFramework.uplugin
LogPluginManager: Loaded Plugin OnlineSubsystem, From D:/Program Files (x86)/Epic Games/4.14/Engine/Plugins/Online/OnlineSubsystem/OnlineSubsystem.uplugin
LogPluginManager: Loaded Plugin OnlineSubsystemAmazon, From D:/Program Files (x86)/Epic Games/4.14/Engine/Plugins/Online/OnlineSubsystemAmazon/OnlineSubsystemAmazon.uplugin
LogPluginManager: Loaded Plugin OnlineSubsystemFacebook, From D:/Program Files (x86)/Epic Games/4.14/Engine/Plugins/Online/OnlineSubsystemFacebook/OnlineSubsystemFacebook.uplugin
LogPluginManager: Loaded Plugin OnlineSubsystemNull, From D:/Program Files (x86)/Epic Games/4.14/Engine/Plugins/Online/OnlineSubsystemNull/OnlineSubsystemNull.uplugin
LogPluginManager: Loaded Plugin OnlineSubsystemOculus, From D:/Program Files (x86)/Epic Games/4.14/Engine/Plugins/Online/OnlineSubsystemOculus/OnlineSubsystemOculus.uplugin
LogPluginManager: Loaded Plugin OnlineSubsystemSteam, From D:/Program Files (x86)/Epic Games/4.14/Engine/Plugins/Online/OnlineSubsystemSteam/OnlineSubsystemSteam.uplugin
LogPluginManager: Loaded Plugin OnlineSubsystemUtils, From D:/Program Files (x86)/Epic Games/4.14/Engine/Plugins/Online/OnlineSubsystemUtils/OnlineSubsystemUtils.uplugin
LogPluginManager: Loaded Plugin IOSTapJoy, From D:/Program Files (x86)/Epic Games/4.14/Engine/Plugins/Runtime/Advertising/IOSTapJoy/IOSTapJoy.uplugin
LogPluginManager: Loaded Plugin AnalyticsBlueprintLibrary, From D:/Program Files (x86)/Epic Games/4.14/Engine/Plugins/Runtime/Analytics/AnalyticsBlueprintLibrary/AnalyticsBlueprintLibrary.uplugin
LogPluginManager: Loaded Plugin AnalyticsMulticast, From D:/Program Files (x86)/Epic Games/4.14/Engine/Plugins/Runtime/Analytics/AnalyticsMulticast/AnalyticsMulticast.uplugin
LogPluginManager: Loaded Plugin Apsalar, From D:/Program Files (x86)/Epic Games/4.14/Engine/Plugins/Runtime/Analytics/Apsalar/Apsalar.uplugin
LogPluginManager: Loaded Plugin FileLogging, From D:/Program Files (x86)/Epic Games/4.14/Engine/Plugins/Runtime/Analytics/FileLogging/FileLogging.uplugin
LogPluginManager: Loaded Plugin Flurry, From D:/Program Files (x86)/Epic Games/4.14/Engine/Plugins/Runtime/Analytics/Flurry/Flurry.uplugin
LogPluginManager: Loaded Plugin AndroidDeviceProfileSelector, From D:/Program Files (x86)/Epic Games/4.14/Engine/Plugins/Runtime/AndroidDeviceProfileSelector/AndroidDeviceProfileSelector.uplugin
LogPluginManager: Loaded Plugin AndroidMoviePlayer, From D:/Program Files (x86)/Epic Games/4.14/Engine/Plugins/Runtime/AndroidMoviePlayer/AndroidMoviePlayer.uplugin
LogPluginManager: Loaded Plugin AppleMoviePlayer, From D:/Program Files (x86)/Epic Games/4.14/Engine/Plugins/Runtime/AppleMoviePlayer/AppleMoviePlayer.uplugin
LogPluginManager: Loaded Plugin ArchVisCharacter, From D:/Program Files (x86)/Epic Games/4.14/Engine/Plugins/Runtime/ArchVisCharacter/ArchVisCharacter.uplugin
LogPluginManager: Loaded Plugin CableComponent, From D:/Program Files (x86)/Epic Games/4.14/Engine/Plugins/Runtime/CableComponent/CableComponent.uplugin
LogPluginManager: Loaded Plugin CustomMeshComponent, From D:/Program Files (x86)/Epic Games/4.14/Engine/Plugins/Runtime/CustomMeshComponent/CustomMeshComponent.uplugin
LogPluginManager: Loaded Plugin ExampleDeviceProfileSelector, From D:/Program Files (x86)/Epic Games/4.14/Engine/Plugins/Runtime/ExampleDeviceProfileSelector/ExampleDeviceProfileSelector.uplugin
LogPluginManager: Loaded Plugin GearVR, From D:/Program Files (x86)/Epic Games/4.14/Engine/Plugins/Runtime/GearVR/GearVR.uplugin
LogPluginManager: Loaded Plugin GoogleVRController, From D:/Program Files (x86)/Epic Games/4.14/Engine/Plugins/Runtime/GoogleVR/GoogleVRController/GoogleVRController.uplugin
LogPluginManager: Loaded Plugin GoogleVRHMD, From D:/Program Files (x86)/Epic Games/4.14/Engine/Plugins/Runtime/GoogleVR/GoogleVRHMD/GoogleVRHMD.uplugin
LogPluginManager: Loaded Plugin IOSDeviceProfileSelector, From D:/Program Files (x86)/Epic Games/4.14/Engine/Plugins/Runtime/IOSDeviceProfileSelector/IOSDeviceProfileSelector.uplugin
LogPluginManager: Loaded Plugin LeapMotion, From D:/Program Files (x86)/Epic Games/4.14/Engine/Plugins/Runtime/LeapMotion/LeapMotion.uplugin
LogPluginManager: Loaded Plugin LinuxDeviceProfileSelector, From D:/Program Files (x86)/Epic Games/4.14/Engine/Plugins/Runtime/LinuxDeviceProfileSelector/LinuxDeviceProfileSelector.uplugin
LogPluginManager: Loaded Plugin MIDIDevice, From D:/Program Files (x86)/Epic Games/4.14/Engine/Plugins/Runtime/MIDIDevice/MIDIDevice.uplugin
LogPluginManager: Loaded Plugin MobilePatchingUtils, From D:/Program Files (x86)/Epic Games/4.14/Engine/Plugins/Runtime/MobilePatchingUtils/MobilePatchingUtils.uplugin
LogPluginManager: Loaded Plugin Ansel, From D:/Program Files (x86)/Epic Games/4.14/Engine/Plugins/Runtime/Nvidia/Ansel/Ansel.uplugin
LogPluginManager: Loaded Plugin OculusAudio, From D:/Program Files (x86)/Epic Games/4.14/Engine/Plugins/Runtime/OculusAudio/OculusAudio.uplugin
LogPluginManager: Loaded Plugin OculusInput, From D:/Program Files (x86)/Epic Games/4.14/Engine/Plugins/Runtime/OculusInput/OculusInput.uplugin
LogPluginManager: Loaded Plugin OculusLibrary, From D:/Program Files (x86)/Epic Games/4.14/Engine/Plugins/Runtime/OculusLibrary/OculusLibrary.uplugin
LogPluginManager: Loaded Plugin OculusRift, From D:/Program Files (x86)/Epic Games/4.14/Engine/Plugins/Runtime/OculusRift/OculusRift.uplugin
LogPluginManager: Loaded Plugin Oodle, From D:/Program Files (x86)/Epic Games/4.14/Engine/Plugins/Runtime/PacketHandlers/CompressionComponents/Oodle/Oodle.uplugin
LogPluginManager: Loaded Plugin ProceduralMeshComponent, From D:/Program Files (x86)/Epic Games/4.14/Engine/Plugins/Runtime/ProceduralMeshComponent/ProceduralMeshComponent.uplugin
LogPluginManager: Loaded Plugin SoundMod, From D:/Program Files (x86)/Epic Games/4.14/Engine/Plugins/Runtime/SoundMod/SoundMod.uplugin
LogPluginManager: Loaded Plugin SoundVisualizations, From D:/Program Files (x86)/Epic Games/4.14/Engine/Plugins/Runtime/SoundVisualizations/SoundVisualizations.uplugin
LogPluginManager: Loaded Plugin SteamController, From D:/Program Files (x86)/Epic Games/4.14/Engine/Plugins/Runtime/Steam/SteamController/SteamController.uplugin
LogPluginManager: Loaded Plugin SteamVR, From D:/Program Files (x86)/Epic Games/4.14/Engine/Plugins/Runtime/Steam/SteamVR/SteamVR.uplugin
LogPluginManager: Loaded Plugin WebBrowserWidget, From D:/Program Files (x86)/Epic Games/4.14/Engine/Plugins/Runtime/WebBrowserWidget/WebBrowserWidget.uplugin
LogPluginManager: Loaded Plugin WindowsDeviceProfileSelector, From D:/Program Files (x86)/Epic Games/4.14/Engine/Plugins/Runtime/WindowsDeviceProfileSelector/WindowsDeviceProfileSelector.uplugin
LogPluginManager: Loaded Plugin WindowsMoviePlayer, From D:/Program Files (x86)/Epic Games/4.14/Engine/Plugins/Runtime/WindowsMoviePlayer/WindowsMoviePlayer.uplugin
LogPluginManager: Loaded Plugin ScriptPlugin, From D:/Program Files (x86)/Epic Games/4.14/Engine/Plugins/ScriptPlugin/ScriptPlugin.uplugin
LogPluginManager: Loaded Plugin SlateRemote, From D:/Program Files (x86)/Epic Games/4.14/Engine/Plugins/Slate/SlateRemote/SlateRemote.uplugin
LogPluginManager: Loaded Plugin EditorTests, From D:/Program Files (x86)/Epic Games/4.14/Engine/Plugins/Tests/EditorTests/EditorTests.uplugin
LogPluginManager: Loaded Plugin FbxAutomationTestBuilder, From D:/Program Files (x86)/Epic Games/4.14/Engine/Plugins/Tests/FbxAutomationTestBuilder/FbxAutomationTestBuilder.uplugin
LogPluginManager: Loaded Plugin FunctionalTestingEditor, From D:/Program Files (x86)/Epic Games/4.14/Engine/Plugins/Tests/FunctionalTestingEditor/FunctionalTestingEditor.uplugin
LogPluginManager: Loaded Plugin RuntimeTests, From D:/Program Files (x86)/Epic Games/4.14/Engine/Plugins/Tests/RuntimeTests/RuntimeTests.uplugin
LogPluginManager: Loaded Plugin ScreenshotTools, From D:/Program Files (x86)/Epic Games/4.14/Engine/Plugins/Tests/ScreenshotTools/ScreenshotTools.uplugin
LogPluginManager: Loaded Plugin UnrealEnginePython, From D:/Users/matvey/Documents/UnrealProjects/Unreal2DRunner/Plugins/UnrealEnginePython/UnrealEnginePython.uplugin
LogInit: Using libcurl 7.47.1
LogInit:  - built for x86_64-pc-win32
LogInit:  - supports SSL with OpenSSL/1.0.2g
LogInit:  - supports HTTP deflate (compression) using libz 1.2.8
LogInit:  - other features:
LogInit:      CURL_VERSION_SSL
LogInit:      CURL_VERSION_LIBZ
LogInit:      CURL_VERSION_IPV6
LogInit:      CURL_VERSION_ASYNCHDNS
LogInit:      CURL_VERSION_LARGEFILE
LogInit:      CURL_VERSION_IDN
LogInit:  CurlRequestOptions (configurable via config and command line):
LogInit:  - bVerifyPeer = false  - Libcurl will NOT verify peer certificate
LogInit:  - bUseHttpProxy = false  - Libcurl will NOT use HTTP proxy
LogInit:  - bDontReuseConnections = false  - Libcurl will reuse connections
LogInit:  - CertBundlePath = nullptr  - Libcurl will use whatever was configured at build time.
LogInit: Build: ++UE4+Release-4.14-CL-3224400
LogInit: Engine Version: 4.14.1-3224400+++UE4+Release-4.14
LogInit: Compatible Engine Version: 4.14.0-3195953+++UE4+Release-4.14
LogInit: Net CL: 3195953
LogDevObjectVersion: Number of dev versions registered: 13
LogDevObjectVersion:   Dev-Blueprints (B0D832E4-1F89-4F0D-ACCF-7EB736FD4AA2): 7
LogDevObjectVersion:   Dev-Build (E1C64328-A22C-4D53-A36C-8E866417BD8C): 0
LogDevObjectVersion:   Dev-Core (375EC13C-06E4-48FB-B500-84F0262A717E): 1
LogDevObjectVersion:   Dev-Editor (E4B068ED-F494-42E9-A231-DA0B2E46BB41): 8
LogDevObjectVersion:   Dev-Framework (CFFC743F-43B0-4480-9391-14DF171D2073): 17
LogDevObjectVersion:   Dev-Mobile (B02B49B5-BB20-44E9-A304-32B752E40360): 0
LogDevObjectVersion:   Dev-Networking (A4E4105C-59A1-49B5-A7C5-40C4547EDFEE): 0
LogDevObjectVersion:   Dev-Online (39C831C9-5AE6-47DC-9A44-9C173E1C8E7C): 0
LogDevObjectVersion:   Dev-Physics (78F01B33-EBEA-4F98-B9B4-84EACCB95AA2): 0
LogDevObjectVersion:   Dev-Platform (6631380F-2D4D-43E0-8009-CF276956A95A): 0
LogDevObjectVersion:   Dev-Rendering (12F88B9F-8875-4AFC-A67C-D90C383ABD29): 12
LogDevObjectVersion:   Dev-Sequencer (7B5AE74C-D270-4C10-A958-57980B212A5A): 1
LogDevObjectVersion:   Dev-VR (D7296918-1DD6-4BDD-9DE2-64A83CC13884): 0
LogInit: Compiled (64-bit): Dec  7 2016 02:14:32
LogInit: Compiled with Visual C++: 19.00.23026.00
LogInit: Build Configuration: Development
LogInit: Branch Name: ++UE4+Release-4.14
LogInit: Command line:  
LogInit: Base directory: D:/Program Files (x86)/Epic Games/4.14/Engine/Binaries/Win64/
LogInit: Installed Engine Build: 1
LogInit: Presizing for max 8388607 objects, including 0 objects not considered by GC, pre-allocating 0 bytes for permanent pool.
LogInit: Object subsystem initialized
[2016.12.27-09.55.38:897][  0]LogInit: Selected Device Profile: [Windows]
[2016.12.27-09.55.38:897][  0]LogInit: Applying CVar settings loaded from the selected device profile: [Windows]
[2016.12.27-09.55.38:905][  0]LogInit: Computer: DESKTOP-KKUTPK0
[2016.12.27-09.55.38:905][  0]LogInit: User: matvey
[2016.12.27-09.55.38:905][  0]LogInit: CPU Page size=65536, Cores=4
[2016.12.27-09.55.38:905][  0]LogInit: High frequency timer resolution =3.914059 MHz
[2016.12.27-09.55.38:905][  0]LogMemory: Memory total: Physical=16.0GB (16GB approx)
[2016.12.27-09.55.38:905][  0]LogMemory: Platform Memory Stats for Windows
[2016.12.27-09.55.38:905][  0]LogMemory: Process Physical Memory: 264.40 MB used, 264.40 MB peak
[2016.12.27-09.55.38:905][  0]LogMemory: Process Virtual Memory: 262.74 MB used, 262.74 MB peak
[2016.12.27-09.55.38:905][  0]LogMemory: Physical Memory: 6253.66 MB used,  10079.48 MB free, 16333.13 MB total
[2016.12.27-09.55.38:905][  0]LogMemory: Virtual Memory: 675.73 MB used,  10079.48 MB free, 134217728.00 MB total
[2016.12.27-09.55.38:926][  0]LogTextLocalizationManager: No specific translations for ('en-US') exist, so ('en') translations will be used.
[2016.12.27-09.55.39:350][  0]LogD3D11RHI: D3D11 adapters:
[2016.12.27-09.55.39:387][  0]LogD3D11RHI:    0. 'NVIDIA GeForce GTX 1070' (Feature Level 11_0)
[2016.12.27-09.55.39:387][  0]LogD3D11RHI:       8142/0/8166 MB DedicatedVideo/DedicatedSystem/SharedSystem, Outputs:1, VendorId:0x10de
[2016.12.27-09.55.39:388][  0]LogD3D11RHI:    1. 'Microsoft Basic Render Driver' (Feature Level 11_0)
[2016.12.27-09.55.39:388][  0]LogD3D11RHI:       0/0/8166 MB DedicatedVideo/DedicatedSystem/SharedSystem, Outputs:0, VendorId:0x1414
[2016.12.27-09.55.39:388][  0]LogD3D11RHI: Chosen D3D11 Adapter: 0
[2016.12.27-09.55.39:391][  0]LogD3D11RHI: Creating new Direct3DDevice
[2016.12.27-09.55.39:391][  0]LogD3D11RHI:     GPU DeviceId: 0x1b81 (for the marketing name, search the web for "GPU Device Id")
[2016.12.27-09.55.39:391][  0]LogWindows: EnumDisplayDevices:
[2016.12.27-09.55.39:391][  0]LogWindows:    0. 'NVIDIA GeForce GTX 1070' (P:1 D:1)
[2016.12.27-09.55.39:391][  0]LogWindows:    1. 'NVIDIA GeForce GTX 1070' (P:0 D:0)
[2016.12.27-09.55.39:391][  0]LogWindows:    2. 'NVIDIA GeForce GTX 1070' (P:0 D:0)
[2016.12.27-09.55.39:391][  0]LogWindows:    3. 'NVIDIA GeForce GTX 1070' (P:0 D:0)
[2016.12.27-09.55.39:391][  0]LogWindows: DebugString: FoundDriverCount:4 
[2016.12.27-09.55.39:391][  0]LogD3D11RHI:     Adapter Name: NVIDIA GeForce GTX 1070
[2016.12.27-09.55.39:391][  0]LogD3D11RHI:   Driver Version: 369.30 (internal:21.21.13.6930, unified:369.30)
[2016.12.27-09.55.39:391][  0]LogD3D11RHI:      Driver Date: 9-4-2016
[2016.12.27-09.55.39:391][  0]LogRHI: Texture pool is 1361 MB (70% of 1945 MB)
[2016.12.27-09.55.39:407][  0]LogD3D11RHI: Async texture creation enabled
[2016.12.27-09.55.39:415][  0]LogD3D11RHI: GPU Timing Frequency: 1000.000000 (Debug: 2 1)
[2016.12.27-09.55.39:415][  0]LogShaderCompilers: Guid format shader working directory is -23 characters bigger than the processId version (../../../../../../Users/matvey/Documents/UnrealProjects/Unreal2DRunner/Intermediate/Shaders/WorkingDirectory/4980/).
[2016.12.27-09.55.39:415][  0]LogShaderCompilers: Cleaned the shader compiler working directory 'C:/Users/matvey/AppData/Local/Temp/UnrealShaderWorkingDir/3A5940CC4E6E14588475E5A0CD5FBFEE/'.
[2016.12.27-09.55.39:415][  0]LogShaderCompilers:Display: Using Local Shader Compiler.
[2016.12.27-09.55.42:063][  0]LogTemp:Display: Loaded TP AllDesktopTargetPlatform
[2016.12.27-09.55.42:100][  0]LogTemp:Display: Loaded TP MacClientTargetPlatform
[2016.12.27-09.55.42:136][  0]LogTemp:Display: Loaded TP MacNoEditorTargetPlatform
[2016.12.27-09.55.42:173][  0]LogTemp:Display: Loaded TP MacServerTargetPlatform
[2016.12.27-09.55.42:210][  0]LogTemp:Display: Loaded TP MacTargetPlatform
[2016.12.27-09.55.42:247][  0]LogTemp:Display: Loaded TP WindowsClientTargetPlatform
[2016.12.27-09.55.42:283][  0]LogTemp:Display: Loaded TP WindowsNoEditorTargetPlatform
[2016.12.27-09.55.42:320][  0]LogTemp:Display: Loaded TP WindowsServerTargetPlatform
[2016.12.27-09.55.42:350][  0]LogTemp:Display: Loaded TP WindowsTargetPlatform
[2016.12.27-09.55.42:386][  0]LogTemp:Display: Loaded TP AndroidTargetPlatform
[2016.12.27-09.55.42:421][  0]LogTemp:Display: Loaded TP Android_ASTCTargetPlatform
[2016.12.27-09.55.42:457][  0]LogTemp:Display: Loaded TP Android_ATCTargetPlatform
[2016.12.27-09.55.42:493][  0]LogTemp:Display: Loaded TP Android_DXTTargetPlatform
[2016.12.27-09.55.42:529][  0]LogTemp:Display: Loaded TP Android_ETC1TargetPlatform
[2016.12.27-09.55.42:565][  0]LogTemp:Display: Loaded TP Android_ETC2TargetPlatform
[2016.12.27-09.55.42:636][  0]LogTemp:Display: Loaded TP Android_MultiTargetPlatform
[2016.12.27-09.55.42:636][  0]LogTemp:Display: Loaded TP Android_PVRTCTargetPlatform
[2016.12.27-09.55.42:661][  0]LogTemp:Display: Loaded TP HTML5TargetPlatform
[2016.12.27-09.55.42:722][  0]LogTemp:Display: Loaded TP IOSTargetPlatform
[2016.12.27-09.55.42:747][  0]LogTemp:Display: Loaded TP TVOSTargetPlatform
[2016.12.27-09.55.42:782][  0]LogTemp:Display: Loaded TP LinuxClientTargetPlatform
[2016.12.27-09.55.42:818][  0]LogTemp:Display: Loaded TP LinuxNoEditorTargetPlatform
[2016.12.27-09.55.42:853][  0]LogTemp:Display: Loaded TP LinuxServerTargetPlatform
[2016.12.27-09.55.42:889][  0]LogTemp:Display: Loaded TP LinuxTargetPlatform
[2016.12.27-09.55.42:889][  0]LogTargetPlatformManager:Display: Building Assets For Windows
[2016.12.27-09.55.43:146][  0]LogDerivedDataCache:Display: Max Cache Size: 512 MB
[2016.12.27-09.55.43:183][  0]LogDerivedDataCache: Loaded boot cache 0.04s 50MB C:/Users/matvey/AppData/Local/UnrealEngine/4.14/DerivedDataCache/Boot.ddc.
[2016.12.27-09.55.43:183][  0]LogDerivedDataCache:Display: Loaded Boot cache: C:/Users/matvey/AppData/Local/UnrealEngine/4.14/DerivedDataCache/Boot.ddc
[2016.12.27-09.55.43:183][  0]LogDerivedDataCache: FDerivedDataBackendGraph:  Pak pak cache file ../../../../../../Users/matvey/Documents/UnrealProjects/Unreal2DRunner/DerivedDataCache/DDC.ddp not found, will not use a pak cache.
[2016.12.27-09.55.43:183][  0]LogDerivedDataCache: Unable to find inner node Pak for hierarchical cache Hierarchy.
[2016.12.27-09.55.43:183][  0]LogDerivedDataCache: FDerivedDataBackendGraph:  CompressedPak pak cache file ../../../../../../Users/matvey/Documents/UnrealProjects/Unreal2DRunner/DerivedDataCache/Compressed.ddp not found, will not use a pak cache.
[2016.12.27-09.55.43:183][  0]LogDerivedDataCache: Unable to find inner node CompressedPak for hierarchical cache Hierarchy.
[2016.12.27-09.55.43:195][  0]LogDerivedDataCache:Display: Pak cache opened for reading ../../../Engine/DerivedDataCache/Compressed.ddp.
[2016.12.27-09.55.43:207][  0]LogDerivedDataCache: Using Local data cache path C:/Users/matvey/AppData/Local/UnrealEngine/Common/DerivedDataCache: Writable
[2016.12.27-09.55.43:343][  0]LogInit: Selected Device Profile: [Windows]
[2016.12.27-09.55.43:345][  0]LogContentStreaming: Texture pool size is 0.00 MB
[2016.12.27-09.55.43:484][  0]LogMeshUtilities: Using QuadricMeshReduction for automatic static mesh reduction
[2016.12.27-09.55.43:513][  0]LogSimplygon: Simplygon DLL not present - disabling.
[2016.12.27-09.55.43:544][  0]LogMeshUtilities: Using SimplygonSwarm for distributed automatic mesh merging
[2016.12.27-09.55.43:544][  0]LogMeshUtilities: No automatic skeletal mesh reduction module available
[2016.12.27-09.55.43:544][  0]LogMeshUtilities: No automatic mesh merging module available
[2016.12.27-09.55.43:886][  0]LogNetVersion: GetLocalNetworkVersion: CL: 3195953, ProjectName: unreal2drunner3, ProjectVersion: , EngineNetworkVersion: 2, GameNetworkVersion: 0, NetworkChecksum: 3246814908
[2016.12.27-09.55.43:931][  0]LogAssetRegistry: FAssetRegistry took 0.0220 seconds to start up
[2016.12.27-09.55.43:945][  0]LogDirectoryWatcher:Warning: Failed to begin reading directory changes for ../../../../../../Users/matvey/Documents/UnrealProjects/Unreal2DRunner/Plugins/UnrealEnginePython/Content/. Error: The system cannot find the file specified. (0x00000002)
[2016.12.27-09.55.43:967][  0]LogPackageLocalizationCache: Processed 4 localized package path(s) for 2 prioritized culture(s) in 0.021664 seconds
[2016.12.27-09.55.43:971][  0]LogUObjectArray: 31946 objects as part of root set at end of initial load.
[2016.12.27-09.55.43:971][  0]LogUObjectAllocator: 6935848 out of 0 bytes used by permanent object pool.
[2016.12.27-09.55.43:971][  0]LogUObjectArray: CloseDisregardForGC: 0/0 objects in disregard for GC pool
[2016.12.27-09.55.44:010][  0]LogInit: WinSock: version 1.1 (2.2), MaxSocks=32767, MaxUdp=65467
[2016.12.27-09.55.44:479][  0]LogSlate: Using Freetype 2.6.0
[2016.12.27-09.55.44:480][  0]LogSlate: SlateFontCache - WITH_FREETYPE: 1, WITH_HARFBUZZ: 1
[2016.12.27-09.55.44:480][  0]LogSlate: SlateFontCache - WITH_FREETYPE: 1, WITH_HARFBUZZ: 1
[2016.12.27-09.55.45:019][  0]LogTcpMessaging: Initializing TcpMessaging bridge
[2016.12.27-09.55.45:050][  0]LogUdpMessaging: Initializing bridge on interface 0.0.0.0:0 to multicast group 230.0.0.1:6666.
[2016.12.27-09.55.45:164][  0]LogPython: Python VM initialized: 3.5.2 |Anaconda custom (64-bit)| (default, Jul  5 2016, 11:41:13) [MSC v.1900 64 bit (AMD64)]
[2016.12.27-09.55.45:164][  0]LogPython: Python Scripts search path: ../../../../../../Users/matvey/Documents/UnrealProjects/Unreal2DRunner/Content/Scripts
[2016.12.27-09.55.45:165][  0]LogPython: ue_site Python module successfully imported
[2016.12.27-09.55.45:357][  0]LogMaterial: Uniform references updated for custom material expression Custom.
[2016.12.27-09.55.45:607][  0]SourceControl: Info Source control is disabled
[2016.12.27-09.55.45:607][  0]SourceControl: Info Source control is disabled
[2016.12.27-09.55.45:638][  0]SourceControl: Info Source control is disabled
[2016.12.27-09.55.45:668][  0]SourceControl: Info Source control is disabled
[2016.12.27-09.55.46:531][  0]LogEngine: Initializing Engine...
[2016.12.27-09.55.46:531][  0]LogHMD: Failed to initialize OpenVR with code 110
[2016.12.27-09.55.46:693][  0]LogAIModule: Creating AISystem for world Untitled
[2016.12.27-09.55.46:701][  0]LogInit: XAudio2 using 'Speakers (7.1 SOUND EFFECT GAMING HEADSET)' : 2 channels at 44.1 kHz using 16 bits per sample (channel mask 0x3)
[2016.12.27-09.55.46:711][  0]LogInit: FAudioDevice initialized.
[2016.12.27-09.55.46:730][  0]LogDerivedDataCache: Saved boot cache 0.02s 50MB C:/Users/matvey/AppData/Local/UnrealEngine/4.14/DerivedDataCache/Boot.ddc.
[2016.12.27-09.55.46:738][  0]LogInit: Texture streaming: Enabled
[2016.12.27-09.55.46:855][  0]LogInit: Transaction tracking system initialized
[2016.12.27-09.55.47:085][  0]BlueprintLog: New page: Editor Load
[2016.12.27-09.55.47:660][  0]LocalizationService: Info Localization service is disabled
[2016.12.27-09.55.48:080][  0]LogConsoleResponse:Display: 
[2016.12.27-09.55.48:175][  0]LogCook:Display: Max memory allowance for cook 16384mb min free memory 0mb
[2016.12.27-09.55.48:175][  0]LogCook:Display: Mobile HDR setting 1
[2016.12.27-09.55.48:493][  0]LogFileCache: Scanning file cache for directory 'D:/Users/matvey/Documents/UnrealProjects/Unreal2DRunner/Content/' took 0.01s
[2016.12.27-09.55.48:793][  0]SourceControl: Info Source control is disabled
[2016.12.27-09.55.48:793][  0]Cmd: MAP LOAD FILE="../../../../../../Users/matvey/Documents/UnrealProjects/Unreal2DRunner/Content/Levels/MainGame_Level.umap" TEMPLATE=0 SHOWPROGRESS=1 FEATURELEVEL=3
[2016.12.27-09.55.48:793][  0]LightingResults: New page: Lighting Build
[2016.12.27-09.55.48:821][  0]MapCheck: New page: Map Check
[2016.12.27-09.55.48:821][  0]LightingResults: New page: Lighting Build
[2016.12.27-09.55.49:039][  0]LogAIModule: Creating AISystem for world MainGame_Level
[2016.12.27-09.55.49:039][  0]LogActorComponent: RegisterComponentWithWorld: (/Game/Levels/MainGame_Level.MainGame_Level:PersistentLevel.WorldSettings.StaticMeshComponent0) Trying to register component with IsPendingKill() == true. Aborting.
[2016.12.27-09.55.49:041][  0]LogEditorServer: Finished looking for orphan Actors (0.000 secs)
[2016.12.27-09.55.49:042][  0]Cmd: MAP CHECKDEP NOCLEARLOG
[2016.12.27-09.55.49:069][  0]MapCheck: Info Map check complete: 0 Error(s), 0 Warning(s), took 26.872ms to complete.
[2016.12.27-09.55.49:069][  0]LogFileHelpers: Loading map 'MainGame_Level' took 0.276
[2016.12.27-09.55.49:118][  0]LogWindowsTextInputMethodSystem:Display: IME system now deactivated.
[2016.12.27-09.55.49:168][  0]LogCollectionManager: Loaded 0 collections in 0.000834 seconds
[2016.12.27-09.55.49:230][  0]LogFileCache: Scanning file cache for directory 'D:/Users/matvey/Documents/UnrealProjects/Unreal2DRunner/Saved/Collections/' took 0.01s
[2016.12.27-09.55.49:230][  0]LogFileCache: Scanning file cache for directory 'D:/Users/matvey/Documents/UnrealProjects/Unreal2DRunner/Content/Developers/matvey/Collections/' took 0.01s
[2016.12.27-09.55.49:230][  0]LogFileCache: Scanning file cache for directory 'D:/Users/matvey/Documents/UnrealProjects/Unreal2DRunner/Content/Collections/' took 0.01s
[2016.12.27-09.55.49:230][  0]LogCollectionManager: Rebuilt the GUID cache for 0 collections in 0.000001 seconds
[2016.12.27-09.55.49:237][  0]LogContentBrowser: Native class hierarchy populated in 0.0071 seconds. Added 2202 classes and 435 folders.
[2016.12.27-09.55.49:263][  0]LogStats: UGameplayTagsManager::ConstructGameplayTagTree: Construct from data asset -  0.000 s
[2016.12.27-09.55.49:263][  0]LogStats: UGameplayTagsManager::ConstructGameplayTagTree: GameplayTagTreeChangedEvent.Broadcast -  0.000 s
[2016.12.27-09.55.49:264][  0]LogContentBrowser: Native class hierarchy updated for 'GameplayTags' in 0.0010 seconds. Added 13 classes and 0 folders.
[2016.12.27-09.55.49:304][  0]LogContentBrowser: Native class hierarchy updated for 'WidgetCarousel' in 0.0009 seconds. Added 0 classes and 0 folders.
[2016.12.27-09.55.49:332][  0]LogContentBrowser: Native class hierarchy updated for 'AddContentDialog' in 0.0011 seconds. Added 0 classes and 0 folders.
[2016.12.27-09.55.49:360][  0]LogContentBrowser: Native class hierarchy updated for 'SceneOutliner' in 0.0011 seconds. Added 1 classes and 2 folders.
[2016.12.27-09.55.49:386][  0]LogCrashTracker: Crashtracker disabled due to settings.
[2016.12.27-09.55.49:391][  0]LogUObjectGlobals:Warning: Failed to find object 'Class None.'
[2016.12.27-09.55.49:441][  0]LogContentBrowser: Native class hierarchy updated for 'HierarchicalLODOutliner' in 0.0011 seconds. Added 1 classes and 2 folders.
[2016.12.27-09.55.49:441][  0]LogLoad: (Engine Initialization) Total time: 11.61 seconds
[2016.12.27-09.55.49:441][  0]LogLoad: (Engine Initialization) Total Blueprint compile time: 0.10 seconds
[2016.12.27-09.55.49:441][  0]LogExternalProfiler: Found external profiler: VSPerf
[2016.12.27-09.55.49:441][  0]LogExternalProfiler: Using external profiler: VSPerf
[2016.12.27-09.55.49:473][  0]LogOcInput: OculusInput pre-init called
[2016.12.27-09.55.49:485][  0]LogAssetRegistry: Asset discovery search completed in 5.5769 seconds
[2016.12.27-09.55.49:485][  0]LogCollectionManager: Rebuilt the object cache for 0 collections in 0.000000 seconds (found 0 objects)
[2016.12.27-09.55.49:485][  0]LogCollectionManager: Fixed up redirectors for 0 collections in 0.000015 seconds (updated 0 objects)
[2016.12.27-09.55.49:486][  0]LogContentStreaming: Texture pool size now 1000 MB
[2016.12.27-09.55.49:596][  0]LogRenderer: Reallocating scene render targets to support 1680x100 NumSamples 1 (Frame:2).
[2016.12.27-09.55.50:723][ 40]LogTemp: Repeting last play command: New Editor Window (PIE)
[2016.12.27-09.55.50:733][ 40]LogBlueprintUserMessages: Early PlayInEditor Detection: Level '/Game/Levels/MainGame_Level.MainGame_Level:PersistentLevel' has LevelScriptBlueprint '/Game/Levels/MainGame_Level.MainGame_Level:PersistentLevel.MainGame_Level' with GeneratedClass '/Game/Levels/MainGame_Level.MainGame_Level_C' with ClassGeneratedBy '/Game/Levels/MainGame_Level.MainGame_Level:PersistentLevel.MainGame_Level'
[2016.12.27-09.55.50:733][ 40]LogPlayLevel: PlayLevel: No blueprints needed recompiling
[2016.12.27-09.55.50:734][ 40]PIE: New page: PIE session: MainGame_Level (Dec 27, 2016, 4:55:50 PM)
[2016.12.27-09.55.50:734][ 40]LogPlayLevel: Creating play world package: /Game/Levels/UEDPIE_0_MainGame_Level
[2016.12.27-09.55.50:737][ 40]LogPlayLevel: PIE: StaticDuplicateObject took: (0.002625s)
[2016.12.27-09.55.50:737][ 40]LogAIModule: Creating AISystem for world MainGame_Level
[2016.12.27-09.55.50:737][ 40]LogPlayLevel: PIE: World Init took: (0.000622s)
[2016.12.27-09.55.50:738][ 40]LogPlayLevel: PIE: Created PIE world by copying editor world from /Game/Levels/MainGame_Level.MainGame_Level to /Game/Levels/UEDPIE_0_MainGame_Level.MainGame_Level (0.003584s)
[2016.12.27-09.55.50:751][ 40]LogInit: XAudio2 using 'Speakers (7.1 SOUND EFFECT GAMING HEADSET)' : 2 channels at 44.1 kHz using 16 bits per sample (channel mask 0x3)
[2016.12.27-09.55.50:756][ 40]LogInit: FAudioDevice initialized.
[2016.12.27-09.55.50:802][ 40]LogLoad: Game class is 'MyGameMode_C'
[2016.12.27-09.55.50:805][ 40]LogWorld: Bringing World /Game/Levels/UEDPIE_0_MainGame_Level.MainGame_Level up for play (max tick rate 0) at 2016.12.27-12.55.50
[2016.12.27-09.55.50:805][ 40]LogWorld: Bringing up level for play took: 0.001887
[2016.12.27-09.55.50:833][ 40]LogContentBrowser: Native class hierarchy updated for 'MovieSceneCapture' in 0.0012 seconds. Added 11 classes and 0 folders.
[2016.12.27-09.55.50:834][ 40]LogGameMode:Display: Match State Changed from EnteringMap to WaitingToStart
[2016.12.27-09.55.50:834][ 40]LogGameState: Match State Changed from EnteringMap to WaitingToStart
[2016.12.27-09.55.50:834][ 40]LogGameMode:Display: Match State Changed from WaitingToStart to InProgress
[2016.12.27-09.55.51:915][ 40]LogPython: Python version: 
[2016.12.27-09.55.51:915][ 40]LogPython: Python version: 
[2016.12.27-09.55.51:915][ 40]LogPython: Begin Play on PythonAIController class
[2016.12.27-09.55.53:189][ 40]LogPython: Successfully loaded: D:\saves\saved_networks/dqn-9999
[2016.12.27-09.55.53:189][ 40]LogPython: 

[2016.12.27-09.55.53:190][ 40]LogGameState: Match State Changed from WaitingToStart to InProgress
[2016.12.27-09.55.53:193][ 40]PIE: Info Play in editor start time for /Game/Levels/UEDPIE_0_MainGame_Level 1.463
[2016.12.27-09.55.53:194][ 40]LogBlueprintUserMessages: Late PlayInEditor Detection: Level '/Game/Levels/MainGame_Level.MainGame_Level:PersistentLevel' has LevelScriptBlueprint '/Game/Levels/MainGame_Level.MainGame_Level:PersistentLevel.MainGame_Level' with GeneratedClass '/Game/Levels/MainGame_Level.MainGame_Level_C' with ClassGeneratedBy '/Game/Levels/MainGame_Level.MainGame_Level:PersistentLevel.MainGame_Level'
[2016.12.27-09.55.53:225][ 40]LogRenderer: Reallocating scene render targets to support 1680x240 NumSamples 1 (Frame:5).
[2016.12.27-09.55.55:706][141]LogPython: TIMESTEP 100, EPSILON 0.4, EPISODE_STATS {'loss': 0.0}, MATCH_STATS {'score': 0.0, 'reward': 0.0, 'playtime': 0.0}
[2016.12.27-09.55.55:706][141]LogPython: 

[2016.12.27-09.55.57:773][241]LogPython: TIMESTEP 200, EPSILON 0.4, EPISODE_STATS {'loss': 0.0}, MATCH_STATS {'score': 1.0, 'reward': 0.5622253304004785, 'playtime': 86.5}
[2016.12.27-09.55.57:773][241]LogPython: 

[2016.12.27-09.56.00:141][341]LogPython: TIMESTEP 300, EPSILON 0.4, EPISODE_STATS {'loss': 0.0}, MATCH_STATS {'score': 1.0, 'reward': 0.6945789296285722, 'playtime': 48.666666666666664}
[2016.12.27-09.56.00:141][341]LogPython: 

[2016.12.27-09.56.03:266][441]LogPython: TIMESTEP 400, EPSILON 0.4, EPISODE_STATS {'loss': 0.0}, MATCH_STATS {'score': 1.0, 'reward': 0.6890189711922252, 'playtime': 47.857142857142854}
[2016.12.27-09.56.03:266][441]LogPython: 

[2016.12.27-09.56.06:391][541]LogPython: TIMESTEP 500, EPSILON 0.4, EPISODE_STATS {'loss': 0.0}, MATCH_STATS {'score': 1.0, 'reward': 0.643041734113796, 'playtime': 56.125}
[2016.12.27-09.56.06:391][541]LogPython: 

[2016.12.27-09.56.09:516][641]LogPython: TIMESTEP 600, EPSILON 0.4, EPISODE_STATS {'loss': 0.0}, MATCH_STATS {'score': 1.0, 'reward': 0.643041734113796, 'playtime': 56.125}
[2016.12.27-09.56.09:516][641]LogPython: 

[2016.12.27-09.56.12:641][741]LogPython: TIMESTEP 700, EPSILON 0.4, EPISODE_STATS {'loss': 0.0}, MATCH_STATS {'score': 1.0, 'reward': 0.643041734113796, 'playtime': 56.125}
[2016.12.27-09.56.12:641][741]LogPython: 

[2016.12.27-09.56.15:766][841]LogPython: TIMESTEP 800, EPSILON 0.4, EPISODE_STATS {'loss': 0.0}, MATCH_STATS {'score': 1.0, 'reward': 0.5760494178219159, 'playtime': 85.55555555555556}
[2016.12.27-09.56.15:766][841]LogPython: 

[2016.12.27-09.56.18:890][941]LogPython: TIMESTEP 900, EPSILON 0.4, EPISODE_STATS {'loss': 0.0}, MATCH_STATS {'score': 1.0, 'reward': 0.5760494178219159, 'playtime': 85.55555555555556}
[2016.12.27-09.56.18:891][941]LogPython: 

[2016.12.27-09.56.22:016][ 41]LogPython: TIMESTEP 1000, EPSILON 0.4, EPISODE_STATS {'loss': 0.0}, MATCH_STATS {'score': 1.0, 'reward': 0.5349907356061978, 'playtime': 95.0}
[2016.12.27-09.56.22:016][ 41]LogPython: 

[2016.12.27-09.56.25:141][141]LogPython: TIMESTEP 1100, EPSILON 0.4, EPISODE_STATS {'loss': 0.0}, MATCH_STATS {'score': 1.0, 'reward': 0.5349907356061978, 'playtime': 95.0}
[2016.12.27-09.56.25:141][141]LogPython: 

[2016.12.27-09.56.28:266][241]LogPython: TIMESTEP 1200, EPSILON 0.4, EPISODE_STATS {'loss': 0.0}, MATCH_STATS {'score': 1.0, 'reward': 0.5337770371288882, 'playtime': 94.41666666666667}
[2016.12.27-09.56.28:266][241]LogPython: 

[2016.12.27-09.56.31:391][341]LogPython: TIMESTEP 1300, EPSILON 0.4, EPISODE_STATS {'loss': 0.0}, MATCH_STATS {'score': 1.0, 'reward': 0.5337770371288882, 'playtime': 94.41666666666667}
[2016.12.27-09.56.31:391][341]LogPython: 

[2016.12.27-09.56.34:516][441]LogPython: TIMESTEP 1400, EPSILON 0.4, EPISODE_STATS {'loss': 0.0}, MATCH_STATS {'score': 1.0, 'reward': 0.5038862578278802, 'playtime': 102.0}
[2016.12.27-09.56.34:516][441]LogPython: 

[2016.12.27-09.56.37:641][541]LogPython: TIMESTEP 1500, EPSILON 0.4, EPISODE_STATS {'loss': 0.0}, MATCH_STATS {'score': 1.0, 'reward': 0.5038862578278802, 'playtime': 102.0}
[2016.12.27-09.56.37:641][541]LogPython: 

[2016.12.27-09.56.40:766][641]LogPython: TIMESTEP 1600, EPSILON 0.4, EPISODE_STATS {'loss': 0.0}, MATCH_STATS {'score': 1.0, 'reward': 0.5038862578278802, 'playtime': 102.0}
[2016.12.27-09.56.40:766][641]LogPython: 

[2016.12.27-09.56.43:891][741]LogPython: TIMESTEP 1700, EPSILON 0.4, EPISODE_STATS {'loss': 0.0}, MATCH_STATS {'score': 1.0, 'reward': 0.49475404539122364, 'playtime': 111.73333333333333}
[2016.12.27-09.56.43:891][741]LogPython: 

[2016.12.27-09.56.47:016][841]LogPython: TIMESTEP 1800, EPSILON 0.4, EPISODE_STATS {'loss': 0.0}, MATCH_STATS {'score': 1.0, 'reward': 0.49475404539122364, 'playtime': 111.73333333333333}
[2016.12.27-09.56.47:016][841]LogPython: 

[2016.12.27-09.56.51:005][941]LogPython: TIMESTEP 1900, EPSILON 0.4, EPISODE_STATS {'loss': 0.0}, MATCH_STATS {'score': 1.0, 'reward': 0.49475404539122364, 'playtime': 111.73333333333333}
[2016.12.27-09.56.51:005][941]LogPython: 

[2016.12.27-09.56.53:266][ 41]LogPython: TIMESTEP 2000, EPSILON 0.4, EPISODE_STATS {'loss': 0.0}, MATCH_STATS {'score': 1.0, 'reward': 0.46984199901634394, 'playtime': 119.375}
[2016.12.27-09.56.53:266][ 41]LogPython: 

[2016.12.27-09.56.56:391][141]LogPython: TIMESTEP 2100, EPSILON 0.4, EPISODE_STATS {'loss': 0.0}, MATCH_STATS {'score': 1.0, 'reward': 0.46984199901634394, 'playtime': 119.375}
[2016.12.27-09.56.56:391][141]LogPython: 

[2016.12.27-09.56.59:516][241]LogPython: TIMESTEP 2200, EPSILON 0.4, EPISODE_STATS {'loss': 0.0}, MATCH_STATS {'score': 1.0, 'reward': 0.46984199901634394, 'playtime': 119.375}
[2016.12.27-09.56.59:516][241]LogPython: 

[2016.12.27-09.57.02:641][341]LogPython: TIMESTEP 2300, EPSILON 0.4, EPISODE_STATS {'loss': 0.0}, MATCH_STATS {'score': 1.0, 'reward': 0.4443380912892546, 'playtime': 131.8235294117647}
[2016.12.27-09.57.02:641][341]LogPython: 

[2016.12.27-09.57.05:766][441]LogPython: TIMESTEP 2400, EPSILON 0.4, EPISODE_STATS {'loss': 0.0}, MATCH_STATS {'score': 1.0, 'reward': 0.44169029768551965, 'playtime': 129.66666666666666}
[2016.12.27-09.57.05:766][441]LogPython: 

[2016.12.27-09.57.08:891][541]LogPython: TIMESTEP 2500, EPSILON 0.4, EPISODE_STATS {'loss': 0.0}, MATCH_STATS {'score': 1.0, 'reward': 0.45665515329914746, 'playtime': 122.7}
[2016.12.27-09.57.08:891][541]LogPython: 

[2016.12.27-09.57.12:016][641]LogPython: TIMESTEP 2600, EPSILON 0.4, EPISODE_STATS {'loss': 0.0}, MATCH_STATS {'score': 1.0, 'reward': 0.45665515329914746, 'playtime': 122.7}
[2016.12.27-09.57.12:016][641]LogPython: 

[2016.12.27-09.57.15:141][741]LogPython: TIMESTEP 2700, EPSILON 0.4, EPISODE_STATS {'loss': 0.0}, MATCH_STATS {'score': 1.0, 'reward': 0.4564565593172922, 'playtime': 121.36363636363636}
[2016.12.27-09.57.15:141][741]LogPython: 

[2016.12.27-09.57.18:266][841]LogPython: TIMESTEP 2800, EPSILON 0.4, EPISODE_STATS {'loss': 0.0}, MATCH_STATS {'score': 1.0, 'reward': 0.45252507157624594, 'playtime': 120.47826086956522}
[2016.12.27-09.57.18:266][841]LogPython: 

[2016.12.27-09.57.21:391][941]LogPython: TIMESTEP 2900, EPSILON 0.4, EPISODE_STATS {'loss': 0.0}, MATCH_STATS {'score': 1.0, 'reward': 0.4638773742588129, 'playtime': 116.83333333333333}
[2016.12.27-09.57.21:391][941]LogPython: 

[2016.12.27-09.57.24:516][ 41]LogPython: TIMESTEP 3000, EPSILON 0.4, EPISODE_STATS {'loss': 0.0}, MATCH_STATS {'score': 1.0, 'reward': 0.47611690161169207, 'playtime': 112.1923076923077}
[2016.12.27-09.57.24:516][ 41]LogPython: 

[2016.12.27-09.57.27:641][141]LogPython: TIMESTEP 3100, EPSILON 0.4, EPISODE_STATS {'loss': 0.0}, MATCH_STATS {'score': 1.0, 'reward': 0.4857536128579388, 'playtime': 108.75}
[2016.12.27-09.57.27:641][141]LogPython: 

[2016.12.27-09.57.30:766][241]LogPython: TIMESTEP 3200, EPSILON 0.4, EPISODE_STATS {'loss': 0.0}, MATCH_STATS {'score': 1.0, 'reward': 0.4857536128579388, 'playtime': 108.75}
[2016.12.27-09.57.30:766][241]LogPython: 

[2016.12.27-09.57.33:891][341]LogPython: TIMESTEP 3300, EPSILON 0.4, EPISODE_STATS {'loss': 0.0}, MATCH_STATS {'score': 1.0, 'reward': 0.48170707988846523, 'playtime': 109.1}
[2016.12.27-09.57.33:892][341]LogPython: 

[2016.12.27-09.57.37:016][441]LogPython: TIMESTEP 3400, EPSILON 0.4, EPISODE_STATS {'loss': 0.0}, MATCH_STATS {'score': 1.0, 'reward': 0.48170707988846523, 'playtime': 109.1}
[2016.12.27-09.57.37:016][441]LogPython: 

[2016.12.27-09.57.40:141][541]LogPython: TIMESTEP 3500, EPSILON 0.4, EPISODE_STATS {'loss': 0.0}, MATCH_STATS {'score': 1.0, 'reward': 0.48268995789768476, 'playtime': 107.875}
[2016.12.27-09.57.40:141][541]LogPython: 

[2016.12.27-09.57.43:266][641]LogPython: TIMESTEP 3600, EPSILON 0.4, EPISODE_STATS {'loss': 0.0}, MATCH_STATS {'score': 1.0, 'reward': 0.48268995789768476, 'playtime': 107.875}
[2016.12.27-09.57.43:266][641]LogPython: 

[2016.12.27-09.57.46:391][741]LogPython: TIMESTEP 3700, EPSILON 0.4, EPISODE_STATS {'loss': 0.0}, MATCH_STATS {'score': 1.0, 'reward': 0.49128358037237546, 'playtime': 105.2}
[2016.12.27-09.57.46:391][741]LogPython: 

[2016.12.27-09.57.49:516][841]LogPython: TIMESTEP 3800, EPSILON 0.4, EPISODE_STATS {'loss': 0.0}, MATCH_STATS {'score': 1.0, 'reward': 0.49128358037237546, 'playtime': 105.2}
[2016.12.27-09.57.49:517][841]LogPython: 

[2016.12.27-09.57.52:641][941]LogPython: TIMESTEP 3900, EPSILON 0.4, EPISODE_STATS {'loss': 0.0}, MATCH_STATS {'score': 1.0, 'reward': 0.49128358037237546, 'playtime': 105.2}
[2016.12.27-09.57.52:641][941]LogPython: 

[2016.12.27-09.57.55:766][ 41]LogPython: TIMESTEP 4000, EPSILON 0.4, EPISODE_STATS {'loss': 0.0}, MATCH_STATS {'score': 1.0, 'reward': 0.49128358037237546, 'playtime': 105.2}
[2016.12.27-09.57.55:767][ 41]LogPython: 

[2016.12.27-09.57.58:891][141]LogPython: TIMESTEP 4100, EPSILON 0.4, EPISODE_STATS {'loss': 0.0}, MATCH_STATS {'score': 1.0, 'reward': 0.49128358037237546, 'playtime': 105.2}
[2016.12.27-09.57.58:892][141]LogPython: 

[2016.12.27-09.58.02:016][241]LogPython: TIMESTEP 4200, EPSILON 0.4, EPISODE_STATS {'loss': 0.0}, MATCH_STATS {'score': 1.0, 'reward': 0.49128358037237546, 'playtime': 105.2}
[2016.12.27-09.58.02:016][241]LogPython: 

[2016.12.27-09.58.05:141][341]LogPython: TIMESTEP 4300, EPSILON 0.4, EPISODE_STATS {'loss': 0.0}, MATCH_STATS {'score': 1.0, 'reward': 0.49128358037237546, 'playtime': 105.2}
[2016.12.27-09.58.05:142][341]LogPython: 

[2016.12.27-09.58.08:266][441]LogPython: TIMESTEP 4400, EPSILON 0.4, EPISODE_STATS {'loss': 0.0}, MATCH_STATS {'score': 1.0, 'reward': 0.47768825760981987, 'playtime': 119.69444444444444}
[2016.12.27-09.58.08:266][441]LogPython: 

[2016.12.27-09.58.11:391][541]LogPython: TIMESTEP 4500, EPSILON 0.4, EPISODE_STATS {'loss': 0.0}, MATCH_STATS {'score': 1.0, 'reward': 0.4744039721165513, 'playtime': 118.05263157894737}
[2016.12.27-09.58.11:392][541]LogPython: 

[2016.12.27-09.58.14:517][641]LogPython: TIMESTEP 4600, EPSILON 0.4, EPISODE_STATS {'loss': 0.0}, MATCH_STATS {'score': 1.0, 'reward': 0.4744039721165513, 'playtime': 118.05263157894737}
[2016.12.27-09.58.14:517][641]LogPython: 

[2016.12.27-09.58.17:641][741]LogPython: TIMESTEP 4700, EPSILON 0.4, EPISODE_STATS {'loss': 0.0}, MATCH_STATS {'score': 1.0, 'reward': 0.4744039721165513, 'playtime': 118.05263157894737}
[2016.12.27-09.58.17:642][741]LogPython: 

[2016.12.27-09.58.20:766][841]LogPython: TIMESTEP 4800, EPSILON 0.4, EPISODE_STATS {'loss': 0.0}, MATCH_STATS {'score': 1.0, 'reward': 0.47139459115831334, 'playtime': 118.975}
[2016.12.27-09.58.20:767][841]LogPython: 

[2016.12.27-09.58.23:892][941]LogPython: TIMESTEP 4900, EPSILON 0.4, EPISODE_STATS {'loss': 0.0}, MATCH_STATS {'score': 1.0, 'reward': 0.47139459115831334, 'playtime': 118.975}
[2016.12.27-09.58.23:892][941]LogPython: 

[2016.12.27-09.58.27:016][ 41]LogPython: TIMESTEP 5000, EPSILON 0.4, EPISODE_STATS {'loss': 0.0}, MATCH_STATS {'score': 1.0, 'reward': 0.47139459115831334, 'playtime': 118.975}
[2016.12.27-09.58.27:016][ 41]LogPython: 

[2016.12.27-09.58.30:141][141]LogPython: TIMESTEP 5100, EPSILON 0.4, EPISODE_STATS {'loss': 0.0}, MATCH_STATS {'score': 1.0, 'reward': 0.48433133236165465, 'playtime': 115.38636363636364}
[2016.12.27-09.58.30:142][141]LogPython: 

[2016.12.27-09.58.33:266][241]LogPython: TIMESTEP 5200, EPSILON 0.4, EPISODE_STATS {'loss': 0.0}, MATCH_STATS {'score': 1.0, 'reward': 0.48433133236165465, 'playtime': 115.38636363636364}
[2016.12.27-09.58.33:267][241]LogPython: 

[2016.12.27-09.58.36:392][341]LogPython: TIMESTEP 5300, EPSILON 0.4, EPISODE_STATS {'loss': 0.0}, MATCH_STATS {'score': 1.0, 'reward': 0.48433133236165465, 'playtime': 115.38636363636364}
[2016.12.27-09.58.36:392][341]LogPython: 

[2016.12.27-09.58.39:517][441]LogPython: TIMESTEP 5400, EPSILON 0.4, EPISODE_STATS {'loss': 0.0}, MATCH_STATS {'score': 1.0, 'reward': 0.4899421113015329, 'playtime': 113.95744680851064}
[2016.12.27-09.58.39:517][441]LogPython: 

[2016.12.27-09.58.42:641][541]LogPython: TIMESTEP 5500, EPSILON 0.4, EPISODE_STATS {'loss': 0.0}, MATCH_STATS {'score': 1.0, 'reward': 0.4899421113015329, 'playtime': 113.95744680851064}
[2016.12.27-09.58.42:642][541]LogPython: 

[2016.12.27-09.58.45:767][641]LogPython: TIMESTEP 5600, EPSILON 0.4, EPISODE_STATS {'loss': 0.0}, MATCH_STATS {'score': 1.0, 'reward': 0.4899421113015329, 'playtime': 113.95744680851064}
[2016.12.27-09.58.45:767][641]LogPython: 

[2016.12.27-09.58.48:892][741]LogPython: TIMESTEP 5700, EPSILON 0.4, EPISODE_STATS {'loss': 0.0}, MATCH_STATS {'score': 1.0, 'reward': 0.4899421113015329, 'playtime': 113.95744680851064}
[2016.12.27-09.58.48:892][741]LogPython: 

[2016.12.27-09.58.52:017][841]LogPython: TIMESTEP 5800, EPSILON 0.4, EPISODE_STATS {'loss': 0.0}, MATCH_STATS {'score': 1.0, 'reward': 0.4801484926869048, 'playtime': 119.72916666666667}
[2016.12.27-09.58.52:017][841]LogPython: 

[2016.12.27-09.58.55:142][941]LogPython: TIMESTEP 5900, EPSILON 0.4, EPISODE_STATS {'loss': 0.0}, MATCH_STATS {'score': 1.0, 'reward': 0.4801484926869048, 'playtime': 119.72916666666667}
[2016.12.27-09.58.55:142][941]LogPython: 

[2016.12.27-09.58.58:267][ 41]LogPython: TIMESTEP 6000, EPSILON 0.4, EPISODE_STATS {'loss': 0.0}, MATCH_STATS {'score': 1.0, 'reward': 0.4801484926869048, 'playtime': 119.72916666666667}
[2016.12.27-09.58.58:267][ 41]LogPython: 

[2016.12.27-09.59.01:392][141]LogPython: TIMESTEP 6100, EPSILON 0.4, EPISODE_STATS {'loss': 0.0}, MATCH_STATS {'score': 1.0, 'reward': 0.4792184847925245, 'playtime': 121.84}
[2016.12.27-09.59.01:392][141]LogPython: 

[2016.12.27-09.59.04:517][241]LogPython: TIMESTEP 6200, EPSILON 0.4, EPISODE_STATS {'loss': 0.0}, MATCH_STATS {'score': 1.0, 'reward': 0.4792184847925245, 'playtime': 121.84}
[2016.12.27-09.59.04:517][241]LogPython: 

[2016.12.27-09.59.07:642][341]LogPython: TIMESTEP 6300, EPSILON 0.4, EPISODE_STATS {'loss': 0.0}, MATCH_STATS {'score': 1.0, 'reward': 0.47269779963251624, 'playtime': 123.2156862745098}
[2016.12.27-09.59.07:642][341]LogPython: 

[2016.12.27-09.59.10:767][441]LogPython: TIMESTEP 6400, EPSILON 0.4, EPISODE_STATS {'loss': 0.0}, MATCH_STATS {'score': 1.0, 'reward': 0.47902343020764176, 'playtime': 121.28846153846153}
[2016.12.27-09.59.10:767][441]LogPython: 

[2016.12.27-09.59.13:892][541]LogPython: TIMESTEP 6500, EPSILON 0.4, EPISODE_STATS {'loss': 0.0}, MATCH_STATS {'score': 1.0, 'reward': 0.4936815111662328, 'playtime': 115.78571428571429}
[2016.12.27-09.59.13:892][541]LogPython: 

[2016.12.27-09.59.17:017][641]LogPython: TIMESTEP 6600, EPSILON 0.4, EPISODE_STATS {'loss': 0.0}, MATCH_STATS {'score': 1.0, 'reward': 0.5044990046061028, 'playtime': 112.56896551724138}
[2016.12.27-09.59.17:017][641]LogPython: 

[2016.12.27-09.59.20:142][741]LogPython: TIMESTEP 6700, EPSILON 0.4, EPISODE_STATS {'loss': 0.0}, MATCH_STATS {'score': 1.0, 'reward': 0.5044990046061028, 'playtime': 112.56896551724138}
[2016.12.27-09.59.20:142][741]LogPython: 

[2016.12.27-09.59.23:267][841]LogPython: TIMESTEP 6800, EPSILON 0.4, EPISODE_STATS {'loss': 0.0}, MATCH_STATS {'score': 1.0, 'reward': 0.4974826478887989, 'playtime': 114.72881355932203}
[2016.12.27-09.59.23:267][841]LogPython: 

[2016.12.27-09.59.26:392][941]LogPython: TIMESTEP 6900, EPSILON 0.4, EPISODE_STATS {'loss': 0.0}, MATCH_STATS {'score': 1.0, 'reward': 0.5003407997334802, 'playtime': 113.5}
[2016.12.27-09.59.26:392][941]LogPython: 

[2016.12.27-09.59.29:517][ 41]LogPython: TIMESTEP 7000, EPSILON 0.4, EPISODE_STATS {'loss': 0.0}, MATCH_STATS {'score': 1.0, 'reward': 0.5003407997334802, 'playtime': 113.5}
[2016.12.27-09.59.29:517][ 41]LogPython: 

[2016.12.27-09.59.32:642][141]LogPython: TIMESTEP 7100, EPSILON 0.4, EPISODE_STATS {'loss': 0.0}, MATCH_STATS {'score': 1.0, 'reward': 0.5003407997334802, 'playtime': 113.5}
[2016.12.27-09.59.32:642][141]LogPython: 

[2016.12.27-09.59.35:773][241]LogPython: TIMESTEP 7200, EPSILON 0.4, EPISODE_STATS {'loss': 0.0}, MATCH_STATS {'score': 1.0, 'reward': 0.5003407997334802, 'playtime': 113.5}
[2016.12.27-09.59.35:773][241]LogPython: 

[2016.12.27-09.59.38:897][341]LogPython: TIMESTEP 7300, EPSILON 0.4, EPISODE_STATS {'loss': 0.0}, MATCH_STATS {'score': 1.0, 'reward': 0.5016351396056837, 'playtime': 115.17460317460318}
[2016.12.27-09.59.38:897][341]LogPython: 

[2016.12.27-09.59.42:023][441]LogPython: TIMESTEP 7400, EPSILON 0.4, EPISODE_STATS {'loss': 0.0}, MATCH_STATS {'score': 1.0, 'reward': 0.5040342378139652, 'playtime': 113.43076923076923}
[2016.12.27-09.59.42:023][441]LogPython: 

[2016.12.27-09.59.45:147][541]LogPython: TIMESTEP 7500, EPSILON 0.4, EPISODE_STATS {'loss': 0.0}, MATCH_STATS {'score': 1.0, 'reward': 0.5040342378139652, 'playtime': 113.43076923076923}
[2016.12.27-09.59.45:147][541]LogPython: 

[2016.12.27-09.59.48:272][641]LogPython: TIMESTEP 7600, EPSILON 0.4, EPISODE_STATS {'loss': 0.0}, MATCH_STATS {'score': 1.0, 'reward': 0.5056581398472131, 'playtime': 112.68656716417911}
[2016.12.27-09.59.48:272][641]LogPython: 

[2016.12.27-09.59.51:486][744]LogPython: TIMESTEP 7700, EPSILON 0.4, EPISODE_STATS {'loss': 0.0}, MATCH_STATS {'score': 1.0, 'reward': 0.5056581398472131, 'playtime': 112.68656716417911}
[2016.12.27-09.59.51:486][744]LogPython: 

[2016.12.27-09.59.54:611][844]LogPython: TIMESTEP 7800, EPSILON 0.4, EPISODE_STATS {'loss': 0.0}, MATCH_STATS {'score': 1.0, 'reward': 0.5003788075205202, 'playtime': 113.8529411764706}
[2016.12.27-09.59.54:611][844]LogPython: 

[2016.12.27-09.59.57:737][944]LogPython: TIMESTEP 7900, EPSILON 0.4, EPISODE_STATS {'loss': 0.0}, MATCH_STATS {'score': 1.0, 'reward': 0.5003788075205202, 'playtime': 113.8529411764706}
[2016.12.27-09.59.57:737][944]LogPython: 

[2016.12.27-10.00.00:861][ 44]LogPython: TIMESTEP 8000, EPSILON 0.4, EPISODE_STATS {'loss': 0.0}, MATCH_STATS {'score': 1.0, 'reward': 0.5003788075205202, 'playtime': 113.8529411764706}
[2016.12.27-10.00.00:861][ 44]LogPython: 

[2016.12.27-10.00.03:986][144]LogPython: TIMESTEP 8100, EPSILON 0.4, EPISODE_STATS {'loss': 0.0}, MATCH_STATS {'score': 1.0, 'reward': 0.5003788075205202, 'playtime': 113.8529411764706}
[2016.12.27-10.00.03:986][144]LogPython: 

[2016.12.27-10.00.07:111][244]LogPython: TIMESTEP 8200, EPSILON 0.4, EPISODE_STATS {'loss': 0.0}, MATCH_STATS {'score': 1.0, 'reward': 0.49689575020909943, 'playtime': 116.82857142857142}
[2016.12.27-10.00.07:111][244]LogPython: 

[2016.12.27-10.00.10:236][344]LogPython: TIMESTEP 8300, EPSILON 0.4, EPISODE_STATS {'loss': 0.0}, MATCH_STATS {'score': 1.0, 'reward': 0.49689575020909943, 'playtime': 116.82857142857142}
[2016.12.27-10.00.10:236][344]LogPython: 

[2016.12.27-10.00.13:361][444]LogPython: TIMESTEP 8400, EPSILON 0.4, EPISODE_STATS {'loss': 0.0}, MATCH_STATS {'score': 1.0, 'reward': 0.4925529487296385, 'playtime': 117.53521126760563}
[2016.12.27-10.00.13:361][444]LogPython: 

[2016.12.27-10.00.16:486][544]LogPython: TIMESTEP 8500, EPSILON 0.4, EPISODE_STATS {'loss': 0.0}, MATCH_STATS {'score': 1.0, 'reward': 0.4925529487296385, 'playtime': 117.53521126760563}
[2016.12.27-10.00.16:486][544]LogPython: 

[2016.12.27-10.00.19:611][644]LogPython: TIMESTEP 8600, EPSILON 0.4, EPISODE_STATS {'loss': 0.0}, MATCH_STATS {'score': 1.0, 'reward': 0.49162500011857746, 'playtime': 117.02739726027397}
[2016.12.27-10.00.19:611][644]LogPython: 

[2016.12.27-10.00.22:737][744]LogPython: TIMESTEP 8700, EPSILON 0.4, EPISODE_STATS {'loss': 0.0}, MATCH_STATS {'score': 1.0, 'reward': 0.4952820631933248, 'playtime': 115.37333333333333}
[2016.12.27-10.00.22:737][744]LogPython: 

[2016.12.27-10.00.25:861][844]LogPython: TIMESTEP 8800, EPSILON 0.4, EPISODE_STATS {'loss': 0.0}, MATCH_STATS {'score': 1.0, 'reward': 0.4952820631933248, 'playtime': 115.37333333333333}
[2016.12.27-10.00.25:861][844]LogPython: 

[2016.12.27-10.00.28:986][944]LogPython: TIMESTEP 8900, EPSILON 0.4, EPISODE_STATS {'loss': 0.0}, MATCH_STATS {'score': 1.0, 'reward': 0.49795621729209844, 'playtime': 114.02564102564102}
[2016.12.27-10.00.28:986][944]LogPython: 

[2016.12.27-10.00.32:111][ 44]LogPython: TIMESTEP 9000, EPSILON 0.4, EPISODE_STATS {'loss': 0.0}, MATCH_STATS {'score': 1.0, 'reward': 0.49614868055049055, 'playtime': 113.89873417721519}
[2016.12.27-10.00.32:111][ 44]LogPython: 

[2016.12.27-10.00.35:236][144]LogPython: TIMESTEP 9100, EPSILON 0.4, EPISODE_STATS {'loss': 0.0}, MATCH_STATS {'score': 1.0, 'reward': 0.49910061416428936, 'playtime': 112.875}
[2016.12.27-10.00.35:236][144]LogPython: 

[2016.12.27-10.00.38:361][244]LogPython: TIMESTEP 9200, EPSILON 0.4, EPISODE_STATS {'loss': 0.0}, MATCH_STATS {'score': 1.0, 'reward': 0.49910061416428936, 'playtime': 112.875}
[2016.12.27-10.00.38:361][244]LogPython: 

[2016.12.27-10.00.41:486][344]LogPython: TIMESTEP 9300, EPSILON 0.4, EPISODE_STATS {'loss': 0.0}, MATCH_STATS {'score': 1.0, 'reward': 0.49910061416428936, 'playtime': 112.875}
[2016.12.27-10.00.41:486][344]LogPython: 

[2016.12.27-10.00.44:611][444]LogPython: TIMESTEP 9400, EPSILON 0.4, EPISODE_STATS {'loss': 0.0}, MATCH_STATS {'score': 1.0, 'reward': 0.49910061416428936, 'playtime': 112.875}
[2016.12.27-10.00.44:611][444]LogPython: 

[2016.12.27-10.00.47:737][544]LogPython: TIMESTEP 9500, EPSILON 0.4, EPISODE_STATS {'loss': 0.0}, MATCH_STATS {'score': 1.0, 'reward': 0.49910061416428936, 'playtime': 112.875}
[2016.12.27-10.00.47:737][544]LogPython: 

[2016.12.27-10.00.50:861][644]LogPython: TIMESTEP 9600, EPSILON 0.4, EPISODE_STATS {'loss': 0.0}, MATCH_STATS {'score': 1.0, 'reward': 0.49303805459794614, 'playtime': 117.41975308641975}
[2016.12.27-10.00.50:861][644]LogPython: 

[2016.12.27-10.00.53:986][744]LogPython: TIMESTEP 9700, EPSILON 0.4, EPISODE_STATS {'loss': 0.0}, MATCH_STATS {'score': 1.0, 'reward': 0.49303805459794614, 'playtime': 117.41975308641975}
[2016.12.27-10.00.53:986][744]LogPython: 

[2016.12.27-10.00.57:111][844]LogPython: TIMESTEP 9800, EPSILON 0.4, EPISODE_STATS {'loss': 0.0}, MATCH_STATS {'score': 1.0, 'reward': 0.49303805459794614, 'playtime': 117.41975308641975}
[2016.12.27-10.00.57:111][844]LogPython: 

[2016.12.27-10.01.00:236][944]LogPython: TIMESTEP 9900, EPSILON 0.4, EPISODE_STATS {'loss': 0.0}, MATCH_STATS {'score': 1.0, 'reward': 0.4926547152333538, 'playtime': 118.855421686747}
[2016.12.27-10.01.00:236][944]LogPython: 

[2016.12.27-10.01.03:862][ 44]LogPython: TIMESTEP 10000, EPSILON 0.4, EPISODE_STATS {'loss': 0.0}, MATCH_STATS {'score': 1.0, 'reward': 0.4926547152333538, 'playtime': 118.855421686747}
[2016.12.27-10.01.03:863][ 44]LogPython: 

[2016.12.27-10.01.07:715][144]LogPython: TIMESTEP 10100, EPSILON 0.39998020494999986, EPISODE_STATS {'loss': 0.0015822281303105293}, MATCH_STATS {'score': 1.0, 'reward': 0.48845020158504276, 'playtime': 119.78571428571429}
[2016.12.27-10.01.07:715][144]LogPython: 

[2016.12.27-10.01.11:482][244]LogPython: TIMESTEP 10200, EPSILON 0.3999602099499997, EPISODE_STATS {'loss': 0.0015086693320383584}, MATCH_STATS {'score': 1.0, 'reward': 0.49214077458810107, 'playtime': 118.16279069767442}
[2016.12.27-10.01.11:482][244]LogPython: 

[2016.12.27-10.01.15:229][344]LogPython: TIMESTEP 10300, EPSILON 0.39994021494999954, EPISODE_STATS {'loss': 0.0014200584203149674}, MATCH_STATS {'score': 1.0, 'reward': 0.49214077458810107, 'playtime': 118.16279069767442}
[2016.12.27-10.01.15:229][344]LogPython: 

[2016.12.27-10.01.19:016][444]LogPython: TIMESTEP 10400, EPSILON 0.3999202199499994, EPISODE_STATS {'loss': 0.001384590569119737}, MATCH_STATS {'score': 1.0, 'reward': 0.49214077458810107, 'playtime': 118.16279069767442}
[2016.12.27-10.01.19:016][444]LogPython: 

[2016.12.27-10.01.22:776][544]LogPython: TIMESTEP 10500, EPSILON 0.3999002249499992, EPISODE_STATS {'loss': 0.0013845576433453688}, MATCH_STATS {'score': 1.0, 'reward': 0.4909179475278798, 'playtime': 118.93181818181819}
[2016.12.27-10.01.22:777][544]LogPython: 

[2016.12.27-10.01.26:527][644]LogPython: TIMESTEP 10600, EPSILON 0.39988022994999906, EPISODE_STATS {'loss': 0.0013559487413048266}, MATCH_STATS {'score': 1.0, 'reward': 0.4909179475278798, 'playtime': 118.93181818181819}
[2016.12.27-10.01.26:527][644]LogPython: 

[2016.12.27-10.01.30:273][744]LogPython: TIMESTEP 10700, EPSILON 0.3998602349499989, EPISODE_STATS {'loss': 0.0013249930367323413}, MATCH_STATS {'score': 1.0, 'reward': 0.4909179475278798, 'playtime': 118.93181818181819}
[2016.12.27-10.01.30:273][744]LogPython: 

[2016.12.27-10.01.34:036][844]LogPython: TIMESTEP 10800, EPSILON 0.39984023994999873, EPISODE_STATS {'loss': 0.0013191708912449341}, MATCH_STATS {'score': 1.0, 'reward': 0.4909179475278798, 'playtime': 118.93181818181819}
[2016.12.27-10.01.34:036][844]LogPython: 

[2016.12.27-10.01.37:785][944]LogPython: TIMESTEP 10900, EPSILON 0.39982024494999857, EPISODE_STATS {'loss': 0.0012961086632621197}, MATCH_STATS {'score': 1.0, 'reward': 0.4899046219992925, 'playtime': 120.33333333333333}
[2016.12.27-10.01.37:785][944]LogPython: 

[2016.12.27-10.01.41:532][ 44]LogPython: TIMESTEP 11000, EPSILON 0.3998002499499984, EPISODE_STATS {'loss': 0.0012754498765297194}, MATCH_STATS {'score': 1.0, 'reward': 0.4916479277956084, 'playtime': 119.1086956521739}
[2016.12.27-10.01.41:532][ 44]LogPython: 

[2016.12.27-10.01.45:280][144]LogPython: TIMESTEP 11100, EPSILON 0.39978025494999825, EPISODE_STATS {'loss': 0.0012700461790565607}, MATCH_STATS {'score': 1.0, 'reward': 0.4916479277956084, 'playtime': 119.1086956521739}
[2016.12.27-10.01.45:280][144]LogPython: 

[2016.12.27-10.01.49:032][244]LogPython: TIMESTEP 11200, EPSILON 0.3997602599499981, EPISODE_STATS {'loss': 0.0012633664760889301}, MATCH_STATS {'score': 1.0, 'reward': 0.4916479277956084, 'playtime': 119.1086956521739}
[2016.12.27-10.01.49:032][244]LogPython: 

[2016.12.27-10.01.52:804][344]LogPython: TIMESTEP 11300, EPSILON 0.3997402649499979, EPISODE_STATS {'loss': 0.0012575076651269049}, MATCH_STATS {'score': 1.0, 'reward': 0.4914706612756666, 'playtime': 119.3936170212766}
[2016.12.27-10.01.52:804][344]LogPython: 

[2016.12.27-10.01.56:560][444]LogPython: TIMESTEP 11400, EPSILON 0.39972026994999776, EPISODE_STATS {'loss': 0.0012499269390038698}, MATCH_STATS {'score': 1.0, 'reward': 0.4914706612756666, 'playtime': 119.3936170212766}
[2016.12.27-10.01.56:560][444]LogPython: 

[2016.12.27-10.02.00:322][544]LogPython: TIMESTEP 11500, EPSILON 0.3997002749499976, EPISODE_STATS {'loss': 0.0012359523405331815}, MATCH_STATS {'score': 1.0, 'reward': 0.4914706612756666, 'playtime': 119.3936170212766}
[2016.12.27-10.02.00:322][544]LogPython: 

[2016.12.27-10.02.04:102][644]LogPython: TIMESTEP 11600, EPSILON 0.39968027994999744, EPISODE_STATS {'loss': 0.0012294345501774784}, MATCH_STATS {'score': 1.0, 'reward': 0.4914706612756666, 'playtime': 119.3936170212766}
[2016.12.27-10.02.04:103][644]LogPython: 

[2016.12.27-10.02.07:842][744]LogPython: TIMESTEP 11700, EPSILON 0.3996602849499973, EPISODE_STATS {'loss': 0.0012221018122325488}, MATCH_STATS {'score': 1.0, 'reward': 0.4914706612756666, 'playtime': 119.3936170212766}
[2016.12.27-10.02.07:843][744]LogPython: 

[2016.12.27-10.02.13:151][212]LogPython: TIMESTEP 11800, EPSILON 0.3996402899499971, EPISODE_STATS {'loss': 0.0012124010900515915}, MATCH_STATS {'score': 1.0, 'reward': 0.4914706612756666, 'playtime': 119.3936170212766}
[2016.12.27-10.02.13:151][212]LogPython: 

[2016.12.27-10.02.16:964][312]LogPython: TIMESTEP 11900, EPSILON 0.39962029494999696, EPISODE_STATS {'loss': 0.001203092158244964}, MATCH_STATS {'score': 1.0, 'reward': 0.4914706612756666, 'playtime': 119.3936170212766}
[2016.12.27-10.02.16:964][312]LogPython: 

[2016.12.27-10.02.20:768][412]LogPython: TIMESTEP 12000, EPSILON 0.3996002999499968, EPISODE_STATS {'loss': 0.0011957091479633272}, MATCH_STATS {'score': 1.0, 'reward': 0.4914706612756666, 'playtime': 119.3936170212766}
[2016.12.27-10.02.20:768][412]LogPython: 

[2016.12.27-10.02.25:035][512]LogPython: TIMESTEP 12100, EPSILON 0.39958030494999663, EPISODE_STATS {'loss': 0.0011869093151754208}, MATCH_STATS {'score': 1.0, 'reward': 0.4914706612756666, 'playtime': 119.3936170212766}
[2016.12.27-10.02.25:035][512]LogPython: 

[2016.12.27-10.02.29:455][612]LogPython: TIMESTEP 12200, EPSILON 0.3995603099499965, EPISODE_STATS {'loss': 0.0011805264993832057}, MATCH_STATS {'score': 1.0, 'reward': 0.4914706612756666, 'playtime': 119.3936170212766}
[2016.12.27-10.02.29:455][612]LogPython: 

[2016.12.27-10.02.33:806][712]LogPython: TIMESTEP 12300, EPSILON 0.3995403149499963, EPISODE_STATS {'loss': 0.0011804444858456568}, MATCH_STATS {'score': 1.0, 'reward': 0.4914706612756666, 'playtime': 119.3936170212766}
[2016.12.27-10.02.33:806][712]LogPython: 

[2016.12.27-10.02.38:165][812]LogPython: TIMESTEP 12400, EPSILON 0.39952031994999615, EPISODE_STATS {'loss': 0.0011761953703680228}, MATCH_STATS {'score': 1.0, 'reward': 0.4914706612756666, 'playtime': 119.3936170212766}
[2016.12.27-10.02.38:165][812]LogPython: 

[2016.12.27-10.02.42:544][912]LogPython: TIMESTEP 12500, EPSILON 0.399500324949996, EPISODE_STATS {'loss': 0.0011668089634006365}, MATCH_STATS {'score': 1.0, 'reward': 0.4914706612756666, 'playtime': 119.3936170212766}
[2016.12.27-10.02.42:544][912]LogPython: 

[2016.12.27-10.02.46:911][ 12]LogPython: TIMESTEP 12600, EPSILON 0.3994803299499958, EPISODE_STATS {'loss': 0.0011574408296917082}, MATCH_STATS {'score': 1.0, 'reward': 0.4862972984609288, 'playtime': 132.43157894736842}
[2016.12.27-10.02.46:911][ 12]LogPython: 

[2016.12.27-10.02.51:279][112]LogPython: TIMESTEP 12700, EPSILON 0.39946033494999567, EPISODE_STATS {'loss': 0.0011504768304347029}, MATCH_STATS {'score': 1.0, 'reward': 0.48933400742903527, 'playtime': 131.32291666666666}
[2016.12.27-10.02.51:279][112]LogPython: 

[2016.12.27-10.02.55:683][212]LogPython: TIMESTEP 12800, EPSILON 0.3994403399499955, EPISODE_STATS {'loss': 0.001144822650148717}, MATCH_STATS {'score': 1.0, 'reward': 0.4908111964785052, 'playtime': 130.01020408163265}
[2016.12.27-10.02.55:683][212]LogPython: 

[2016.12.27-10.03.00:054][312]LogPython: TIMESTEP 12900, EPSILON 0.39942034494999534, EPISODE_STATS {'loss': 0.0011377338050793881}, MATCH_STATS {'score': 1.0, 'reward': 0.49325080404467103, 'playtime': 128.66}
[2016.12.27-10.03.00:054][312]LogPython: 

[2016.12.27-10.03.04:426][412]LogPython: TIMESTEP 13000, EPSILON 0.3994003499499952, EPISODE_STATS {'loss': 0.0011352940849341788}, MATCH_STATS {'score': 1.0, 'reward': 0.49325080404467103, 'playtime': 128.66}
[2016.12.27-10.03.04:426][412]LogPython: 

[2016.12.27-10.03.08:777][512]LogPython: TIMESTEP 13100, EPSILON 0.399380354949995, EPISODE_STATS {'loss': 0.00113318798752127}, MATCH_STATS {'score': 1.0, 'reward': 0.49325080404467103, 'playtime': 128.66}
[2016.12.27-10.03.08:777][512]LogPython: 

[2016.12.27-10.03.13:129][612]LogPython: TIMESTEP 13200, EPSILON 0.39936035994999486, EPISODE_STATS {'loss': 0.0011276145744182663}, MATCH_STATS {'score': 1.0, 'reward': 0.49325080404467103, 'playtime': 128.66}
[2016.12.27-10.03.13:129][612]LogPython: 

[2016.12.27-10.03.17:488][712]LogPython: TIMESTEP 13300, EPSILON 0.3993403649499947, EPISODE_STATS {'loss': 0.0011221968626813307}, MATCH_STATS {'score': 1.0, 'reward': 0.4926309059897978, 'playtime': 129.7549019607843}
[2016.12.27-10.03.17:489][712]LogPython: 

[2016.12.27-10.03.21:833][812]LogPython: TIMESTEP 13400, EPSILON 0.39932036994999454, EPISODE_STATS {'loss': 0.0011206277566090969}, MATCH_STATS {'score': 1.0, 'reward': 0.4926309059897978, 'playtime': 129.7549019607843}
[2016.12.27-10.03.21:833][812]LogPython: 

[2016.12.27-10.03.26:201][912]LogPython: TIMESTEP 13500, EPSILON 0.3993003749499944, EPISODE_STATS {'loss': 0.0011189885700837049}, MATCH_STATS {'score': 1.0, 'reward': 0.48854564517873095, 'playtime': 131.04854368932038}
[2016.12.27-10.03.26:201][912]LogPython: 

[2016.12.27-10.03.30:563][ 12]LogPython: TIMESTEP 13600, EPSILON 0.3992803799499942, EPISODE_STATS {'loss': 0.0011152711702187184}, MATCH_STATS {'score': 1.0, 'reward': 0.4920351848510016, 'playtime': 129.95192307692307}
[2016.12.27-10.03.30:563][ 12]LogPython: 

[2016.12.27-10.03.34:947][112]LogPython: TIMESTEP 13700, EPSILON 0.39926038494999405, EPISODE_STATS {'loss': 0.0011099392016631722}, MATCH_STATS {'score': 1.0, 'reward': 0.4920351848510016, 'playtime': 129.95192307692307}
[2016.12.27-10.03.34:948][112]LogPython: 

[2016.12.27-10.03.39:324][212]LogPython: TIMESTEP 13800, EPSILON 0.3992403899499939, EPISODE_STATS {'loss': 0.0011109006764163075}, MATCH_STATS {'score': 1.0, 'reward': 0.4882200730211092, 'playtime': 130.9904761904762}
[2016.12.27-10.03.39:324][212]LogPython: 

[2016.12.27-10.03.43:701][312]LogPython: TIMESTEP 13900, EPSILON 0.39922039494999373, EPISODE_STATS {'loss': 0.0011068218648269169}, MATCH_STATS {'score': 1.0, 'reward': 0.49087076393022067, 'playtime': 129.53271028037383}
[2016.12.27-10.03.43:701][312]LogPython: 

[2016.12.27-10.03.48:079][412]LogPython: TIMESTEP 14000, EPSILON 0.39920039994999357, EPISODE_STATS {'loss': 0.0011043004445153435}, MATCH_STATS {'score': 1.0, 'reward': 0.49338794724678414, 'playtime': 128.19266055045873}
[2016.12.27-10.03.48:079][412]LogPython: 

[2016.12.27-10.03.52:467][512]LogPython: TIMESTEP 14100, EPSILON 0.3991804049499934, EPISODE_STATS {'loss': 0.0011023346459879918}, MATCH_STATS {'score': 1.0, 'reward': 0.49167950250752523, 'playtime': 128.1090909090909}
[2016.12.27-10.03.52:467][512]LogPython: 

[2016.12.27-10.03.56:846][612]LogPython: TIMESTEP 14200, EPSILON 0.39916040994999324, EPISODE_STATS {'loss': 0.0011035304023757203}, MATCH_STATS {'score': 1.0, 'reward': 0.4956469425561691, 'playtime': 127.02702702702703}
[2016.12.27-10.03.56:846][612]LogPython: 

[2016.12.27-10.04.01:242][712]LogPython: TIMESTEP 14300, EPSILON 0.3991404149499931, EPISODE_STATS {'loss': 0.0011024306432564069}, MATCH_STATS {'score': 1.0, 'reward': 0.4967823183105803, 'playtime': 126.04424778761062}
[2016.12.27-10.04.01:242][712]LogPython: 

[2016.12.27-10.04.05:575][812]LogPython: TIMESTEP 14400, EPSILON 0.3991204199499929, EPISODE_STATS {'loss': 0.0011010458449339858}, MATCH_STATS {'score': 1.0, 'reward': 0.4967823183105803, 'playtime': 126.04424778761062}
[2016.12.27-10.04.05:575][812]LogPython: 

[2016.12.27-10.04.09:934][912]LogPython: TIMESTEP 14500, EPSILON 0.39910042494999276, EPISODE_STATS {'loss': 0.0010986063639072834}, MATCH_STATS {'score': 1.0, 'reward': 0.4967823183105803, 'playtime': 126.04424778761062}
[2016.12.27-10.04.09:934][912]LogPython: 

[2016.12.27-10.04.14:313][ 12]LogPython: TIMESTEP 14600, EPSILON 0.3990804299499926, EPISODE_STATS {'loss': 0.0010962837734192078}, MATCH_STATS {'score': 1.0, 'reward': 0.4967823183105803, 'playtime': 126.04424778761062}
[2016.12.27-10.04.14:314][ 12]LogPython: 

[2016.12.27-10.04.18:674][112]LogPython: TIMESTEP 14700, EPSILON 0.39906043494999244, EPISODE_STATS {'loss': 0.0010950617974229975}, MATCH_STATS {'score': 1.0, 'reward': 0.4957428056303237, 'playtime': 127.69565217391305}
[2016.12.27-10.04.18:674][112]LogPython: 

[2016.12.27-10.04.23:034][212]LogPython: TIMESTEP 14800, EPSILON 0.3990404399499923, EPISODE_STATS {'loss': 0.0010949897331207811}, MATCH_STATS {'score': 1.0, 'reward': 0.4957428056303237, 'playtime': 127.69565217391305}
[2016.12.27-10.04.23:034][212]LogPython: 

[2016.12.27-10.04.27:383][312]LogPython: TIMESTEP 14900, EPSILON 0.3990204449499921, EPISODE_STATS {'loss': 0.0010935036937620769}, MATCH_STATS {'score': 1.0, 'reward': 0.4957428056303237, 'playtime': 127.69565217391305}
[2016.12.27-10.04.27:383][312]LogPython: 

[2016.12.27-10.04.31:758][412]LogPython: TIMESTEP 15000, EPSILON 0.39900044994999195, EPISODE_STATS {'loss': 0.001090996316343022}, MATCH_STATS {'score': 1.0, 'reward': 0.49225750939827173, 'playtime': 128.6551724137931}
[2016.12.27-10.04.31:759][412]LogPython: 

[2016.12.27-10.04.36:147][512]LogPython: TIMESTEP 15100, EPSILON 0.3989804549499918, EPISODE_STATS {'loss': 0.0010896694541508893}, MATCH_STATS {'score': 1.0, 'reward': 0.49225750939827173, 'playtime': 128.6551724137931}
[2016.12.27-10.04.36:147][512]LogPython: 

[2016.12.27-10.04.40:566][612]LogPython: TIMESTEP 15200, EPSILON 0.39896045994999163, EPISODE_STATS {'loss': 0.0010879455783815884}, MATCH_STATS {'score': 1.0, 'reward': 0.4950964208615288, 'playtime': 127.24369747899159}
[2016.12.27-10.04.40:566][612]LogPython: 

[2016.12.27-10.04.44:968][712]LogPython: TIMESTEP 15300, EPSILON 0.39894046494999147, EPISODE_STATS {'loss': 0.0010843770482909692}, MATCH_STATS {'score': 1.0, 'reward': 0.4950964208615288, 'playtime': 127.24369747899159}
[2016.12.27-10.04.44:968][712]LogPython: 

[2016.12.27-10.04.49:380][812]LogPython: TIMESTEP 15400, EPSILON 0.3989204699499913, EPISODE_STATS {'loss': 0.0010829377021831107}, MATCH_STATS {'score': 1.0, 'reward': 0.49624704338101333, 'playtime': 126.65289256198348}
[2016.12.27-10.04.49:380][812]LogPython: 

[2016.12.27-10.04.53:786][912]LogPython: TIMESTEP 15500, EPSILON 0.39890047494999115, EPISODE_STATS {'loss': 0.0010805027782296098}, MATCH_STATS {'score': 1.0, 'reward': 0.49624704338101333, 'playtime': 126.65289256198348}
[2016.12.27-10.04.53:786][912]LogPython: 

[2016.12.27-10.04.58:238][ 12]LogPython: TIMESTEP 15600, EPSILON 0.398880479949991, EPISODE_STATS {'loss': 0.0010805333569958971}, MATCH_STATS {'score': 1.0, 'reward': 0.4933458994826615, 'playtime': 127.21311475409836}
[2016.12.27-10.04.58:239][ 12]LogPython: 

[2016.12.27-10.05.02:790][112]LogPython: TIMESTEP 15700, EPSILON 0.3988604849499908, EPISODE_STATS {'loss': 0.0010826837198378305}, MATCH_STATS {'score': 1.0, 'reward': 0.49579254040152815, 'playtime': 125.96774193548387}
[2016.12.27-10.05.02:790][112]LogPython: 

[2016.12.27-10.05.07:274][212]LogPython: TIMESTEP 15800, EPSILON 0.39884048994999066, EPISODE_STATS {'loss': 0.0010812907808517992}, MATCH_STATS {'score': 1.0, 'reward': 0.49755638729162593, 'playtime': 124.91269841269842}
[2016.12.27-10.05.07:274][212]LogPython: 

[2016.12.27-10.05.11:664][312]LogPython: TIMESTEP 15900, EPSILON 0.3988204949499905, EPISODE_STATS {'loss': 0.0010818966352313122}, MATCH_STATS {'score': 1.0, 'reward': 0.49755638729162593, 'playtime': 124.91269841269842}
[2016.12.27-10.05.11:664][312]LogPython: 

[2016.12.27-10.05.16:064][412]LogPython: TIMESTEP 16000, EPSILON 0.39880049994999034, EPISODE_STATS {'loss': 0.0010798727417950615}, MATCH_STATS {'score': 1.0, 'reward': 0.49755638729162593, 'playtime': 124.91269841269842}
[2016.12.27-10.05.16:064][412]LogPython: 

[2016.12.27-10.05.20:442][512]LogPython: TIMESTEP 16100, EPSILON 0.3987805049499902, EPISODE_STATS {'loss': 0.0010789683785873301}, MATCH_STATS {'score': 1.0, 'reward': 0.4938969430857761, 'playtime': 126.61417322834646}
[2016.12.27-10.05.20:442][512]LogPython: 

[2016.12.27-10.05.24:815][612]LogPython: TIMESTEP 16200, EPSILON 0.39876050994999, EPISODE_STATS {'loss': 0.0010789912225234836}, MATCH_STATS {'score': 1.0, 'reward': 0.4954246942012706, 'playtime': 125.921875}
[2016.12.27-10.05.24:815][612]LogPython: 

[2016.12.27-10.05.29:204][712]LogPython: TIMESTEP 16300, EPSILON 0.39874051494998985, EPISODE_STATS {'loss': 0.0010772207626380389}, MATCH_STATS {'score': 1.0, 'reward': 0.4930312568564213, 'playtime': 126.24806201550388}
[2016.12.27-10.05.29:204][712]LogPython: 

[2016.12.27-10.05.33:592][812]LogPython: TIMESTEP 16400, EPSILON 0.3987205199499897, EPISODE_STATS {'loss': 0.0010771548449186104}, MATCH_STATS {'score': 1.0, 'reward': 0.4930312568564213, 'playtime': 126.24806201550388}
[2016.12.27-10.05.33:592][812]LogPython: 

[2016.12.27-10.05.38:016][912]LogPython: TIMESTEP 16500, EPSILON 0.39870052494998953, EPISODE_STATS {'loss': 0.0010760398900203274}, MATCH_STATS {'score': 1.0, 'reward': 0.4930312568564213, 'playtime': 126.24806201550388}
[2016.12.27-10.05.38:016][912]LogPython: 

[2016.12.27-10.05.42:426][ 12]LogPython: TIMESTEP 16600, EPSILON 0.39868052994998937, EPISODE_STATS {'loss': 0.0010753138622582592}, MATCH_STATS {'score': 1.0, 'reward': 0.4930312568564213, 'playtime': 126.24806201550388}
[2016.12.27-10.05.42:426][ 12]LogPython: 

[2016.12.27-10.05.46:800][112]LogPython: TIMESTEP 16700, EPSILON 0.3986605349499892, EPISODE_STATS {'loss': 0.0010730844547559078}, MATCH_STATS {'score': 1.0, 'reward': 0.4895014220102658, 'playtime': 127.86923076923077}
[2016.12.27-10.05.46:800][112]LogPython: 

[2016.12.27-10.05.51:208][212]LogPython: TIMESTEP 16800, EPSILON 0.39864053994998905, EPISODE_STATS {'loss': 0.0010714211599951796}, MATCH_STATS {'score': 1.0, 'reward': 0.4895014220102658, 'playtime': 127.86923076923077}
[2016.12.27-10.05.51:208][212]LogPython: 

[2016.12.27-10.05.55:595][312]LogPython: TIMESTEP 16900, EPSILON 0.3986205449499889, EPISODE_STATS {'loss': 0.0010687035514714185}, MATCH_STATS {'score': 1.0, 'reward': 0.4895014220102658, 'playtime': 127.86923076923077}
[2016.12.27-10.05.55:595][312]LogPython: 

[2016.12.27-10.06.00:008][412]LogPython: TIMESTEP 17000, EPSILON 0.3986005499499887, EPISODE_STATS {'loss': 0.0010657953461663237}, MATCH_STATS {'score': 1.0, 'reward': 0.4895014220102658, 'playtime': 127.86923076923077}
[2016.12.27-10.06.00:008][412]LogPython: 

[2016.12.27-10.06.04:408][512]LogPython: TIMESTEP 17100, EPSILON 0.39858055494998856, EPISODE_STATS {'loss': 0.001063532937216709}, MATCH_STATS {'score': 1.0, 'reward': 0.4882844434814927, 'playtime': 129.1969696969697}
[2016.12.27-10.06.04:408][512]LogPython: 

[2016.12.27-10.06.08:823][612]LogPython: TIMESTEP 17200, EPSILON 0.3985605599499884, EPISODE_STATS {'loss': 0.001062299556857365}, MATCH_STATS {'score': 1.0, 'reward': 0.49005152638562344, 'playtime': 128.17910447761193}
[2016.12.27-10.06.08:823][612]LogPython: 

[2016.12.27-10.06.13:222][712]LogPython: TIMESTEP 17300, EPSILON 0.39854056494998824, EPISODE_STATS {'loss': 0.001061425438452815}, MATCH_STATS {'score': 1.0, 'reward': 0.49005152638562344, 'playtime': 128.17910447761193}
[2016.12.27-10.06.13:223][712]LogPython: 

[2016.12.27-10.06.17:630][812]LogPython: TIMESTEP 17400, EPSILON 0.3985205699499881, EPISODE_STATS {'loss': 0.0010610118985297174}, MATCH_STATS {'score': 1.0, 'reward': 0.49005152638562344, 'playtime': 128.17910447761193}
[2016.12.27-10.06.17:631][812]LogPython: 

[2016.12.27-10.06.22:071][912]LogPython: TIMESTEP 17500, EPSILON 0.3985005749499879, EPISODE_STATS {'loss': 0.0010597890590309537}, MATCH_STATS {'score': 1.0, 'reward': 0.48888178048233494, 'playtime': 128.5}
[2016.12.27-10.06.22:071][912]LogPython: 

[2016.12.27-10.06.26:490][ 12]LogPython: TIMESTEP 17600, EPSILON 0.39848057994998776, EPISODE_STATS {'loss': 0.0010573457244733759}, MATCH_STATS {'score': 1.0, 'reward': 0.48888178048233494, 'playtime': 128.5}
[2016.12.27-10.06.26:491][ 12]LogPython: 

[2016.12.27-10.06.30:895][112]LogPython: TIMESTEP 17700, EPSILON 0.3984605849499876, EPISODE_STATS {'loss': 0.00105571372850834}, MATCH_STATS {'score': 1.0, 'reward': 0.48979882191084084, 'playtime': 127.97101449275362}
[2016.12.27-10.06.30:895][112]LogPython: 

[2016.12.27-10.06.35:278][212]LogPython: TIMESTEP 17800, EPSILON 0.39844058994998743, EPISODE_STATS {'loss': 0.001054684227569483}, MATCH_STATS {'score': 1.0, 'reward': 0.4935971059896409, 'playtime': 126.57142857142857}
[2016.12.27-10.06.35:278][212]LogPython: 

[2016.12.27-10.06.39:645][312]LogPython: TIMESTEP 17900, EPSILON 0.3984205949499873, EPISODE_STATS {'loss': 0.001053493153923299}, MATCH_STATS {'score': 1.0, 'reward': 0.4935971059896409, 'playtime': 126.57142857142857}
[2016.12.27-10.06.39:645][312]LogPython: 

[2016.12.27-10.06.43:878][408]LogTemp:Warning: Screenshot bitmap had the wrong number of elements: 0
[2016.12.27-10.06.43:911][409]LogWindows: Windows GetLastError: The operation completed successfully. (0)
[2016.12.27-10.06.44:072][409]LogCrashTracker: 


[2016.12.27-10.06.44:080][409]LogWindows: Windows GetLastError: The operation completed successfully. (0)
[2016.12.27-10.06.44:329][409]LogCrashTracker: 


[2016.12.27-10.06.44:329][409]LogWindows:Error: === Critical error: ===
[2016.12.27-10.06.44:329][409]LogWindows:Error: 
[2016.12.27-10.06.44:329][409]LogWindows:Error: Fatal error: [File:D:\Build\++UE4+Release-4.14+Compile\Sync\Engine\Source\Runtime\RenderCore\Private\RenderingThread.cpp] [Line: 791] 
[2016.12.27-10.06.44:329][409]LogWindows:Error: Rendering thread exception:
[2016.12.27-10.06.44:329][409]LogWindows:Error: Assertion failed: StartIndex >= 0 && StartIndex <= Array.Num() [File:D:\Build\++UE4+Release-4.14+Compile\Sync\Engine\Source\Runtime\Core\Public\Containers\BitArray.h] [Line: 777] 
[2016.12.27-10.06.44:329][409]LogWindows:Error: 
[2016.12.27-10.06.44:329][409]LogWindows:Error: 
[2016.12.27-10.06.44:329][409]LogWindows:Error: 
[2016.12.27-10.06.44:329][409]LogWindows:Error: KERNELBASE.dll
[2016.12.27-10.06.44:329][409]LogWindows:Error: UE4Editor-Core.dll
[2016.12.27-10.06.44:329][409]LogWindows:Error: UE4Editor-Core.dll
[2016.12.27-10.06.44:329][409]LogWindows:Error: UE4Editor-Core.dll
[2016.12.27-10.06.44:329][409]LogWindows:Error: UE4Editor-SlateCore.dll
[2016.12.27-10.06.44:329][409]LogWindows:Error: UE4Editor-SlateCore.dll
[2016.12.27-10.06.44:329][409]LogWindows:Error: UE4Editor-SlateRHIRenderer.dll
[2016.12.27-10.06.44:329][409]LogWindows:Error: UE4Editor-SlateRHIRenderer.dll
[2016.12.27-10.06.44:329][409]LogWindows:Error: UE4Editor-SlateRHIRenderer.dll
[2016.12.27-10.06.44:329][409]LogWindows:Error: UE4Editor-Core.dll
[2016.12.27-10.06.44:329][409]LogWindows:Error: UE4Editor-Core.dll
[2016.12.27-10.06.44:329][409]LogWindows:Error: UE4Editor-RenderCore.dll
[2016.12.27-10.06.44:329][409]LogWindows:Error: UE4Editor-RenderCore.dll
[2016.12.27-10.06.44:329][409]LogWindows:Error: UE4Editor-Core.dll
[2016.12.27-10.06.44:329][409]LogWindows:Error: UE4Editor-Core.dll
[2016.12.27-10.06.44:329][409]LogWindows:Error: KERNEL32.DLL
[2016.12.27-10.06.44:329][409]LogWindows:Error: ntdll.dll
[2016.12.27-10.06.44:329][409]LogWindows:Error: ntdll.dll
[2016.12.27-10.06.44:329][409]LogWindows:Error: 
[2016.12.27-10.06.44:329][409]LogWindows:Error: 
[2016.12.27-10.06.44:329][409]LogWindows:Error: 
[2016.12.27-10.06.44:329][409]LogWindows:Error: 
[2016.12.27-10.06.44:356][409]LogExit: Executing StaticShutdownAfterError
[2016.12.27-10.06.44:359][409]LogWindows: FPlatformMisc::RequestExit(1)
[2016.12.27-10.06.44:359][409]Log file closed, 12/27/16 13:06:44
